0 info it worked if it ends with ok
1 verbose cli [ 'C:\\Program Files\\nodejs\\node.exe',
1 verbose cli   'C:\\Program Files\\nodejs\\node_modules\\npm\\bin\\npm-cli.js',
1 verbose cli   'run',
1 verbose cli   'protractor' ]
2 info using npm@3.8.6
3 info using node@v6.0.0
4 verbose run-script [ 'preprotractor', 'protractor', 'postprotractor' ]
5 info lifecycle wp-angular-starter@1.0.0~preprotractor: wp-angular-starter@1.0.0
6 verbose lifecycle wp-angular-starter@1.0.0~preprotractor: unsafe-perm in lifecycle true
7 verbose lifecycle wp-angular-starter@1.0.0~preprotractor: PATH: C:\Program Files\nodejs\node_modules\npm\bin\node-gyp-bin;C:\Users\SimonaS\Documents\GitHub\najdicimer-protractor\wp-angular-starter\node_modules\.bin;C:\Program Files\nodejs;C:\ProgramData\Oracle\Java\javapath;C:\Program Files (x86)\Intel\iCLS Client\;C:\Program Files\Intel\iCLS Client\;C:\Windows\system32;C:\Windows;C:\Windows\System32\Wbem;C:\Windows\System32\WindowsPowerShell\v1.0\;C:\Program Files\Intel\Intel(R) Management Engine Components\DAL;C:\Program Files (x86)\Intel\Intel(R) Management Engine Components\DAL;C:\Program Files\Intel\Intel(R) Management Engine Components\IPT;C:\Program Files (x86)\Intel\Intel(R) Management Engine Components\IPT;C:\Program Files (x86)\NVIDIA Corporation\PhysX\Common;C:\Program Files\Intel\WiFi\bin\;C:\Program Files\Common Files\Intel\WirelessCommon\;C:\WINDOWS\system32;C:\WINDOWS;C:\WINDOWS\System32\Wbem;C:\WINDOWS\System32\WindowsPowerShell\v1.0\;C:\WINDOWS\system32\config\systemprofile\.dnx\bin;C:\Program Files\Microsoft DNX\Dnvm\;C:\Program Files\Microsoft SQL Server\130\Tools\Binn\;C:\Program Files (x86)\MySQL\MySQL Fabric 1.5 & MySQL Utilities 1.5\;C:\Program Files (x86)\MySQL\MySQL Fabric 1.5 & MySQL Utilities 1.5\Doctrine extensions for PHP\;C:\Program Files\Git\cmd;C:\Program Files\nodejs\;c:\Program Files (x86)\Microsoft SQL Server\110\Tools\Binn\;c:\Program Files\Microsoft SQL Server\110\Tools\Binn\;c:\Program Files\Microsoft SQL Server\110\DTS\Binn\;c:\Program Files (x86)\Microsoft SQL Server\110\Tools\Binn\ManagementStudio\;c:\Program Files (x86)\Microsoft SQL Server\110\DTS\Binn\;C:\Program Files (x86)\Skype\Phone\;C:\Program Files\Intel\WiFi\bin\;C:\Program Files\Common Files\Intel\WirelessCommon\;C:\Users\SimonaS\AppData\Roaming\npm;%USERPROFILE%\AppData\Local\Microsoft\WindowsApps;
8 verbose lifecycle wp-angular-starter@1.0.0~preprotractor: CWD: C:\Users\SimonaS\Documents\GitHub\najdicimer-protractor\wp-angular-starter
9 silly lifecycle wp-angular-starter@1.0.0~preprotractor: Args: [ '/d /s /c', 'npm run update-webdriver' ]
10 silly lifecycle wp-angular-starter@1.0.0~preprotractor: Returned: code: 0  signal: null
11 info lifecycle wp-angular-starter@1.0.0~protractor: wp-angular-starter@1.0.0
12 verbose lifecycle wp-angular-starter@1.0.0~protractor: unsafe-perm in lifecycle true
13 verbose lifecycle wp-angular-starter@1.0.0~protractor: PATH: C:\Program Files\nodejs\node_modules\npm\bin\node-gyp-bin;C:\Users\SimonaS\Documents\GitHub\najdicimer-protractor\wp-angular-starter\node_modules\.bin;C:\Program Files\nodejs;C:\ProgramData\Oracle\Java\javapath;C:\Program Files (x86)\Intel\iCLS Client\;C:\Program Files\Intel\iCLS Client\;C:\Windows\system32;C:\Windows;C:\Windows\System32\Wbem;C:\Windows\System32\WindowsPowerShell\v1.0\;C:\Program Files\Intel\Intel(R) Management Engine Components\DAL;C:\Program Files (x86)\Intel\Intel(R) Management Engine Components\DAL;C:\Program Files\Intel\Intel(R) Management Engine Components\IPT;C:\Program Files (x86)\Intel\Intel(R) Management Engine Components\IPT;C:\Program Files (x86)\NVIDIA Corporation\PhysX\Common;C:\Program Files\Intel\WiFi\bin\;C:\Program Files\Common Files\Intel\WirelessCommon\;C:\WINDOWS\system32;C:\WINDOWS;C:\WINDOWS\System32\Wbem;C:\WINDOWS\System32\WindowsPowerShell\v1.0\;C:\WINDOWS\system32\config\systemprofile\.dnx\bin;C:\Program Files\Microsoft DNX\Dnvm\;C:\Program Files\Microsoft SQL Server\130\Tools\Binn\;C:\Program Files (x86)\MySQL\MySQL Fabric 1.5 & MySQL Utilities 1.5\;C:\Program Files (x86)\MySQL\MySQL Fabric 1.5 & MySQL Utilities 1.5\Doctrine extensions for PHP\;C:\Program Files\Git\cmd;C:\Program Files\nodejs\;c:\Program Files (x86)\Microsoft SQL Server\110\Tools\Binn\;c:\Program Files\Microsoft SQL Server\110\Tools\Binn\;c:\Program Files\Microsoft SQL Server\110\DTS\Binn\;c:\Program Files (x86)\Microsoft SQL Server\110\Tools\Binn\ManagementStudio\;c:\Program Files (x86)\Microsoft SQL Server\110\DTS\Binn\;C:\Program Files (x86)\Skype\Phone\;C:\Program Files\Intel\WiFi\bin\;C:\Program Files\Common Files\Intel\WirelessCommon\;C:\Users\SimonaS\AppData\Roaming\npm;%USERPROFILE%\AppData\Local\Microsoft\WindowsApps;
14 verbose lifecycle wp-angular-starter@1.0.0~protractor: CWD: C:\Users\SimonaS\Documents\GitHub\najdicimer-protractor\wp-angular-starter
15 silly lifecycle wp-angular-starter@1.0.0~protractor: Args: [ '/d /s /c', 'protractor test/e2e/protractor.conf.js' ]
16 silly lifecycle wp-angular-starter@1.0.0~protractor: Returned: code: 1  signal: null
17 info lifecycle wp-angular-starter@1.0.0~protractor: Failed to exec protractor script
18 verbose stack Error: wp-angular-starter@1.0.0 protractor: `protractor test/e2e/protractor.conf.js`
18 verbose stack Exit status 1
18 verbose stack     at EventEmitter.<anonymous> (C:\Program Files\nodejs\node_modules\npm\lib\utils\lifecycle.js:239:16)
18 verbose stack     at emitTwo (events.js:106:13)
18 verbose stack     at EventEmitter.emit (events.js:191:7)
18 verbose stack     at ChildProcess.<anonymous> (C:\Program Files\nodejs\node_modules\npm\lib\utils\spawn.js:24:14)
18 verbose stack     at emitTwo (events.js:106:13)
18 verbose stack     at ChildProcess.emit (events.js:191:7)
18 verbose stack     at maybeClose (internal/child_process.js:850:16)
18 verbose stack     at Process.ChildProcess._handle.onexit (internal/child_process.js:215:5)
19 verbose pkgid wp-angular-starter@1.0.0
20 verbose cwd C:\Users\SimonaS\Documents\GitHub\najdicimer-protractor\wp-angular-starter
21 error Windows_NT 10.0.14393
22 error argv "C:\\Program Files\\nodejs\\node.exe" "C:\\Program Files\\nodejs\\node_modules\\npm\\bin\\npm-cli.js" "run" "protractor"
23 error node v6.0.0
24 error npm  v3.8.6
25 error code ELIFECYCLE
26 error wp-angular-starter@1.0.0 protractor: `protractor test/e2e/protractor.conf.js`
26 error Exit status 1
27 error Failed at the wp-angular-starter@1.0.0 protractor script 'protractor test/e2e/protractor.conf.js'.
27 error Make sure you have the latest version of node.js and npm installed.
27 error If you do, this is most likely a problem with the wp-angular-starter package,
27 error not with npm itself.
27 error Tell the author that this fails on your system:
27 error     protractor test/e2e/protractor.conf.js
27 error You can get information on how to open an issue for this project with:
27 error     npm bugs wp-angular-starter
27 error Or if that isn't available, you can get their info via:
27 error     npm owner ls wp-angular-starter
27 error There is likely additional logging output above.
28 verbose exit [ 1, true ]
