2016-08-26 12:46:41,631 INFO [localhost-startStop-1] o.s.w.c.ContextLoader [ContextLoader.java:285] Root WebApplicationContext: initialization started
2016-08-26 12:46:41,784 INFO [localhost-startStop-1] o.s.w.c.s.XmlWebApplicationContext [AbstractApplicationContext.java:510] Refreshing Root WebApplicationContext: startup date [Fri Aug 26 12:46:41 CEST 2016]; root of context hierarchy
2016-08-26 12:46:41,877 INFO [localhost-startStop-1] o.s.b.f.x.XmlBeanDefinitionReader [XmlBeanDefinitionReader.java:317] Loading XML bean definitions from class path resource [spring/business-config.xml]
2016-08-26 12:46:42,314 INFO [localhost-startStop-1] o.s.b.f.x.XmlBeanDefinitionReader [XmlBeanDefinitionReader.java:317] Loading XML bean definitions from class path resource [spring/persistence-config.xml]
2016-08-26 12:46:42,778 INFO [localhost-startStop-1] o.s.c.s.PropertySourcesPlaceholderConfigurer [PropertiesLoaderSupport.java:172] Loading properties file from class path resource [spring/data-access.properties]
2016-08-26 12:46:43,048 INFO [localhost-startStop-1] o.s.o.j.LocalContainerEntityManagerFactoryBean [LocalContainerEntityManagerFactoryBean.java:339] Building JPA container EntityManagerFactory for persistence unit 'wp'
2016-08-26 12:46:43,092 INFO [localhost-startStop-1] o.h.j.i.u.LogHelper [LogHelper.java:46] HHH000204: Processing PersistenceUnitInfo [
	name: wp
	...]
2016-08-26 12:46:43,303 INFO [localhost-startStop-1] o.h.Version [Version.java:54] HHH000412: Hibernate Core {4.3.10.Final}
2016-08-26 12:46:43,306 INFO [localhost-startStop-1] o.h.c.Environment [Environment.java:239] HHH000206: hibernate.properties not found
2016-08-26 12:46:43,309 INFO [localhost-startStop-1] o.h.c.Environment [Environment.java:346] HHH000021: Bytecode provider name : javassist
2016-08-26 12:46:43,633 INFO [localhost-startStop-1] o.h.a.c.Version [JavaReflectionManager.java:66] HCANN000001: Hibernate Commons Annotations {4.0.5.Final}
2016-08-26 12:46:44,404 INFO [localhost-startStop-1] o.h.d.Dialect [Dialect.java:145] HHH000400: Using dialect: org.hibernate.dialect.MySQLDialect
2016-08-26 12:46:44,765 INFO [localhost-startStop-1] o.h.h.i.a.ASTQueryTranslatorFactory [ASTQueryTranslatorFactory.java:47] HHH000397: Using ASTQueryTranslatorFactory
2016-08-26 12:46:44,860 INFO [localhost-startStop-1] o.h.v.i.u.Version [Version.java:27] HV000001: Hibernate Validator 5.1.3.Final
2016-08-26 12:46:45,602 INFO [localhost-startStop-1] o.h.t.h.SchemaUpdate [SchemaUpdate.java:207] HHH000228: Running hbm2ddl schema update
2016-08-26 12:46:45,602 INFO [localhost-startStop-1] o.h.t.h.SchemaUpdate [SchemaUpdate.java:218] HHH000102: Fetching database metadata
2016-08-26 12:46:45,604 INFO [localhost-startStop-1] o.h.t.h.SchemaUpdate [SchemaUpdate.java:230] HHH000396: Updating schema
2016-08-26 12:46:45,646 INFO [localhost-startStop-1] o.h.t.h.TableMetadata [TableMetadata.java:65] HHH000261: Table found: wp_project.listing_image_urls
2016-08-26 12:46:45,646 INFO [localhost-startStop-1] o.h.t.h.TableMetadata [TableMetadata.java:66] HHH000037: Columns: [image_url, id]
2016-08-26 12:46:45,646 INFO [localhost-startStop-1] o.h.t.h.TableMetadata [TableMetadata.java:68] HHH000108: Foreign keys: [fk_63fej08dgmt8vrqlra370e656]
2016-08-26 12:46:45,647 INFO [localhost-startStop-1] o.h.t.h.TableMetadata [TableMetadata.java:69] HHH000126: Indexes: [uk_sm53naah72t24kigc0pfsb87o]
2016-08-26 12:46:45,669 INFO [localhost-startStop-1] o.h.t.h.TableMetadata [TableMetadata.java:65] HHH000261: Table found: wp_project.listing_location
2016-08-26 12:46:45,670 INFO [localhost-startStop-1] o.h.t.h.TableMetadata [TableMetadata.java:66] HHH000037: Columns: [lng, listing_id, name, id, lat]
2016-08-26 12:46:45,671 INFO [localhost-startStop-1] o.h.t.h.TableMetadata [TableMetadata.java:68] HHH000108: Foreign keys: [fk_8wo4wpsoysi97vn0tkbfym89j]
2016-08-26 12:46:45,671 INFO [localhost-startStop-1] o.h.t.h.TableMetadata [TableMetadata.java:69] HHH000126: Indexes: [fk_8wo4wpsoysi97vn0tkbfym89j, primary]
2016-08-26 12:46:45,689 INFO [localhost-startStop-1] o.h.t.h.TableMetadata [TableMetadata.java:65] HHH000261: Table found: wp_project.listings
2016-08-26 12:46:45,689 INFO [localhost-startStop-1] o.h.t.h.TableMetadata [TableMetadata.java:66] HHH000037: Columns: [user_id, id, title, createdon, content, location_id]
2016-08-26 12:46:45,689 INFO [localhost-startStop-1] o.h.t.h.TableMetadata [TableMetadata.java:68] HHH000108: Foreign keys: [fk_qv926x4jhroce71534nmady6a, fk_7ueigy3p0nqgafjwwuikhtyav]
2016-08-26 12:46:45,690 INFO [localhost-startStop-1] o.h.t.h.TableMetadata [TableMetadata.java:69] HHH000126: Indexes: [fk_qv926x4jhroce71534nmady6a, primary, fk_7ueigy3p0nqgafjwwuikhtyav]
2016-08-26 12:46:45,717 INFO [localhost-startStop-1] o.h.t.h.TableMetadata [TableMetadata.java:65] HHH000261: Table found: wp_project.messages
2016-08-26 12:46:45,717 INFO [localhost-startStop-1] o.h.t.h.TableMetadata [TableMetadata.java:66] HHH000037: Columns: [user_to, senton, user_from, id, content, seen]
2016-08-26 12:46:45,717 INFO [localhost-startStop-1] o.h.t.h.TableMetadata [TableMetadata.java:68] HHH000108: Foreign keys: [fk_ad469sdac6e7i74nt4w1bn3ad, fk_16t1rrh93xrwia8nqh69q13j3]
2016-08-26 12:46:45,718 INFO [localhost-startStop-1] o.h.t.h.TableMetadata [TableMetadata.java:69] HHH000126: Indexes: [fk_ad469sdac6e7i74nt4w1bn3ad, fk_16t1rrh93xrwia8nqh69q13j3, primary]
2016-08-26 12:46:45,740 INFO [localhost-startStop-1] o.h.t.h.TableMetadata [TableMetadata.java:65] HHH000261: Table found: wp_project.reports
2016-08-26 12:46:45,740 INFO [localhost-startStop-1] o.h.t.h.TableMetadata [TableMetadata.java:66] HHH000037: Columns: [listing_id, user_id, submittedon, id, content, seen]
2016-08-26 12:46:45,741 INFO [localhost-startStop-1] o.h.t.h.TableMetadata [TableMetadata.java:68] HHH000108: Foreign keys: [fk_sh41oex32tb46wjis5vruthgf, fk_c29wlg7b42duwp3r09r6ajd]
2016-08-26 12:46:45,742 INFO [localhost-startStop-1] o.h.t.h.TableMetadata [TableMetadata.java:69] HHH000126: Indexes: [fk_sh41oex32tb46wjis5vruthgf, fk_c29wlg7b42duwp3r09r6ajd, primary]
2016-08-26 12:46:45,763 INFO [localhost-startStop-1] o.h.t.h.TableMetadata [TableMetadata.java:65] HHH000261: Table found: wp_project.users
2016-08-26 12:46:45,763 INFO [localhost-startStop-1] o.h.t.h.TableMetadata [TableMetadata.java:66] HHH000037: Columns: [password, birthdate, isadmin, surname, imageurl, name, uploadpath, id, email, username]
2016-08-26 12:46:45,764 INFO [localhost-startStop-1] o.h.t.h.TableMetadata [TableMetadata.java:68] HHH000108: Foreign keys: []
2016-08-26 12:46:45,764 INFO [localhost-startStop-1] o.h.t.h.TableMetadata [TableMetadata.java:69] HHH000126: Indexes: [uk_r43af9ap4edm43mmtq01oddj6, primary]
2016-08-26 12:46:45,765 INFO [localhost-startStop-1] o.h.t.h.SchemaUpdate [SchemaUpdate.java:267] HHH000232: Schema update complete
2016-08-26 12:46:46,228 INFO [localhost-startStop-1] o.s.w.c.ContextLoader [ContextLoader.java:325] Root WebApplicationContext: initialization completed in 4592 ms
2016-08-26 12:46:46,259 INFO [localhost-startStop-1] o.s.w.s.DispatcherServlet [FrameworkServlet.java:485] FrameworkServlet 'dispatcherServlet': initialization started
2016-08-26 12:46:46,263 INFO [localhost-startStop-1] o.s.w.c.s.XmlWebApplicationContext [AbstractApplicationContext.java:510] Refreshing WebApplicationContext for namespace 'dispatcherServlet-servlet': startup date [Fri Aug 26 12:46:46 CEST 2016]; parent: Root WebApplicationContext
2016-08-26 12:46:46,264 INFO [localhost-startStop-1] o.s.b.f.x.XmlBeanDefinitionReader [XmlBeanDefinitionReader.java:317] Loading XML bean definitions from class path resource [spring/mvc-core-config.xml]
2016-08-26 12:46:46,325 INFO [localhost-startStop-1] o.s.b.f.x.XmlBeanDefinitionReader [XmlBeanDefinitionReader.java:317] Loading XML bean definitions from class path resource [spring/mvc-view-config.xml]
2016-08-26 12:46:46,789 INFO [localhost-startStop-1] o.s.w.s.m.m.a.RequestMappingHandlerMapping [AbstractHandlerMethodMapping.java:217] Mapped "{[/],methods=[GET]}" onto public org.springframework.web.servlet.ModelAndView mk.ukim.finki.wp.web.HomeController.index(javax.servlet.http.HttpServletRequest)
2016-08-26 12:46:46,790 INFO [localhost-startStop-1] o.s.w.s.m.m.a.RequestMappingHandlerMapping [AbstractHandlerMethodMapping.java:217] Mapped "{[/],methods=[POST]}" onto public org.springframework.web.servlet.ModelAndView mk.ukim.finki.wp.web.HomeController.afterSubmit(java.lang.String,java.lang.String,java.lang.String,java.lang.String,java.lang.String,java.lang.String,org.springframework.web.multipart.MultipartFile)
2016-08-26 12:46:46,791 INFO [localhost-startStop-1] o.s.w.s.m.m.a.RequestMappingHandlerMapping [AbstractHandlerMethodMapping.java:217] Mapped "{[/listing],methods=[GET]}" onto public org.springframework.web.servlet.ModelAndView mk.ukim.finki.wp.web.HomeController.indexListing()
2016-08-26 12:46:46,791 INFO [localhost-startStop-1] o.s.w.s.m.m.a.RequestMappingHandlerMapping [AbstractHandlerMethodMapping.java:217] Mapped "{[/login],methods=[GET]}" onto public org.springframework.web.servlet.ModelAndView mk.ukim.finki.wp.web.HomeController.login()
2016-08-26 12:46:46,792 INFO [localhost-startStop-1] o.s.w.s.m.m.a.RequestMappingHandlerMapping [AbstractHandlerMethodMapping.java:217] Mapped "{[/listing],methods=[POST]}" onto public org.springframework.web.servlet.ModelAndView mk.ukim.finki.wp.web.HomeController.createListing(java.lang.String,java.lang.String,java.util.ArrayList<org.springframework.web.multipart.MultipartFile>,java.lang.String,java.lang.String,java.lang.String)
2016-08-26 12:46:46,798 INFO [localhost-startStop-1] o.s.w.s.m.m.a.RequestMappingHandlerMapping [AbstractHandlerMethodMapping.java:217] Mapped "{[/api/listing/search/nearby/{currentLat}/{currentLng}/{maxDistance}],methods=[GET],produces=[application/json]}" onto public java.util.List<mk.ukim.finki.wp.model.Listing> mk.ukim.finki.wp.web.ListingResource.search(java.lang.String,java.lang.String,java.lang.String)
2016-08-26 12:46:46,799 INFO [localhost-startStop-1] o.s.w.s.m.m.a.RequestMappingHandlerMapping [AbstractHandlerMethodMapping.java:217] Mapped "{[/api/listing/search/{keyword}],methods=[GET],produces=[application/json]}" onto public java.util.List<mk.ukim.finki.wp.model.Listing> mk.ukim.finki.wp.web.ListingResource.search(java.lang.String)
2016-08-26 12:46:46,799 INFO [localhost-startStop-1] o.s.w.s.m.m.a.RequestMappingHandlerMapping [AbstractHandlerMethodMapping.java:217] Mapped "{[/api/listing/user/{id}],methods=[GET],produces=[application/json]}" onto public java.util.List<mk.ukim.finki.wp.model.Listing> mk.ukim.finki.wp.web.ListingResource.getAllListingsByUser(java.lang.Long)
2016-08-26 12:46:46,800 INFO [localhost-startStop-1] o.s.w.s.m.m.a.RequestMappingHandlerMapping [AbstractHandlerMethodMapping.java:217] Mapped "{[/api/listing/report/unread],methods=[GET],produces=[application/json]}" onto public java.util.List<mk.ukim.finki.wp.model.Report> mk.ukim.finki.wp.web.ListingResource.getAllUnreadReports()
2016-08-26 12:46:46,800 INFO [localhost-startStop-1] o.s.w.s.m.m.a.RequestMappingHandlerMapping [AbstractHandlerMethodMapping.java:217] Mapped "{[/api/listing/{id}],methods=[GET],produces=[application/json]}" onto public mk.ukim.finki.wp.model.Listing mk.ukim.finki.wp.web.ListingResource.getListing(java.lang.Long)
2016-08-26 12:46:46,801 INFO [localhost-startStop-1] o.s.w.s.m.m.a.RequestMappingHandlerMapping [AbstractHandlerMethodMapping.java:217] Mapped "{[/api/listing],methods=[GET],produces=[application/json]}" onto public java.util.List<mk.ukim.finki.wp.model.Listing> mk.ukim.finki.wp.web.ListingResource.getAllListings()
2016-08-26 12:46:46,801 INFO [localhost-startStop-1] o.s.w.s.m.m.a.RequestMappingHandlerMapping [AbstractHandlerMethodMapping.java:217] Mapped "{[/api/listing/{id}],methods=[DELETE],produces=[application/json]}" onto public void mk.ukim.finki.wp.web.ListingResource.deleteListing(java.lang.Long)
2016-08-26 12:46:46,801 INFO [localhost-startStop-1] o.s.w.s.m.m.a.RequestMappingHandlerMapping [AbstractHandlerMethodMapping.java:217] Mapped "{[/api/listing/report/{id}],methods=[GET],produces=[application/json]}" onto public mk.ukim.finki.wp.model.Report mk.ukim.finki.wp.web.ListingResource.getReport(java.lang.Long)
2016-08-26 12:46:46,802 INFO [localhost-startStop-1] o.s.w.s.m.m.a.RequestMappingHandlerMapping [AbstractHandlerMethodMapping.java:217] Mapped "{[/api/listing/graph],methods=[GET],produces=[application/json]}" onto public java.util.List<java.lang.Integer> mk.ukim.finki.wp.web.ListingResource.graphData()
2016-08-26 12:46:46,802 INFO [localhost-startStop-1] o.s.w.s.m.m.a.RequestMappingHandlerMapping [AbstractHandlerMethodMapping.java:217] Mapped "{[/api/listing/isOwner/{id}],methods=[GET],produces=[application/json]}" onto public boolean mk.ukim.finki.wp.web.ListingResource.isOwner(java.lang.Long,javax.servlet.http.HttpSession)
2016-08-26 12:46:46,803 INFO [localhost-startStop-1] o.s.w.s.m.m.a.RequestMappingHandlerMapping [AbstractHandlerMethodMapping.java:217] Mapped "{[/api/listing/edit],methods=[POST],produces=[application/json]}" onto public void mk.ukim.finki.wp.web.ListingResource.editListing(java.lang.Long,java.lang.String,java.lang.String,javax.servlet.http.HttpSession)
2016-08-26 12:46:46,803 INFO [localhost-startStop-1] o.s.w.s.m.m.a.RequestMappingHandlerMapping [AbstractHandlerMethodMapping.java:217] Mapped "{[/api/listing/report/new],methods=[POST],produces=[application/json]}" onto public void mk.ukim.finki.wp.web.ListingResource.createReport(java.lang.String,java.lang.Long,java.lang.Long)
2016-08-26 12:46:46,804 INFO [localhost-startStop-1] o.s.w.s.m.m.a.RequestMappingHandlerMapping [AbstractHandlerMethodMapping.java:217] Mapped "{[/api/listing/piece/{offset}/{end}],produces=[application/json]}" onto public java.util.List<mk.ukim.finki.wp.model.Listing> mk.ukim.finki.wp.web.ListingResource.getPiece(int,int)
2016-08-26 12:46:46,804 INFO [localhost-startStop-1] o.s.w.s.m.m.a.RequestMappingHandlerMapping [AbstractHandlerMethodMapping.java:217] Mapped "{[/api/listing/report/update/{id}],methods=[POST],produces=[application/json]}" onto public void mk.ukim.finki.wp.web.ListingResource.updateReport(java.lang.Long,java.lang.Boolean)
2016-08-26 12:46:46,805 INFO [localhost-startStop-1] o.s.w.s.m.m.a.RequestMappingHandlerMapping [AbstractHandlerMethodMapping.java:217] Mapped "{[/api/listing/report],methods=[GET],produces=[application/json]}" onto public java.util.List<mk.ukim.finki.wp.model.Report> mk.ukim.finki.wp.web.ListingResource.getAllReports()
2016-08-26 12:46:46,805 INFO [localhost-startStop-1] o.s.w.s.m.m.a.RequestMappingHandlerMapping [AbstractHandlerMethodMapping.java:217] Mapped "{[/api/listing/new],methods=[POST],produces=[application/json]}" onto public mk.ukim.finki.wp.model.Listing mk.ukim.finki.wp.web.ListingResource.createListing(java.lang.String,java.lang.String,java.util.ArrayList<org.springframework.web.multipart.MultipartFile>,java.lang.Long,java.lang.String,java.lang.String,java.lang.String)
2016-08-26 12:46:46,806 INFO [localhost-startStop-1] o.s.w.s.m.m.a.RequestMappingHandlerMapping [AbstractHandlerMethodMapping.java:217] Mapped "{[/api/listing/byDate/{day}/{month}/{year}],methods=[GET],produces=[application/json]}" onto public java.util.List<mk.ukim.finki.wp.model.Listing> mk.ukim.finki.wp.web.ListingResource.filterByDate(java.lang.Integer,java.lang.Integer,java.lang.Integer)
2016-08-26 12:46:46,809 INFO [localhost-startStop-1] o.s.w.s.m.m.a.RequestMappingHandlerMapping [AbstractHandlerMethodMapping.java:217] Mapped "{[/api/user/message/{messageId}],produces=[application/json]}" onto public mk.ukim.finki.wp.model.Message mk.ukim.finki.wp.web.UserResource.getMessage(java.lang.Long)
2016-08-26 12:46:46,810 INFO [localhost-startStop-1] o.s.w.s.m.m.a.RequestMappingHandlerMapping [AbstractHandlerMethodMapping.java:217] Mapped "{[/api/user/remove/{id}],methods=[DELETE],produces=[application/json]}" onto public void mk.ukim.finki.wp.web.UserResource.removeUser(java.lang.Long)
2016-08-26 12:46:46,811 INFO [localhost-startStop-1] o.s.w.s.m.m.a.RequestMappingHandlerMapping [AbstractHandlerMethodMapping.java:217] Mapped "{[/api/user/login],methods=[POST],produces=[application/json]}" onto public mk.ukim.finki.wp.model.User mk.ukim.finki.wp.web.UserResource.loginUser(java.lang.String,java.lang.String,javax.servlet.http.HttpSession)
2016-08-26 12:46:46,811 INFO [localhost-startStop-1] o.s.w.s.m.m.a.RequestMappingHandlerMapping [AbstractHandlerMethodMapping.java:217] Mapped "{[/api/user/signup],methods=[POST],produces=[application/json]}" onto public void mk.ukim.finki.wp.web.UserResource.signUpUser(java.lang.String,java.lang.String,java.lang.String,java.lang.String,java.lang.String,java.lang.String)
2016-08-26 12:46:46,811 INFO [localhost-startStop-1] o.s.w.s.m.m.a.RequestMappingHandlerMapping [AbstractHandlerMethodMapping.java:217] Mapped "{[/api/user/update/{id}],methods=[POST],produces=[application/json]}" onto public void mk.ukim.finki.wp.web.UserResource.updateUser(java.lang.Long,java.lang.String,java.lang.String,java.lang.String,java.lang.String,java.lang.String,java.lang.String)
2016-08-26 12:46:46,812 INFO [localhost-startStop-1] o.s.w.s.m.m.a.RequestMappingHandlerMapping [AbstractHandlerMethodMapping.java:217] Mapped "{[/api/user],methods=[GET],produces=[application/json]}" onto public java.util.List<mk.ukim.finki.wp.model.User> mk.ukim.finki.wp.web.UserResource.getAllUsers()
2016-08-26 12:46:46,812 INFO [localhost-startStop-1] o.s.w.s.m.m.a.RequestMappingHandlerMapping [AbstractHandlerMethodMapping.java:217] Mapped "{[/api/user/message/received/{userId}],methods=[GET],produces=[application/json]}" onto public java.util.List<mk.ukim.finki.wp.model.Message> mk.ukim.finki.wp.web.UserResource.getInbox(java.lang.Long)
2016-08-26 12:46:46,813 INFO [localhost-startStop-1] o.s.w.s.m.m.a.RequestMappingHandlerMapping [AbstractHandlerMethodMapping.java:217] Mapped "{[/api/user/message/new],methods=[POST],produces=[application/json]}" onto public void mk.ukim.finki.wp.web.UserResource.sendMessage(java.lang.String,java.lang.Long,java.lang.Long)
2016-08-26 12:46:46,813 INFO [localhost-startStop-1] o.s.w.s.m.m.a.RequestMappingHandlerMapping [AbstractHandlerMethodMapping.java:217] Mapped "{[/api/user/{id}],methods=[GET],produces=[application/json]}" onto public mk.ukim.finki.wp.model.User mk.ukim.finki.wp.web.UserResource.getUser(java.lang.Long)
2016-08-26 12:46:46,813 INFO [localhost-startStop-1] o.s.w.s.m.m.a.RequestMappingHandlerMapping [AbstractHandlerMethodMapping.java:217] Mapped "{[/api/user/by/{username}],methods=[GET],produces=[application/json]}" onto public mk.ukim.finki.wp.model.User mk.ukim.finki.wp.web.UserResource.getUser(java.lang.String)
2016-08-26 12:46:46,814 INFO [localhost-startStop-1] o.s.w.s.m.m.a.RequestMappingHandlerMapping [AbstractHandlerMethodMapping.java:217] Mapped "{[/api/user/message/sent/{userId}],methods=[GET],produces=[application/json]}" onto public java.util.List<mk.ukim.finki.wp.model.Message> mk.ukim.finki.wp.web.UserResource.getOutbox(java.lang.Long)
2016-08-26 12:46:46,814 INFO [localhost-startStop-1] o.s.w.s.m.m.a.RequestMappingHandlerMapping [AbstractHandlerMethodMapping.java:217] Mapped "{[/api/user/admin],methods=[GET],produces=[application/json]}" onto public java.util.List<mk.ukim.finki.wp.model.User> mk.ukim.finki.wp.web.UserResource.getAllAdmins()
2016-08-26 12:46:46,815 INFO [localhost-startStop-1] o.s.w.s.m.m.a.RequestMappingHandlerMapping [AbstractHandlerMethodMapping.java:217] Mapped "{[/api/user/message/update/{messageId}],methods=[POST],produces=[application/json]}" onto public void mk.ukim.finki.wp.web.UserResource.toggleMessageState(java.lang.Long,java.lang.Boolean)
2016-08-26 12:46:47,313 INFO [localhost-startStop-1] o.s.w.s.m.m.a.RequestMappingHandlerAdapter [RequestMappingHandlerAdapter.java:517] Looking for @ControllerAdvice: WebApplicationContext for namespace 'dispatcherServlet-servlet': startup date [Fri Aug 26 12:46:46 CEST 2016]; parent: Root WebApplicationContext
2016-08-26 12:46:47,375 INFO [localhost-startStop-1] o.s.w.s.m.m.a.RequestMappingHandlerAdapter [RequestMappingHandlerAdapter.java:517] Looking for @ControllerAdvice: WebApplicationContext for namespace 'dispatcherServlet-servlet': startup date [Fri Aug 26 12:46:46 CEST 2016]; parent: Root WebApplicationContext
2016-08-26 12:46:47,487 INFO [localhost-startStop-1] o.s.w.s.h.SimpleUrlHandlerMapping [AbstractUrlHandlerMapping.java:314] Mapped URL path [/resources/**] onto handler 'org.springframework.web.servlet.resource.ResourceHttpRequestHandler#0'
2016-08-26 12:46:47,499 INFO [localhost-startStop-1] o.s.w.s.h.SimpleUrlHandlerMapping [AbstractUrlHandlerMapping.java:301] Root mapping to handler of type [class org.springframework.web.servlet.mvc.ParameterizableViewController]
2016-08-26 12:46:47,508 INFO [localhost-startStop-1] o.s.w.s.h.SimpleUrlHandlerMapping [AbstractUrlHandlerMapping.java:314] Mapped URL path [/**] onto handler 'org.springframework.web.servlet.resource.DefaultServletHttpRequestHandler#0'
2016-08-26 12:46:47,599 INFO [localhost-startStop-1] o.s.w.s.DispatcherServlet [FrameworkServlet.java:504] FrameworkServlet 'dispatcherServlet': initialization completed in 1339 ms
