2016-05-11 16:39:58,824 INFO [localhost-startStop-1] o.s.w.c.ContextLoader [ContextLoader.java:285] Root WebApplicationContext: initialization started
2016-05-11 16:39:59,036 INFO [localhost-startStop-1] o.s.w.c.s.XmlWebApplicationContext [AbstractApplicationContext.java:510] Refreshing Root WebApplicationContext: startup date [Wed May 11 16:39:59 CEST 2016]; root of context hierarchy
2016-05-11 16:39:59,112 INFO [localhost-startStop-1] o.s.b.f.x.XmlBeanDefinitionReader [XmlBeanDefinitionReader.java:317] Loading XML bean definitions from class path resource [spring/business-config.xml]
2016-05-11 16:39:59,779 INFO [localhost-startStop-1] o.s.b.f.x.XmlBeanDefinitionReader [XmlBeanDefinitionReader.java:317] Loading XML bean definitions from class path resource [spring/persistence-config.xml]
2016-05-11 16:40:00,276 INFO [localhost-startStop-1] o.s.c.s.PropertySourcesPlaceholderConfigurer [PropertiesLoaderSupport.java:172] Loading properties file from class path resource [spring/data-access.properties]
2016-05-11 16:40:00,301 INFO [localhost-startStop-1] o.s.b.f.a.AutowiredAnnotationBeanPostProcessor [AutowiredAnnotationBeanPostProcessor.java:153] JSR-330 'javax.inject.Inject' annotation found and supported for autowiring
2016-05-11 16:40:00,647 INFO [localhost-startStop-1] o.s.o.j.LocalContainerEntityManagerFactoryBean [LocalContainerEntityManagerFactoryBean.java:339] Building JPA container EntityManagerFactory for persistence unit 'wp'
2016-05-11 16:40:00,808 INFO [localhost-startStop-1] o.h.j.i.u.LogHelper [LogHelper.java:46] HHH000204: Processing PersistenceUnitInfo [
	name: wp
	...]
2016-05-11 16:40:01,205 INFO [localhost-startStop-1] o.h.Version [Version.java:54] HHH000412: Hibernate Core {4.3.10.Final}
2016-05-11 16:40:01,215 INFO [localhost-startStop-1] o.h.c.Environment [Environment.java:239] HHH000206: hibernate.properties not found
2016-05-11 16:40:01,218 INFO [localhost-startStop-1] o.h.c.Environment [Environment.java:346] HHH000021: Bytecode provider name : javassist
2016-05-11 16:40:01,708 INFO [localhost-startStop-1] o.h.a.c.Version [JavaReflectionManager.java:66] HCANN000001: Hibernate Commons Annotations {4.0.5.Final}
2016-05-11 16:40:03,371 INFO [localhost-startStop-1] o.h.d.Dialect [Dialect.java:145] HHH000400: Using dialect: org.hibernate.dialect.MySQLDialect
2016-05-11 16:40:03,796 INFO [localhost-startStop-1] o.h.h.i.a.ASTQueryTranslatorFactory [ASTQueryTranslatorFactory.java:47] HHH000397: Using ASTQueryTranslatorFactory
2016-05-11 16:40:03,906 INFO [localhost-startStop-1] o.h.v.i.u.Version [Version.java:27] HV000001: Hibernate Validator 5.1.3.Final
2016-05-11 16:40:04,857 INFO [localhost-startStop-1] o.h.t.h.SchemaUpdate [SchemaUpdate.java:207] HHH000228: Running hbm2ddl schema update
2016-05-11 16:40:04,857 INFO [localhost-startStop-1] o.h.t.h.SchemaUpdate [SchemaUpdate.java:218] HHH000102: Fetching database metadata
2016-05-11 16:40:04,860 INFO [localhost-startStop-1] o.h.t.h.SchemaUpdate [SchemaUpdate.java:230] HHH000396: Updating schema
2016-05-11 16:40:05,135 INFO [localhost-startStop-1] o.h.t.h.TableMetadata [TableMetadata.java:65] HHH000261: Table found: wp_project.listing_image_urls
2016-05-11 16:40:05,136 INFO [localhost-startStop-1] o.h.t.h.TableMetadata [TableMetadata.java:66] HHH000037: Columns: [image_url, id]
2016-05-11 16:40:05,136 INFO [localhost-startStop-1] o.h.t.h.TableMetadata [TableMetadata.java:68] HHH000108: Foreign keys: [fk_63fej08dgmt8vrqlra370e656]
2016-05-11 16:40:05,136 INFO [localhost-startStop-1] o.h.t.h.TableMetadata [TableMetadata.java:69] HHH000126: Indexes: [uk_sm53naah72t24kigc0pfsb87o]
2016-05-11 16:40:05,207 INFO [localhost-startStop-1] o.h.t.h.TableMetadata [TableMetadata.java:65] HHH000261: Table found: wp_project.listing_location
2016-05-11 16:40:05,207 INFO [localhost-startStop-1] o.h.t.h.TableMetadata [TableMetadata.java:66] HHH000037: Columns: [lng, listing_id, name, id, lat]
2016-05-11 16:40:05,208 INFO [localhost-startStop-1] o.h.t.h.TableMetadata [TableMetadata.java:68] HHH000108: Foreign keys: [fk_8wo4wpsoysi97vn0tkbfym89j]
2016-05-11 16:40:05,208 INFO [localhost-startStop-1] o.h.t.h.TableMetadata [TableMetadata.java:69] HHH000126: Indexes: [fk_8wo4wpsoysi97vn0tkbfym89j, primary]
2016-05-11 16:40:05,267 INFO [localhost-startStop-1] o.h.t.h.TableMetadata [TableMetadata.java:65] HHH000261: Table found: wp_project.listings
2016-05-11 16:40:05,267 INFO [localhost-startStop-1] o.h.t.h.TableMetadata [TableMetadata.java:66] HHH000037: Columns: [user_id, locations_id, id, title, createdon, content, location_id]
2016-05-11 16:40:05,268 INFO [localhost-startStop-1] o.h.t.h.TableMetadata [TableMetadata.java:68] HHH000108: Foreign keys: [fk_5y1389tokd92p893oo0q0qexm, fk_qv926x4jhroce71534nmady6a, fk_7ueigy3p0nqgafjwwuikhtyav]
2016-05-11 16:40:05,268 INFO [localhost-startStop-1] o.h.t.h.TableMetadata [TableMetadata.java:69] HHH000126: Indexes: [fk_5y1389tokd92p893oo0q0qexm, fk_qv926x4jhroce71534nmady6a, primary, fk_7ueigy3p0nqgafjwwuikhtyav]
2016-05-11 16:40:05,348 INFO [localhost-startStop-1] o.h.t.h.TableMetadata [TableMetadata.java:65] HHH000261: Table found: wp_project.messages
2016-05-11 16:40:05,349 INFO [localhost-startStop-1] o.h.t.h.TableMetadata [TableMetadata.java:66] HHH000037: Columns: [user_to, senton, user_from, id, content, seen]
2016-05-11 16:40:05,350 INFO [localhost-startStop-1] o.h.t.h.TableMetadata [TableMetadata.java:68] HHH000108: Foreign keys: [fk_ad469sdac6e7i74nt4w1bn3ad, fk_16t1rrh93xrwia8nqh69q13j3]
2016-05-11 16:40:05,350 INFO [localhost-startStop-1] o.h.t.h.TableMetadata [TableMetadata.java:69] HHH000126: Indexes: [fk_ad469sdac6e7i74nt4w1bn3ad, fk_16t1rrh93xrwia8nqh69q13j3, primary]
2016-05-11 16:40:05,421 INFO [localhost-startStop-1] o.h.t.h.TableMetadata [TableMetadata.java:65] HHH000261: Table found: wp_project.reports
2016-05-11 16:40:05,422 INFO [localhost-startStop-1] o.h.t.h.TableMetadata [TableMetadata.java:66] HHH000037: Columns: [listing_id, user_id, submittedon, id, content, seen]
2016-05-11 16:40:05,422 INFO [localhost-startStop-1] o.h.t.h.TableMetadata [TableMetadata.java:68] HHH000108: Foreign keys: [fk_sh41oex32tb46wjis5vruthgf, fk_c29wlg7b42duwp3r09r6ajd]
2016-05-11 16:40:05,422 INFO [localhost-startStop-1] o.h.t.h.TableMetadata [TableMetadata.java:69] HHH000126: Indexes: [fk_sh41oex32tb46wjis5vruthgf, fk_c29wlg7b42duwp3r09r6ajd, primary]
2016-05-11 16:40:05,475 INFO [localhost-startStop-1] o.h.t.h.TableMetadata [TableMetadata.java:65] HHH000261: Table found: wp_project.users
2016-05-11 16:40:05,476 INFO [localhost-startStop-1] o.h.t.h.TableMetadata [TableMetadata.java:66] HHH000037: Columns: [password, birthdate, isadmin, surname, imageurl, name, uploadpath, id, email, username]
2016-05-11 16:40:05,477 INFO [localhost-startStop-1] o.h.t.h.TableMetadata [TableMetadata.java:68] HHH000108: Foreign keys: []
2016-05-11 16:40:05,477 INFO [localhost-startStop-1] o.h.t.h.TableMetadata [TableMetadata.java:69] HHH000126: Indexes: [uk_r43af9ap4edm43mmtq01oddj6, primary]
2016-05-11 16:40:05,479 INFO [localhost-startStop-1] o.h.t.h.SchemaUpdate [SchemaUpdate.java:267] HHH000232: Schema update complete
2016-05-11 16:40:06,027 INFO [localhost-startStop-1] o.s.w.c.ContextLoader [ContextLoader.java:325] Root WebApplicationContext: initialization completed in 7198 ms
2016-05-11 16:40:06,066 INFO [localhost-startStop-1] o.s.w.s.DispatcherServlet [FrameworkServlet.java:485] FrameworkServlet 'dispatcherServlet': initialization started
2016-05-11 16:40:06,072 INFO [localhost-startStop-1] o.s.w.c.s.XmlWebApplicationContext [AbstractApplicationContext.java:510] Refreshing WebApplicationContext for namespace 'dispatcherServlet-servlet': startup date [Wed May 11 16:40:06 CEST 2016]; parent: Root WebApplicationContext
2016-05-11 16:40:06,073 INFO [localhost-startStop-1] o.s.b.f.x.XmlBeanDefinitionReader [XmlBeanDefinitionReader.java:317] Loading XML bean definitions from class path resource [spring/mvc-core-config.xml]
2016-05-11 16:40:06,170 INFO [localhost-startStop-1] o.s.b.f.x.XmlBeanDefinitionReader [XmlBeanDefinitionReader.java:317] Loading XML bean definitions from class path resource [spring/mvc-view-config.xml]
2016-05-11 16:40:06,424 INFO [localhost-startStop-1] o.s.b.f.a.AutowiredAnnotationBeanPostProcessor [AutowiredAnnotationBeanPostProcessor.java:153] JSR-330 'javax.inject.Inject' annotation found and supported for autowiring
2016-05-11 16:40:06,887 INFO [localhost-startStop-1] o.s.w.s.m.m.a.RequestMappingHandlerMapping [AbstractHandlerMethodMapping.java:217] Mapped "{[/],methods=[GET]}" onto public org.springframework.web.servlet.ModelAndView mk.ukim.finki.wp.web.HomeController.index(javax.servlet.http.HttpServletRequest)
2016-05-11 16:40:06,888 INFO [localhost-startStop-1] o.s.w.s.m.m.a.RequestMappingHandlerMapping [AbstractHandlerMethodMapping.java:217] Mapped "{[/login],methods=[GET]}" onto public org.springframework.web.servlet.ModelAndView mk.ukim.finki.wp.web.HomeController.login()
2016-05-11 16:40:06,889 INFO [localhost-startStop-1] o.s.w.s.m.m.a.RequestMappingHandlerMapping [AbstractHandlerMethodMapping.java:217] Mapped "{[/listing],methods=[POST]}" onto public org.springframework.web.servlet.ModelAndView mk.ukim.finki.wp.web.HomeController.createListing(java.lang.String,java.lang.String,java.util.ArrayList<org.springframework.web.multipart.MultipartFile>,java.lang.String,java.lang.String,java.lang.String)
2016-05-11 16:40:06,891 INFO [localhost-startStop-1] o.s.w.s.m.m.a.RequestMappingHandlerMapping [AbstractHandlerMethodMapping.java:217] Mapped "{[/listing],methods=[GET]}" onto public org.springframework.web.servlet.ModelAndView mk.ukim.finki.wp.web.HomeController.indexListing()
2016-05-11 16:40:06,891 INFO [localhost-startStop-1] o.s.w.s.m.m.a.RequestMappingHandlerMapping [AbstractHandlerMethodMapping.java:217] Mapped "{[/],methods=[POST]}" onto public org.springframework.web.servlet.ModelAndView mk.ukim.finki.wp.web.HomeController.afterSubmit(java.lang.String,java.lang.String,java.lang.String,java.lang.String,java.lang.String,java.lang.String,org.springframework.web.multipart.MultipartFile)
2016-05-11 16:40:06,901 INFO [localhost-startStop-1] o.s.w.s.m.m.a.RequestMappingHandlerMapping [AbstractHandlerMethodMapping.java:217] Mapped "{[/api/listing/search/{keyword}],methods=[GET],produces=[application/json]}" onto public java.util.List<mk.ukim.finki.wp.model.Listing> mk.ukim.finki.wp.web.ListingResource.search(java.lang.String)
2016-05-11 16:40:06,902 INFO [localhost-startStop-1] o.s.w.s.m.m.a.RequestMappingHandlerMapping [AbstractHandlerMethodMapping.java:217] Mapped "{[/api/listing/search/nearby/{currentLat}/{currentLng}/{maxDistance}],methods=[GET],produces=[application/json]}" onto public java.util.List<mk.ukim.finki.wp.model.Listing> mk.ukim.finki.wp.web.ListingResource.search(java.lang.String,java.lang.String,java.lang.String)
2016-05-11 16:40:06,902 INFO [localhost-startStop-1] o.s.w.s.m.m.a.RequestMappingHandlerMapping [AbstractHandlerMethodMapping.java:217] Mapped "{[/api/listing/{id}],methods=[GET],produces=[application/json]}" onto public mk.ukim.finki.wp.model.Listing mk.ukim.finki.wp.web.ListingResource.getListing(java.lang.Long)
2016-05-11 16:40:06,903 INFO [localhost-startStop-1] o.s.w.s.m.m.a.RequestMappingHandlerMapping [AbstractHandlerMethodMapping.java:217] Mapped "{[/api/listing/report/unread],methods=[GET],produces=[application/json]}" onto public java.util.List<mk.ukim.finki.wp.model.Report> mk.ukim.finki.wp.web.ListingResource.getAllUnreadReports()
2016-05-11 16:40:06,903 INFO [localhost-startStop-1] o.s.w.s.m.m.a.RequestMappingHandlerMapping [AbstractHandlerMethodMapping.java:217] Mapped "{[/api/listing/user/{id}],methods=[GET],produces=[application/json]}" onto public java.util.List<mk.ukim.finki.wp.model.Listing> mk.ukim.finki.wp.web.ListingResource.getAllListingsByUser(java.lang.Long)
2016-05-11 16:40:06,904 INFO [localhost-startStop-1] o.s.w.s.m.m.a.RequestMappingHandlerMapping [AbstractHandlerMethodMapping.java:217] Mapped "{[/api/listing/report/update/{id}],methods=[POST],produces=[application/json]}" onto public void mk.ukim.finki.wp.web.ListingResource.updateReport(java.lang.Long,java.lang.Boolean)
2016-05-11 16:40:06,905 INFO [localhost-startStop-1] o.s.w.s.m.m.a.RequestMappingHandlerMapping [AbstractHandlerMethodMapping.java:217] Mapped "{[/api/listing/new],methods=[POST],produces=[application/json]}" onto public mk.ukim.finki.wp.model.Listing mk.ukim.finki.wp.web.ListingResource.createListing(java.lang.String,java.lang.String,java.util.ArrayList<org.springframework.web.multipart.MultipartFile>,java.lang.Long,java.lang.String,java.lang.String,java.lang.String)
2016-05-11 16:40:06,905 INFO [localhost-startStop-1] o.s.w.s.m.m.a.RequestMappingHandlerMapping [AbstractHandlerMethodMapping.java:217] Mapped "{[/api/listing/report],methods=[GET],produces=[application/json]}" onto public java.util.List<mk.ukim.finki.wp.model.Report> mk.ukim.finki.wp.web.ListingResource.getAllReports()
2016-05-11 16:40:06,906 INFO [localhost-startStop-1] o.s.w.s.m.m.a.RequestMappingHandlerMapping [AbstractHandlerMethodMapping.java:217] Mapped "{[/api/listing/byDate/{day}/{month}/{year}],methods=[GET],produces=[application/json]}" onto public java.util.List<mk.ukim.finki.wp.model.Listing> mk.ukim.finki.wp.web.ListingResource.filterByDate(java.lang.Integer,java.lang.Integer,java.lang.Integer)
2016-05-11 16:40:06,906 INFO [localhost-startStop-1] o.s.w.s.m.m.a.RequestMappingHandlerMapping [AbstractHandlerMethodMapping.java:217] Mapped "{[/api/listing/piece/{offset}/{end}],produces=[application/json]}" onto public java.util.List<mk.ukim.finki.wp.model.Listing> mk.ukim.finki.wp.web.ListingResource.getPiece(int,int)
2016-05-11 16:40:06,907 INFO [localhost-startStop-1] o.s.w.s.m.m.a.RequestMappingHandlerMapping [AbstractHandlerMethodMapping.java:217] Mapped "{[/api/listing/report/{id}],methods=[GET],produces=[application/json]}" onto public mk.ukim.finki.wp.model.Report mk.ukim.finki.wp.web.ListingResource.getReport(java.lang.Long)
2016-05-11 16:40:06,908 INFO [localhost-startStop-1] o.s.w.s.m.m.a.RequestMappingHandlerMapping [AbstractHandlerMethodMapping.java:217] Mapped "{[/api/listing/graph],methods=[GET],produces=[application/json]}" onto public java.util.List<java.lang.Integer> mk.ukim.finki.wp.web.ListingResource.graphData()
2016-05-11 16:40:06,909 INFO [localhost-startStop-1] o.s.w.s.m.m.a.RequestMappingHandlerMapping [AbstractHandlerMethodMapping.java:217] Mapped "{[/api/listing/edit],methods=[POST],produces=[application/json]}" onto public void mk.ukim.finki.wp.web.ListingResource.editListing(java.lang.Long,java.lang.String,java.lang.String,javax.servlet.http.HttpSession)
2016-05-11 16:40:06,910 INFO [localhost-startStop-1] o.s.w.s.m.m.a.RequestMappingHandlerMapping [AbstractHandlerMethodMapping.java:217] Mapped "{[/api/listing/report/new],methods=[POST],produces=[application/json]}" onto public void mk.ukim.finki.wp.web.ListingResource.createReport(java.lang.String,java.lang.Long,java.lang.Long)
2016-05-11 16:40:06,910 INFO [localhost-startStop-1] o.s.w.s.m.m.a.RequestMappingHandlerMapping [AbstractHandlerMethodMapping.java:217] Mapped "{[/api/listing/{id}],methods=[DELETE],produces=[application/json]}" onto public void mk.ukim.finki.wp.web.ListingResource.deleteListing(java.lang.Long)
2016-05-11 16:40:06,911 INFO [localhost-startStop-1] o.s.w.s.m.m.a.RequestMappingHandlerMapping [AbstractHandlerMethodMapping.java:217] Mapped "{[/api/listing/isOwner/{id}],methods=[GET],produces=[application/json]}" onto public boolean mk.ukim.finki.wp.web.ListingResource.isOwner(java.lang.Long,javax.servlet.http.HttpSession)
2016-05-11 16:40:06,911 INFO [localhost-startStop-1] o.s.w.s.m.m.a.RequestMappingHandlerMapping [AbstractHandlerMethodMapping.java:217] Mapped "{[/api/listing],methods=[GET],produces=[application/json]}" onto public java.util.List<mk.ukim.finki.wp.model.Listing> mk.ukim.finki.wp.web.ListingResource.getAllListings()
2016-05-11 16:40:06,916 INFO [localhost-startStop-1] o.s.w.s.m.m.a.RequestMappingHandlerMapping [AbstractHandlerMethodMapping.java:217] Mapped "{[/api/user/message/{messageId}],produces=[application/json]}" onto public mk.ukim.finki.wp.model.Message mk.ukim.finki.wp.web.UserResource.getMessage(java.lang.Long)
2016-05-11 16:40:06,917 INFO [localhost-startStop-1] o.s.w.s.m.m.a.RequestMappingHandlerMapping [AbstractHandlerMethodMapping.java:217] Mapped "{[/api/user/message/update/{messageId}],methods=[POST],produces=[application/json]}" onto public void mk.ukim.finki.wp.web.UserResource.toggleMessageState(java.lang.Long,java.lang.Boolean)
2016-05-11 16:40:06,918 INFO [localhost-startStop-1] o.s.w.s.m.m.a.RequestMappingHandlerMapping [AbstractHandlerMethodMapping.java:217] Mapped "{[/api/user/{id}],methods=[GET],produces=[application/json]}" onto public mk.ukim.finki.wp.model.User mk.ukim.finki.wp.web.UserResource.getUser(java.lang.Long)
2016-05-11 16:40:06,918 INFO [localhost-startStop-1] o.s.w.s.m.m.a.RequestMappingHandlerMapping [AbstractHandlerMethodMapping.java:217] Mapped "{[/api/user/admin],methods=[GET],produces=[application/json]}" onto public java.util.List<mk.ukim.finki.wp.model.User> mk.ukim.finki.wp.web.UserResource.getAllAdmins()
2016-05-11 16:40:06,919 INFO [localhost-startStop-1] o.s.w.s.m.m.a.RequestMappingHandlerMapping [AbstractHandlerMethodMapping.java:217] Mapped "{[/api/user],methods=[GET],produces=[application/json]}" onto public java.util.List<mk.ukim.finki.wp.model.User> mk.ukim.finki.wp.web.UserResource.getAllUsers()
2016-05-11 16:40:06,920 INFO [localhost-startStop-1] o.s.w.s.m.m.a.RequestMappingHandlerMapping [AbstractHandlerMethodMapping.java:217] Mapped "{[/api/user/message/received/{userId}],methods=[GET],produces=[application/json]}" onto public java.util.List<mk.ukim.finki.wp.model.Message> mk.ukim.finki.wp.web.UserResource.getInbox(java.lang.Long)
2016-05-11 16:40:06,920 INFO [localhost-startStop-1] o.s.w.s.m.m.a.RequestMappingHandlerMapping [AbstractHandlerMethodMapping.java:217] Mapped "{[/api/user/message/sent/{userId}],methods=[GET],produces=[application/json]}" onto public java.util.List<mk.ukim.finki.wp.model.Message> mk.ukim.finki.wp.web.UserResource.getOutbox(java.lang.Long)
2016-05-11 16:40:06,921 INFO [localhost-startStop-1] o.s.w.s.m.m.a.RequestMappingHandlerMapping [AbstractHandlerMethodMapping.java:217] Mapped "{[/api/user/message/new],methods=[POST],produces=[application/json]}" onto public void mk.ukim.finki.wp.web.UserResource.sendMessage(java.lang.String,java.lang.Long,java.lang.Long)
2016-05-11 16:40:06,921 INFO [localhost-startStop-1] o.s.w.s.m.m.a.RequestMappingHandlerMapping [AbstractHandlerMethodMapping.java:217] Mapped "{[/api/user/remove/{id}],methods=[DELETE],produces=[application/json]}" onto public void mk.ukim.finki.wp.web.UserResource.removeUser(java.lang.Long)
2016-05-11 16:40:06,922 INFO [localhost-startStop-1] o.s.w.s.m.m.a.RequestMappingHandlerMapping [AbstractHandlerMethodMapping.java:217] Mapped "{[/api/user/login],methods=[POST],produces=[application/json]}" onto public mk.ukim.finki.wp.model.User mk.ukim.finki.wp.web.UserResource.loginUser(java.lang.String,java.lang.String,javax.servlet.http.HttpSession)
2016-05-11 16:40:06,922 INFO [localhost-startStop-1] o.s.w.s.m.m.a.RequestMappingHandlerMapping [AbstractHandlerMethodMapping.java:217] Mapped "{[/api/user/update/{id}],methods=[POST],produces=[application/json]}" onto public void mk.ukim.finki.wp.web.UserResource.updateUser(java.lang.Long,java.lang.String,java.lang.String,java.lang.String,java.lang.String,java.lang.String,java.lang.String)
2016-05-11 16:40:06,923 INFO [localhost-startStop-1] o.s.w.s.m.m.a.RequestMappingHandlerMapping [AbstractHandlerMethodMapping.java:217] Mapped "{[/api/user/signup],methods=[POST],produces=[application/json]}" onto public void mk.ukim.finki.wp.web.UserResource.signUpUser(java.lang.String,java.lang.String,java.lang.String,java.lang.String,java.lang.String,java.lang.String)
2016-05-11 16:40:08,496 INFO [localhost-startStop-1] o.s.w.s.m.m.a.RequestMappingHandlerAdapter [RequestMappingHandlerAdapter.java:517] Looking for @ControllerAdvice: WebApplicationContext for namespace 'dispatcherServlet-servlet': startup date [Wed May 11 16:40:06 CEST 2016]; parent: Root WebApplicationContext
2016-05-11 16:40:08,552 INFO [localhost-startStop-1] o.s.w.s.m.m.a.RequestMappingHandlerAdapter [RequestMappingHandlerAdapter.java:517] Looking for @ControllerAdvice: WebApplicationContext for namespace 'dispatcherServlet-servlet': startup date [Wed May 11 16:40:06 CEST 2016]; parent: Root WebApplicationContext
2016-05-11 16:40:08,692 INFO [localhost-startStop-1] o.s.w.s.h.SimpleUrlHandlerMapping [AbstractUrlHandlerMapping.java:314] Mapped URL path [/resources/**] onto handler 'org.springframework.web.servlet.resource.ResourceHttpRequestHandler#0'
2016-05-11 16:40:08,703 INFO [localhost-startStop-1] o.s.w.s.h.SimpleUrlHandlerMapping [AbstractUrlHandlerMapping.java:301] Root mapping to handler of type [class org.springframework.web.servlet.mvc.ParameterizableViewController]
2016-05-11 16:40:08,715 INFO [localhost-startStop-1] o.s.w.s.h.SimpleUrlHandlerMapping [AbstractUrlHandlerMapping.java:314] Mapped URL path [/**] onto handler 'org.springframework.web.servlet.resource.DefaultServletHttpRequestHandler#0'
2016-05-11 16:40:08,765 INFO [localhost-startStop-1] o.s.w.s.DispatcherServlet [FrameworkServlet.java:504] FrameworkServlet 'dispatcherServlet': initialization completed in 2698 ms
2016-05-11 18:19:09,012 INFO [localhost-startStop-1] o.s.w.c.ContextLoader [ContextLoader.java:285] Root WebApplicationContext: initialization started
2016-05-11 18:19:09,243 INFO [localhost-startStop-1] o.s.w.c.s.XmlWebApplicationContext [AbstractApplicationContext.java:510] Refreshing Root WebApplicationContext: startup date [Wed May 11 18:19:09 CEST 2016]; root of context hierarchy
2016-05-11 18:19:09,294 INFO [localhost-startStop-1] o.s.b.f.x.XmlBeanDefinitionReader [XmlBeanDefinitionReader.java:317] Loading XML bean definitions from class path resource [spring/business-config.xml]
2016-05-11 18:19:09,751 INFO [localhost-startStop-1] o.s.b.f.x.XmlBeanDefinitionReader [XmlBeanDefinitionReader.java:317] Loading XML bean definitions from class path resource [spring/persistence-config.xml]
2016-05-11 18:19:10,156 INFO [localhost-startStop-1] o.s.c.s.PropertySourcesPlaceholderConfigurer [PropertiesLoaderSupport.java:172] Loading properties file from class path resource [spring/data-access.properties]
2016-05-11 18:19:10,179 INFO [localhost-startStop-1] o.s.b.f.a.AutowiredAnnotationBeanPostProcessor [AutowiredAnnotationBeanPostProcessor.java:153] JSR-330 'javax.inject.Inject' annotation found and supported for autowiring
2016-05-11 18:19:10,521 INFO [localhost-startStop-1] o.s.o.j.LocalContainerEntityManagerFactoryBean [LocalContainerEntityManagerFactoryBean.java:339] Building JPA container EntityManagerFactory for persistence unit 'wp'
2016-05-11 18:19:10,622 INFO [localhost-startStop-1] o.h.j.i.u.LogHelper [LogHelper.java:46] HHH000204: Processing PersistenceUnitInfo [
	name: wp
	...]
2016-05-11 18:19:11,035 INFO [localhost-startStop-1] o.h.Version [Version.java:54] HHH000412: Hibernate Core {4.3.10.Final}
2016-05-11 18:19:11,039 INFO [localhost-startStop-1] o.h.c.Environment [Environment.java:239] HHH000206: hibernate.properties not found
2016-05-11 18:19:11,041 INFO [localhost-startStop-1] o.h.c.Environment [Environment.java:346] HHH000021: Bytecode provider name : javassist
2016-05-11 18:19:11,448 INFO [localhost-startStop-1] o.h.a.c.Version [JavaReflectionManager.java:66] HCANN000001: Hibernate Commons Annotations {4.0.5.Final}
2016-05-11 18:19:12,553 INFO [localhost-startStop-1] o.h.d.Dialect [Dialect.java:145] HHH000400: Using dialect: org.hibernate.dialect.MySQLDialect
2016-05-11 18:19:13,162 INFO [localhost-startStop-1] o.h.h.i.a.ASTQueryTranslatorFactory [ASTQueryTranslatorFactory.java:47] HHH000397: Using ASTQueryTranslatorFactory
2016-05-11 18:19:13,315 INFO [localhost-startStop-1] o.h.v.i.u.Version [Version.java:27] HV000001: Hibernate Validator 5.1.3.Final
2016-05-11 18:19:14,733 INFO [localhost-startStop-1] o.h.t.h.SchemaUpdate [SchemaUpdate.java:207] HHH000228: Running hbm2ddl schema update
2016-05-11 18:19:14,734 INFO [localhost-startStop-1] o.h.t.h.SchemaUpdate [SchemaUpdate.java:218] HHH000102: Fetching database metadata
2016-05-11 18:19:14,737 INFO [localhost-startStop-1] o.h.t.h.SchemaUpdate [SchemaUpdate.java:230] HHH000396: Updating schema
2016-05-11 18:19:14,924 INFO [localhost-startStop-1] o.h.t.h.TableMetadata [TableMetadata.java:65] HHH000261: Table found: wp_project.listing_image_urls
2016-05-11 18:19:14,925 INFO [localhost-startStop-1] o.h.t.h.TableMetadata [TableMetadata.java:66] HHH000037: Columns: [image_url, id]
2016-05-11 18:19:14,926 INFO [localhost-startStop-1] o.h.t.h.TableMetadata [TableMetadata.java:68] HHH000108: Foreign keys: [fk_63fej08dgmt8vrqlra370e656]
2016-05-11 18:19:14,926 INFO [localhost-startStop-1] o.h.t.h.TableMetadata [TableMetadata.java:69] HHH000126: Indexes: [uk_sm53naah72t24kigc0pfsb87o]
2016-05-11 18:19:14,984 INFO [localhost-startStop-1] o.h.t.h.TableMetadata [TableMetadata.java:65] HHH000261: Table found: wp_project.listing_location
2016-05-11 18:19:14,987 INFO [localhost-startStop-1] o.h.t.h.TableMetadata [TableMetadata.java:66] HHH000037: Columns: [lng, listing_id, name, id, lat]
2016-05-11 18:19:14,987 INFO [localhost-startStop-1] o.h.t.h.TableMetadata [TableMetadata.java:68] HHH000108: Foreign keys: [fk_8wo4wpsoysi97vn0tkbfym89j]
2016-05-11 18:19:14,988 INFO [localhost-startStop-1] o.h.t.h.TableMetadata [TableMetadata.java:69] HHH000126: Indexes: [fk_8wo4wpsoysi97vn0tkbfym89j, primary]
2016-05-11 18:19:15,078 INFO [localhost-startStop-1] o.h.t.h.TableMetadata [TableMetadata.java:65] HHH000261: Table found: wp_project.listings
2016-05-11 18:19:15,079 INFO [localhost-startStop-1] o.h.t.h.TableMetadata [TableMetadata.java:66] HHH000037: Columns: [user_id, locations_id, id, title, createdon, content, location_id]
2016-05-11 18:19:15,079 INFO [localhost-startStop-1] o.h.t.h.TableMetadata [TableMetadata.java:68] HHH000108: Foreign keys: [fk_5y1389tokd92p893oo0q0qexm, fk_qv926x4jhroce71534nmady6a, fk_7ueigy3p0nqgafjwwuikhtyav]
2016-05-11 18:19:15,080 INFO [localhost-startStop-1] o.h.t.h.TableMetadata [TableMetadata.java:69] HHH000126: Indexes: [fk_5y1389tokd92p893oo0q0qexm, fk_qv926x4jhroce71534nmady6a, primary, fk_7ueigy3p0nqgafjwwuikhtyav]
2016-05-11 18:19:15,154 INFO [localhost-startStop-1] o.h.t.h.TableMetadata [TableMetadata.java:65] HHH000261: Table found: wp_project.messages
2016-05-11 18:19:15,154 INFO [localhost-startStop-1] o.h.t.h.TableMetadata [TableMetadata.java:66] HHH000037: Columns: [user_to, senton, user_from, id, content, seen]
2016-05-11 18:19:15,155 INFO [localhost-startStop-1] o.h.t.h.TableMetadata [TableMetadata.java:68] HHH000108: Foreign keys: [fk_ad469sdac6e7i74nt4w1bn3ad, fk_16t1rrh93xrwia8nqh69q13j3]
2016-05-11 18:19:15,155 INFO [localhost-startStop-1] o.h.t.h.TableMetadata [TableMetadata.java:69] HHH000126: Indexes: [fk_ad469sdac6e7i74nt4w1bn3ad, fk_16t1rrh93xrwia8nqh69q13j3, primary]
2016-05-11 18:19:15,273 INFO [localhost-startStop-1] o.h.t.h.TableMetadata [TableMetadata.java:65] HHH000261: Table found: wp_project.reports
2016-05-11 18:19:15,273 INFO [localhost-startStop-1] o.h.t.h.TableMetadata [TableMetadata.java:66] HHH000037: Columns: [listing_id, user_id, submittedon, id, content, seen]
2016-05-11 18:19:15,274 INFO [localhost-startStop-1] o.h.t.h.TableMetadata [TableMetadata.java:68] HHH000108: Foreign keys: [fk_sh41oex32tb46wjis5vruthgf, fk_c29wlg7b42duwp3r09r6ajd]
2016-05-11 18:19:15,275 INFO [localhost-startStop-1] o.h.t.h.TableMetadata [TableMetadata.java:69] HHH000126: Indexes: [fk_sh41oex32tb46wjis5vruthgf, fk_c29wlg7b42duwp3r09r6ajd, primary]
2016-05-11 18:19:15,329 INFO [localhost-startStop-1] o.h.t.h.TableMetadata [TableMetadata.java:65] HHH000261: Table found: wp_project.users
2016-05-11 18:19:15,330 INFO [localhost-startStop-1] o.h.t.h.TableMetadata [TableMetadata.java:66] HHH000037: Columns: [password, birthdate, isadmin, surname, imageurl, name, uploadpath, id, email, username]
2016-05-11 18:19:15,330 INFO [localhost-startStop-1] o.h.t.h.TableMetadata [TableMetadata.java:68] HHH000108: Foreign keys: []
2016-05-11 18:19:15,330 INFO [localhost-startStop-1] o.h.t.h.TableMetadata [TableMetadata.java:69] HHH000126: Indexes: [uk_r43af9ap4edm43mmtq01oddj6, primary]
2016-05-11 18:19:15,331 INFO [localhost-startStop-1] o.h.t.h.SchemaUpdate [SchemaUpdate.java:267] HHH000232: Schema update complete
2016-05-11 18:19:15,891 INFO [localhost-startStop-1] o.s.w.c.ContextLoader [ContextLoader.java:325] Root WebApplicationContext: initialization completed in 6858 ms
2016-05-11 18:19:15,929 INFO [localhost-startStop-1] o.s.w.s.DispatcherServlet [FrameworkServlet.java:485] FrameworkServlet 'dispatcherServlet': initialization started
2016-05-11 18:19:15,932 INFO [localhost-startStop-1] o.s.w.c.s.XmlWebApplicationContext [AbstractApplicationContext.java:510] Refreshing WebApplicationContext for namespace 'dispatcherServlet-servlet': startup date [Wed May 11 18:19:15 CEST 2016]; parent: Root WebApplicationContext
2016-05-11 18:19:15,933 INFO [localhost-startStop-1] o.s.b.f.x.XmlBeanDefinitionReader [XmlBeanDefinitionReader.java:317] Loading XML bean definitions from class path resource [spring/mvc-core-config.xml]
2016-05-11 18:19:15,995 INFO [localhost-startStop-1] o.s.b.f.x.XmlBeanDefinitionReader [XmlBeanDefinitionReader.java:317] Loading XML bean definitions from class path resource [spring/mvc-view-config.xml]
2016-05-11 18:19:16,296 INFO [localhost-startStop-1] o.s.b.f.a.AutowiredAnnotationBeanPostProcessor [AutowiredAnnotationBeanPostProcessor.java:153] JSR-330 'javax.inject.Inject' annotation found and supported for autowiring
2016-05-11 18:19:16,627 INFO [localhost-startStop-1] o.s.w.s.m.m.a.RequestMappingHandlerMapping [AbstractHandlerMethodMapping.java:217] Mapped "{[/],methods=[GET]}" onto public org.springframework.web.servlet.ModelAndView mk.ukim.finki.wp.web.HomeController.index(javax.servlet.http.HttpServletRequest)
2016-05-11 18:19:16,627 INFO [localhost-startStop-1] o.s.w.s.m.m.a.RequestMappingHandlerMapping [AbstractHandlerMethodMapping.java:217] Mapped "{[/],methods=[POST]}" onto public org.springframework.web.servlet.ModelAndView mk.ukim.finki.wp.web.HomeController.afterSubmit(java.lang.String,java.lang.String,java.lang.String,java.lang.String,java.lang.String,java.lang.String,org.springframework.web.multipart.MultipartFile)
2016-05-11 18:19:16,628 INFO [localhost-startStop-1] o.s.w.s.m.m.a.RequestMappingHandlerMapping [AbstractHandlerMethodMapping.java:217] Mapped "{[/listing],methods=[GET]}" onto public org.springframework.web.servlet.ModelAndView mk.ukim.finki.wp.web.HomeController.indexListing()
2016-05-11 18:19:16,628 INFO [localhost-startStop-1] o.s.w.s.m.m.a.RequestMappingHandlerMapping [AbstractHandlerMethodMapping.java:217] Mapped "{[/login],methods=[GET]}" onto public org.springframework.web.servlet.ModelAndView mk.ukim.finki.wp.web.HomeController.login()
2016-05-11 18:19:16,629 INFO [localhost-startStop-1] o.s.w.s.m.m.a.RequestMappingHandlerMapping [AbstractHandlerMethodMapping.java:217] Mapped "{[/listing],methods=[POST]}" onto public org.springframework.web.servlet.ModelAndView mk.ukim.finki.wp.web.HomeController.createListing(java.lang.String,java.lang.String,java.util.ArrayList<org.springframework.web.multipart.MultipartFile>,java.lang.String,java.lang.String,java.lang.String)
2016-05-11 18:19:16,637 INFO [localhost-startStop-1] o.s.w.s.m.m.a.RequestMappingHandlerMapping [AbstractHandlerMethodMapping.java:217] Mapped "{[/api/listing/search/{keyword}],methods=[GET],produces=[application/json]}" onto public java.util.List<mk.ukim.finki.wp.model.Listing> mk.ukim.finki.wp.web.ListingResource.search(java.lang.String)
2016-05-11 18:19:16,638 INFO [localhost-startStop-1] o.s.w.s.m.m.a.RequestMappingHandlerMapping [AbstractHandlerMethodMapping.java:217] Mapped "{[/api/listing/search/nearby/{currentLat}/{currentLng}/{maxDistance}],methods=[GET],produces=[application/json]}" onto public java.util.List<mk.ukim.finki.wp.model.Listing> mk.ukim.finki.wp.web.ListingResource.search(java.lang.String,java.lang.String,java.lang.String)
2016-05-11 18:19:16,638 INFO [localhost-startStop-1] o.s.w.s.m.m.a.RequestMappingHandlerMapping [AbstractHandlerMethodMapping.java:217] Mapped "{[/api/listing/report/unread],methods=[GET],produces=[application/json]}" onto public java.util.List<mk.ukim.finki.wp.model.Report> mk.ukim.finki.wp.web.ListingResource.getAllUnreadReports()
2016-05-11 18:19:16,639 INFO [localhost-startStop-1] o.s.w.s.m.m.a.RequestMappingHandlerMapping [AbstractHandlerMethodMapping.java:217] Mapped "{[/api/listing/user/{id}],methods=[GET],produces=[application/json]}" onto public java.util.List<mk.ukim.finki.wp.model.Listing> mk.ukim.finki.wp.web.ListingResource.getAllListingsByUser(java.lang.Long)
2016-05-11 18:19:16,639 INFO [localhost-startStop-1] o.s.w.s.m.m.a.RequestMappingHandlerMapping [AbstractHandlerMethodMapping.java:217] Mapped "{[/api/listing/{id}],methods=[DELETE],produces=[application/json]}" onto public void mk.ukim.finki.wp.web.ListingResource.deleteListing(java.lang.Long)
2016-05-11 18:19:16,639 INFO [localhost-startStop-1] o.s.w.s.m.m.a.RequestMappingHandlerMapping [AbstractHandlerMethodMapping.java:217] Mapped "{[/api/listing/report/new],methods=[POST],produces=[application/json]}" onto public void mk.ukim.finki.wp.web.ListingResource.createReport(java.lang.String,java.lang.Long,java.lang.Long)
2016-05-11 18:19:16,640 INFO [localhost-startStop-1] o.s.w.s.m.m.a.RequestMappingHandlerMapping [AbstractHandlerMethodMapping.java:217] Mapped "{[/api/listing/graph],methods=[GET],produces=[application/json]}" onto public java.util.List<java.lang.Integer> mk.ukim.finki.wp.web.ListingResource.graphData()
2016-05-11 18:19:16,640 INFO [localhost-startStop-1] o.s.w.s.m.m.a.RequestMappingHandlerMapping [AbstractHandlerMethodMapping.java:217] Mapped "{[/api/listing/isOwner/{id}],methods=[GET],produces=[application/json]}" onto public boolean mk.ukim.finki.wp.web.ListingResource.isOwner(java.lang.Long,javax.servlet.http.HttpSession)
2016-05-11 18:19:16,641 INFO [localhost-startStop-1] o.s.w.s.m.m.a.RequestMappingHandlerMapping [AbstractHandlerMethodMapping.java:217] Mapped "{[/api/listing/report/{id}],methods=[GET],produces=[application/json]}" onto public mk.ukim.finki.wp.model.Report mk.ukim.finki.wp.web.ListingResource.getReport(java.lang.Long)
2016-05-11 18:19:16,642 INFO [localhost-startStop-1] o.s.w.s.m.m.a.RequestMappingHandlerMapping [AbstractHandlerMethodMapping.java:217] Mapped "{[/api/listing],methods=[GET],produces=[application/json]}" onto public java.util.List<mk.ukim.finki.wp.model.Listing> mk.ukim.finki.wp.web.ListingResource.getAllListings()
2016-05-11 18:19:16,642 INFO [localhost-startStop-1] o.s.w.s.m.m.a.RequestMappingHandlerMapping [AbstractHandlerMethodMapping.java:217] Mapped "{[/api/listing/edit],methods=[POST],produces=[application/json]}" onto public void mk.ukim.finki.wp.web.ListingResource.editListing(java.lang.Long,java.lang.String,java.lang.String,javax.servlet.http.HttpSession)
2016-05-11 18:19:16,643 INFO [localhost-startStop-1] o.s.w.s.m.m.a.RequestMappingHandlerMapping [AbstractHandlerMethodMapping.java:217] Mapped "{[/api/listing/byDate/{day}/{month}/{year}],methods=[GET],produces=[application/json]}" onto public java.util.List<mk.ukim.finki.wp.model.Listing> mk.ukim.finki.wp.web.ListingResource.filterByDate(java.lang.Integer,java.lang.Integer,java.lang.Integer)
2016-05-11 18:19:16,643 INFO [localhost-startStop-1] o.s.w.s.m.m.a.RequestMappingHandlerMapping [AbstractHandlerMethodMapping.java:217] Mapped "{[/api/listing/report],methods=[GET],produces=[application/json]}" onto public java.util.List<mk.ukim.finki.wp.model.Report> mk.ukim.finki.wp.web.ListingResource.getAllReports()
2016-05-11 18:19:16,644 INFO [localhost-startStop-1] o.s.w.s.m.m.a.RequestMappingHandlerMapping [AbstractHandlerMethodMapping.java:217] Mapped "{[/api/listing/report/update/{id}],methods=[POST],produces=[application/json]}" onto public void mk.ukim.finki.wp.web.ListingResource.updateReport(java.lang.Long,java.lang.Boolean)
2016-05-11 18:19:16,645 INFO [localhost-startStop-1] o.s.w.s.m.m.a.RequestMappingHandlerMapping [AbstractHandlerMethodMapping.java:217] Mapped "{[/api/listing/piece/{offset}/{end}],produces=[application/json]}" onto public java.util.List<mk.ukim.finki.wp.model.Listing> mk.ukim.finki.wp.web.ListingResource.getPiece(int,int)
2016-05-11 18:19:16,645 INFO [localhost-startStop-1] o.s.w.s.m.m.a.RequestMappingHandlerMapping [AbstractHandlerMethodMapping.java:217] Mapped "{[/api/listing/{id}],methods=[GET],produces=[application/json]}" onto public mk.ukim.finki.wp.model.Listing mk.ukim.finki.wp.web.ListingResource.getListing(java.lang.Long)
2016-05-11 18:19:16,646 INFO [localhost-startStop-1] o.s.w.s.m.m.a.RequestMappingHandlerMapping [AbstractHandlerMethodMapping.java:217] Mapped "{[/api/listing/new],methods=[POST],produces=[application/json]}" onto public mk.ukim.finki.wp.model.Listing mk.ukim.finki.wp.web.ListingResource.createListing(java.lang.String,java.lang.String,java.util.ArrayList<org.springframework.web.multipart.MultipartFile>,java.lang.Long,java.lang.String,java.lang.String,java.lang.String)
2016-05-11 18:19:16,651 INFO [localhost-startStop-1] o.s.w.s.m.m.a.RequestMappingHandlerMapping [AbstractHandlerMethodMapping.java:217] Mapped "{[/api/user/message/{messageId}],produces=[application/json]}" onto public mk.ukim.finki.wp.model.Message mk.ukim.finki.wp.web.UserResource.getMessage(java.lang.Long)
2016-05-11 18:19:16,654 INFO [localhost-startStop-1] o.s.w.s.m.m.a.RequestMappingHandlerMapping [AbstractHandlerMethodMapping.java:217] Mapped "{[/api/user/message/update/{messageId}],methods=[POST],produces=[application/json]}" onto public void mk.ukim.finki.wp.web.UserResource.toggleMessageState(java.lang.Long,java.lang.Boolean)
2016-05-11 18:19:16,656 INFO [localhost-startStop-1] o.s.w.s.m.m.a.RequestMappingHandlerMapping [AbstractHandlerMethodMapping.java:217] Mapped "{[/api/user/signup],methods=[POST],produces=[application/json]}" onto public void mk.ukim.finki.wp.web.UserResource.signUpUser(java.lang.String,java.lang.String,java.lang.String,java.lang.String,java.lang.String,java.lang.String)
2016-05-11 18:19:16,657 INFO [localhost-startStop-1] o.s.w.s.m.m.a.RequestMappingHandlerMapping [AbstractHandlerMethodMapping.java:217] Mapped "{[/api/user/remove/{id}],methods=[DELETE],produces=[application/json]}" onto public void mk.ukim.finki.wp.web.UserResource.removeUser(java.lang.Long)
2016-05-11 18:19:16,657 INFO [localhost-startStop-1] o.s.w.s.m.m.a.RequestMappingHandlerMapping [AbstractHandlerMethodMapping.java:217] Mapped "{[/api/user/update/{id}],methods=[POST],produces=[application/json]}" onto public void mk.ukim.finki.wp.web.UserResource.updateUser(java.lang.Long,java.lang.String,java.lang.String,java.lang.String,java.lang.String,java.lang.String,java.lang.String)
2016-05-11 18:19:16,658 INFO [localhost-startStop-1] o.s.w.s.m.m.a.RequestMappingHandlerMapping [AbstractHandlerMethodMapping.java:217] Mapped "{[/api/user/login],methods=[POST],produces=[application/json]}" onto public mk.ukim.finki.wp.model.User mk.ukim.finki.wp.web.UserResource.loginUser(java.lang.String,java.lang.String,javax.servlet.http.HttpSession)
2016-05-11 18:19:16,658 INFO [localhost-startStop-1] o.s.w.s.m.m.a.RequestMappingHandlerMapping [AbstractHandlerMethodMapping.java:217] Mapped "{[/api/user],methods=[GET],produces=[application/json]}" onto public java.util.List<mk.ukim.finki.wp.model.User> mk.ukim.finki.wp.web.UserResource.getAllUsers()
2016-05-11 18:19:16,659 INFO [localhost-startStop-1] o.s.w.s.m.m.a.RequestMappingHandlerMapping [AbstractHandlerMethodMapping.java:217] Mapped "{[/api/user/message/received/{userId}],methods=[GET],produces=[application/json]}" onto public java.util.List<mk.ukim.finki.wp.model.Message> mk.ukim.finki.wp.web.UserResource.getInbox(java.lang.Long)
2016-05-11 18:19:16,659 INFO [localhost-startStop-1] o.s.w.s.m.m.a.RequestMappingHandlerMapping [AbstractHandlerMethodMapping.java:217] Mapped "{[/api/user/message/sent/{userId}],methods=[GET],produces=[application/json]}" onto public java.util.List<mk.ukim.finki.wp.model.Message> mk.ukim.finki.wp.web.UserResource.getOutbox(java.lang.Long)
2016-05-11 18:19:16,663 INFO [localhost-startStop-1] o.s.w.s.m.m.a.RequestMappingHandlerMapping [AbstractHandlerMethodMapping.java:217] Mapped "{[/api/user/admin],methods=[GET],produces=[application/json]}" onto public java.util.List<mk.ukim.finki.wp.model.User> mk.ukim.finki.wp.web.UserResource.getAllAdmins()
2016-05-11 18:19:16,665 INFO [localhost-startStop-1] o.s.w.s.m.m.a.RequestMappingHandlerMapping [AbstractHandlerMethodMapping.java:217] Mapped "{[/api/user/message/new],methods=[POST],produces=[application/json]}" onto public void mk.ukim.finki.wp.web.UserResource.sendMessage(java.lang.String,java.lang.Long,java.lang.Long)
2016-05-11 18:19:16,665 INFO [localhost-startStop-1] o.s.w.s.m.m.a.RequestMappingHandlerMapping [AbstractHandlerMethodMapping.java:217] Mapped "{[/api/user/{id}],methods=[GET],produces=[application/json]}" onto public mk.ukim.finki.wp.model.User mk.ukim.finki.wp.web.UserResource.getUser(java.lang.Long)
2016-05-11 18:19:17,589 INFO [localhost-startStop-1] o.s.w.s.m.m.a.RequestMappingHandlerAdapter [RequestMappingHandlerAdapter.java:517] Looking for @ControllerAdvice: WebApplicationContext for namespace 'dispatcherServlet-servlet': startup date [Wed May 11 18:19:15 CEST 2016]; parent: Root WebApplicationContext
2016-05-11 18:19:17,672 INFO [localhost-startStop-1] o.s.w.s.m.m.a.RequestMappingHandlerAdapter [RequestMappingHandlerAdapter.java:517] Looking for @ControllerAdvice: WebApplicationContext for namespace 'dispatcherServlet-servlet': startup date [Wed May 11 18:19:15 CEST 2016]; parent: Root WebApplicationContext
2016-05-11 18:19:17,787 INFO [localhost-startStop-1] o.s.w.s.h.SimpleUrlHandlerMapping [AbstractUrlHandlerMapping.java:314] Mapped URL path [/resources/**] onto handler 'org.springframework.web.servlet.resource.ResourceHttpRequestHandler#0'
2016-05-11 18:19:17,806 INFO [localhost-startStop-1] o.s.w.s.h.SimpleUrlHandlerMapping [AbstractUrlHandlerMapping.java:301] Root mapping to handler of type [class org.springframework.web.servlet.mvc.ParameterizableViewController]
2016-05-11 18:19:17,815 INFO [localhost-startStop-1] o.s.w.s.h.SimpleUrlHandlerMapping [AbstractUrlHandlerMapping.java:314] Mapped URL path [/**] onto handler 'org.springframework.web.servlet.resource.DefaultServletHttpRequestHandler#0'
2016-05-11 18:19:17,903 INFO [localhost-startStop-1] o.s.w.s.DispatcherServlet [FrameworkServlet.java:504] FrameworkServlet 'dispatcherServlet': initialization completed in 1974 ms
2016-05-11 21:36:04,920 INFO [localhost-startStop-1] o.s.w.c.ContextLoader [ContextLoader.java:285] Root WebApplicationContext: initialization started
2016-05-11 21:36:05,347 INFO [localhost-startStop-1] o.s.w.c.s.XmlWebApplicationContext [AbstractApplicationContext.java:510] Refreshing Root WebApplicationContext: startup date [Wed May 11 21:36:05 CEST 2016]; root of context hierarchy
2016-05-11 21:36:05,412 INFO [localhost-startStop-1] o.s.b.f.x.XmlBeanDefinitionReader [XmlBeanDefinitionReader.java:317] Loading XML bean definitions from class path resource [spring/business-config.xml]
2016-05-11 21:36:05,968 INFO [localhost-startStop-1] o.s.b.f.x.XmlBeanDefinitionReader [XmlBeanDefinitionReader.java:317] Loading XML bean definitions from class path resource [spring/persistence-config.xml]
2016-05-11 21:36:06,521 INFO [localhost-startStop-1] o.s.c.s.PropertySourcesPlaceholderConfigurer [PropertiesLoaderSupport.java:172] Loading properties file from class path resource [spring/data-access.properties]
2016-05-11 21:36:06,552 INFO [localhost-startStop-1] o.s.b.f.a.AutowiredAnnotationBeanPostProcessor [AutowiredAnnotationBeanPostProcessor.java:153] JSR-330 'javax.inject.Inject' annotation found and supported for autowiring
2016-05-11 21:36:07,144 INFO [localhost-startStop-1] o.s.o.j.LocalContainerEntityManagerFactoryBean [LocalContainerEntityManagerFactoryBean.java:339] Building JPA container EntityManagerFactory for persistence unit 'wp'
2016-05-11 21:36:07,404 INFO [localhost-startStop-1] o.h.j.i.u.LogHelper [LogHelper.java:46] HHH000204: Processing PersistenceUnitInfo [
	name: wp
	...]
2016-05-11 21:36:08,305 INFO [localhost-startStop-1] o.h.Version [Version.java:54] HHH000412: Hibernate Core {4.3.10.Final}
2016-05-11 21:36:08,308 INFO [localhost-startStop-1] o.h.c.Environment [Environment.java:239] HHH000206: hibernate.properties not found
2016-05-11 21:36:08,311 INFO [localhost-startStop-1] o.h.c.Environment [Environment.java:346] HHH000021: Bytecode provider name : javassist
2016-05-11 21:36:08,682 INFO [localhost-startStop-1] o.h.a.c.Version [JavaReflectionManager.java:66] HCANN000001: Hibernate Commons Annotations {4.0.5.Final}
2016-05-11 21:36:09,687 INFO [localhost-startStop-1] o.h.d.Dialect [Dialect.java:145] HHH000400: Using dialect: org.hibernate.dialect.MySQLDialect
2016-05-11 21:36:10,043 INFO [localhost-startStop-1] o.h.h.i.a.ASTQueryTranslatorFactory [ASTQueryTranslatorFactory.java:47] HHH000397: Using ASTQueryTranslatorFactory
2016-05-11 21:36:10,165 INFO [localhost-startStop-1] o.h.v.i.u.Version [Version.java:27] HV000001: Hibernate Validator 5.1.3.Final
2016-05-11 21:36:11,625 INFO [localhost-startStop-1] o.h.t.h.SchemaUpdate [SchemaUpdate.java:207] HHH000228: Running hbm2ddl schema update
2016-05-11 21:36:11,626 INFO [localhost-startStop-1] o.h.t.h.SchemaUpdate [SchemaUpdate.java:218] HHH000102: Fetching database metadata
2016-05-11 21:36:11,629 INFO [localhost-startStop-1] o.h.t.h.SchemaUpdate [SchemaUpdate.java:230] HHH000396: Updating schema
2016-05-11 21:36:11,914 INFO [localhost-startStop-1] o.h.t.h.TableMetadata [TableMetadata.java:65] HHH000261: Table found: wp_project.listing_image_urls
2016-05-11 21:36:11,914 INFO [localhost-startStop-1] o.h.t.h.TableMetadata [TableMetadata.java:66] HHH000037: Columns: [image_url, id]
2016-05-11 21:36:11,915 INFO [localhost-startStop-1] o.h.t.h.TableMetadata [TableMetadata.java:68] HHH000108: Foreign keys: [fk_63fej08dgmt8vrqlra370e656]
2016-05-11 21:36:11,916 INFO [localhost-startStop-1] o.h.t.h.TableMetadata [TableMetadata.java:69] HHH000126: Indexes: [uk_sm53naah72t24kigc0pfsb87o]
2016-05-11 21:36:11,977 INFO [localhost-startStop-1] o.h.t.h.TableMetadata [TableMetadata.java:65] HHH000261: Table found: wp_project.listing_location
2016-05-11 21:36:11,977 INFO [localhost-startStop-1] o.h.t.h.TableMetadata [TableMetadata.java:66] HHH000037: Columns: [lng, listing_id, name, id, lat]
2016-05-11 21:36:11,978 INFO [localhost-startStop-1] o.h.t.h.TableMetadata [TableMetadata.java:68] HHH000108: Foreign keys: [fk_8wo4wpsoysi97vn0tkbfym89j]
2016-05-11 21:36:11,978 INFO [localhost-startStop-1] o.h.t.h.TableMetadata [TableMetadata.java:69] HHH000126: Indexes: [fk_8wo4wpsoysi97vn0tkbfym89j, primary]
2016-05-11 21:36:12,036 INFO [localhost-startStop-1] o.h.t.h.TableMetadata [TableMetadata.java:65] HHH000261: Table found: wp_project.listings
2016-05-11 21:36:12,037 INFO [localhost-startStop-1] o.h.t.h.TableMetadata [TableMetadata.java:66] HHH000037: Columns: [user_id, locations_id, id, title, createdon, content, location_id]
2016-05-11 21:36:12,037 INFO [localhost-startStop-1] o.h.t.h.TableMetadata [TableMetadata.java:68] HHH000108: Foreign keys: [fk_5y1389tokd92p893oo0q0qexm, fk_qv926x4jhroce71534nmady6a, fk_7ueigy3p0nqgafjwwuikhtyav]
2016-05-11 21:36:12,037 INFO [localhost-startStop-1] o.h.t.h.TableMetadata [TableMetadata.java:69] HHH000126: Indexes: [fk_5y1389tokd92p893oo0q0qexm, fk_qv926x4jhroce71534nmady6a, primary, fk_7ueigy3p0nqgafjwwuikhtyav]
2016-05-11 21:36:12,087 INFO [localhost-startStop-1] o.h.t.h.TableMetadata [TableMetadata.java:65] HHH000261: Table found: wp_project.messages
2016-05-11 21:36:12,087 INFO [localhost-startStop-1] o.h.t.h.TableMetadata [TableMetadata.java:66] HHH000037: Columns: [user_to, senton, user_from, id, content, seen]
2016-05-11 21:36:12,087 INFO [localhost-startStop-1] o.h.t.h.TableMetadata [TableMetadata.java:68] HHH000108: Foreign keys: [fk_ad469sdac6e7i74nt4w1bn3ad, fk_16t1rrh93xrwia8nqh69q13j3]
2016-05-11 21:36:12,088 INFO [localhost-startStop-1] o.h.t.h.TableMetadata [TableMetadata.java:69] HHH000126: Indexes: [fk_ad469sdac6e7i74nt4w1bn3ad, fk_16t1rrh93xrwia8nqh69q13j3, primary]
2016-05-11 21:36:12,138 INFO [localhost-startStop-1] o.h.t.h.TableMetadata [TableMetadata.java:65] HHH000261: Table found: wp_project.reports
2016-05-11 21:36:12,139 INFO [localhost-startStop-1] o.h.t.h.TableMetadata [TableMetadata.java:66] HHH000037: Columns: [listing_id, user_id, submittedon, id, content, seen]
2016-05-11 21:36:12,140 INFO [localhost-startStop-1] o.h.t.h.TableMetadata [TableMetadata.java:68] HHH000108: Foreign keys: [fk_sh41oex32tb46wjis5vruthgf, fk_c29wlg7b42duwp3r09r6ajd]
2016-05-11 21:36:12,141 INFO [localhost-startStop-1] o.h.t.h.TableMetadata [TableMetadata.java:69] HHH000126: Indexes: [fk_sh41oex32tb46wjis5vruthgf, fk_c29wlg7b42duwp3r09r6ajd, primary]
2016-05-11 21:36:12,176 INFO [localhost-startStop-1] o.h.t.h.TableMetadata [TableMetadata.java:65] HHH000261: Table found: wp_project.users
2016-05-11 21:36:12,177 INFO [localhost-startStop-1] o.h.t.h.TableMetadata [TableMetadata.java:66] HHH000037: Columns: [password, birthdate, isadmin, surname, imageurl, name, uploadpath, id, email, username]
2016-05-11 21:36:12,177 INFO [localhost-startStop-1] o.h.t.h.TableMetadata [TableMetadata.java:68] HHH000108: Foreign keys: []
2016-05-11 21:36:12,178 INFO [localhost-startStop-1] o.h.t.h.TableMetadata [TableMetadata.java:69] HHH000126: Indexes: [uk_r43af9ap4edm43mmtq01oddj6, primary]
2016-05-11 21:36:12,179 INFO [localhost-startStop-1] o.h.t.h.SchemaUpdate [SchemaUpdate.java:267] HHH000232: Schema update complete
2016-05-11 21:36:12,681 INFO [localhost-startStop-1] o.s.w.c.ContextLoader [ContextLoader.java:325] Root WebApplicationContext: initialization completed in 7754 ms
2016-05-11 21:36:12,723 INFO [localhost-startStop-1] o.s.w.s.DispatcherServlet [FrameworkServlet.java:485] FrameworkServlet 'dispatcherServlet': initialization started
2016-05-11 21:36:12,728 INFO [localhost-startStop-1] o.s.w.c.s.XmlWebApplicationContext [AbstractApplicationContext.java:510] Refreshing WebApplicationContext for namespace 'dispatcherServlet-servlet': startup date [Wed May 11 21:36:12 CEST 2016]; parent: Root WebApplicationContext
2016-05-11 21:36:12,729 INFO [localhost-startStop-1] o.s.b.f.x.XmlBeanDefinitionReader [XmlBeanDefinitionReader.java:317] Loading XML bean definitions from class path resource [spring/mvc-core-config.xml]
2016-05-11 21:36:12,824 INFO [localhost-startStop-1] o.s.b.f.x.XmlBeanDefinitionReader [XmlBeanDefinitionReader.java:317] Loading XML bean definitions from class path resource [spring/mvc-view-config.xml]
2016-05-11 21:36:13,057 INFO [localhost-startStop-1] o.s.b.f.a.AutowiredAnnotationBeanPostProcessor [AutowiredAnnotationBeanPostProcessor.java:153] JSR-330 'javax.inject.Inject' annotation found and supported for autowiring
2016-05-11 21:36:13,357 INFO [localhost-startStop-1] o.s.w.s.m.m.a.RequestMappingHandlerMapping [AbstractHandlerMethodMapping.java:217] Mapped "{[/],methods=[GET]}" onto public org.springframework.web.servlet.ModelAndView mk.ukim.finki.wp.web.HomeController.index(javax.servlet.http.HttpServletRequest)
2016-05-11 21:36:13,358 INFO [localhost-startStop-1] o.s.w.s.m.m.a.RequestMappingHandlerMapping [AbstractHandlerMethodMapping.java:217] Mapped "{[/login],methods=[GET]}" onto public org.springframework.web.servlet.ModelAndView mk.ukim.finki.wp.web.HomeController.login()
2016-05-11 21:36:13,358 INFO [localhost-startStop-1] o.s.w.s.m.m.a.RequestMappingHandlerMapping [AbstractHandlerMethodMapping.java:217] Mapped "{[/],methods=[POST]}" onto public org.springframework.web.servlet.ModelAndView mk.ukim.finki.wp.web.HomeController.afterSubmit(java.lang.String,java.lang.String,java.lang.String,java.lang.String,java.lang.String,java.lang.String,org.springframework.web.multipart.MultipartFile)
2016-05-11 21:36:13,359 INFO [localhost-startStop-1] o.s.w.s.m.m.a.RequestMappingHandlerMapping [AbstractHandlerMethodMapping.java:217] Mapped "{[/listing],methods=[GET]}" onto public org.springframework.web.servlet.ModelAndView mk.ukim.finki.wp.web.HomeController.indexListing()
2016-05-11 21:36:13,361 INFO [localhost-startStop-1] o.s.w.s.m.m.a.RequestMappingHandlerMapping [AbstractHandlerMethodMapping.java:217] Mapped "{[/listing],methods=[POST]}" onto public org.springframework.web.servlet.ModelAndView mk.ukim.finki.wp.web.HomeController.createListing(java.lang.String,java.lang.String,java.util.ArrayList<org.springframework.web.multipart.MultipartFile>,java.lang.String,java.lang.String,java.lang.String)
2016-05-11 21:36:13,371 INFO [localhost-startStop-1] o.s.w.s.m.m.a.RequestMappingHandlerMapping [AbstractHandlerMethodMapping.java:217] Mapped "{[/api/listing/search/nearby/{currentLat}/{currentLng}/{maxDistance}],methods=[GET],produces=[application/json]}" onto public java.util.List<mk.ukim.finki.wp.model.Listing> mk.ukim.finki.wp.web.ListingResource.search(java.lang.String,java.lang.String,java.lang.String)
2016-05-11 21:36:13,372 INFO [localhost-startStop-1] o.s.w.s.m.m.a.RequestMappingHandlerMapping [AbstractHandlerMethodMapping.java:217] Mapped "{[/api/listing/search/{keyword}],methods=[GET],produces=[application/json]}" onto public java.util.List<mk.ukim.finki.wp.model.Listing> mk.ukim.finki.wp.web.ListingResource.search(java.lang.String)
2016-05-11 21:36:13,372 INFO [localhost-startStop-1] o.s.w.s.m.m.a.RequestMappingHandlerMapping [AbstractHandlerMethodMapping.java:217] Mapped "{[/api/listing/{id}],methods=[GET],produces=[application/json]}" onto public mk.ukim.finki.wp.model.Listing mk.ukim.finki.wp.web.ListingResource.getListing(java.lang.Long)
2016-05-11 21:36:13,373 INFO [localhost-startStop-1] o.s.w.s.m.m.a.RequestMappingHandlerMapping [AbstractHandlerMethodMapping.java:217] Mapped "{[/api/listing/report/unread],methods=[GET],produces=[application/json]}" onto public java.util.List<mk.ukim.finki.wp.model.Report> mk.ukim.finki.wp.web.ListingResource.getAllUnreadReports()
2016-05-11 21:36:13,374 INFO [localhost-startStop-1] o.s.w.s.m.m.a.RequestMappingHandlerMapping [AbstractHandlerMethodMapping.java:217] Mapped "{[/api/listing/user/{id}],methods=[GET],produces=[application/json]}" onto public java.util.List<mk.ukim.finki.wp.model.Listing> mk.ukim.finki.wp.web.ListingResource.getAllListingsByUser(java.lang.Long)
2016-05-11 21:36:13,374 INFO [localhost-startStop-1] o.s.w.s.m.m.a.RequestMappingHandlerMapping [AbstractHandlerMethodMapping.java:217] Mapped "{[/api/listing],methods=[GET],produces=[application/json]}" onto public java.util.List<mk.ukim.finki.wp.model.Listing> mk.ukim.finki.wp.web.ListingResource.getAllListings()
2016-05-11 21:36:13,374 INFO [localhost-startStop-1] o.s.w.s.m.m.a.RequestMappingHandlerMapping [AbstractHandlerMethodMapping.java:217] Mapped "{[/api/listing/edit],methods=[POST],produces=[application/json]}" onto public void mk.ukim.finki.wp.web.ListingResource.editListing(java.lang.Long,java.lang.String,java.lang.String,javax.servlet.http.HttpSession)
2016-05-11 21:36:13,375 INFO [localhost-startStop-1] o.s.w.s.m.m.a.RequestMappingHandlerMapping [AbstractHandlerMethodMapping.java:217] Mapped "{[/api/listing/report/{id}],methods=[GET],produces=[application/json]}" onto public mk.ukim.finki.wp.model.Report mk.ukim.finki.wp.web.ListingResource.getReport(java.lang.Long)
2016-05-11 21:36:13,376 INFO [localhost-startStop-1] o.s.w.s.m.m.a.RequestMappingHandlerMapping [AbstractHandlerMethodMapping.java:217] Mapped "{[/api/listing/graph],methods=[GET],produces=[application/json]}" onto public java.util.List<java.lang.Integer> mk.ukim.finki.wp.web.ListingResource.graphData()
2016-05-11 21:36:13,376 INFO [localhost-startStop-1] o.s.w.s.m.m.a.RequestMappingHandlerMapping [AbstractHandlerMethodMapping.java:217] Mapped "{[/api/listing/isOwner/{id}],methods=[GET],produces=[application/json]}" onto public boolean mk.ukim.finki.wp.web.ListingResource.isOwner(java.lang.Long,javax.servlet.http.HttpSession)
2016-05-11 21:36:13,377 INFO [localhost-startStop-1] o.s.w.s.m.m.a.RequestMappingHandlerMapping [AbstractHandlerMethodMapping.java:217] Mapped "{[/api/listing/{id}],methods=[DELETE],produces=[application/json]}" onto public void mk.ukim.finki.wp.web.ListingResource.deleteListing(java.lang.Long)
2016-05-11 21:36:13,378 INFO [localhost-startStop-1] o.s.w.s.m.m.a.RequestMappingHandlerMapping [AbstractHandlerMethodMapping.java:217] Mapped "{[/api/listing/report/new],methods=[POST],produces=[application/json]}" onto public void mk.ukim.finki.wp.web.ListingResource.createReport(java.lang.String,java.lang.Long,java.lang.Long)
2016-05-11 21:36:13,379 INFO [localhost-startStop-1] o.s.w.s.m.m.a.RequestMappingHandlerMapping [AbstractHandlerMethodMapping.java:217] Mapped "{[/api/listing/byDate/{day}/{month}/{year}],methods=[GET],produces=[application/json]}" onto public java.util.List<mk.ukim.finki.wp.model.Listing> mk.ukim.finki.wp.web.ListingResource.filterByDate(java.lang.Integer,java.lang.Integer,java.lang.Integer)
2016-05-11 21:36:13,379 INFO [localhost-startStop-1] o.s.w.s.m.m.a.RequestMappingHandlerMapping [AbstractHandlerMethodMapping.java:217] Mapped "{[/api/listing/report],methods=[GET],produces=[application/json]}" onto public java.util.List<mk.ukim.finki.wp.model.Report> mk.ukim.finki.wp.web.ListingResource.getAllReports()
2016-05-11 21:36:13,380 INFO [localhost-startStop-1] o.s.w.s.m.m.a.RequestMappingHandlerMapping [AbstractHandlerMethodMapping.java:217] Mapped "{[/api/listing/report/update/{id}],methods=[POST],produces=[application/json]}" onto public void mk.ukim.finki.wp.web.ListingResource.updateReport(java.lang.Long,java.lang.Boolean)
2016-05-11 21:36:13,380 INFO [localhost-startStop-1] o.s.w.s.m.m.a.RequestMappingHandlerMapping [AbstractHandlerMethodMapping.java:217] Mapped "{[/api/listing/piece/{offset}/{end}],produces=[application/json]}" onto public java.util.List<mk.ukim.finki.wp.model.Listing> mk.ukim.finki.wp.web.ListingResource.getPiece(int,int)
2016-05-11 21:36:13,381 INFO [localhost-startStop-1] o.s.w.s.m.m.a.RequestMappingHandlerMapping [AbstractHandlerMethodMapping.java:217] Mapped "{[/api/listing/new],methods=[POST],produces=[application/json]}" onto public mk.ukim.finki.wp.model.Listing mk.ukim.finki.wp.web.ListingResource.createListing(java.lang.String,java.lang.String,java.util.ArrayList<org.springframework.web.multipart.MultipartFile>,java.lang.Long,java.lang.String,java.lang.String,java.lang.String)
2016-05-11 21:36:13,388 INFO [localhost-startStop-1] o.s.w.s.m.m.a.RequestMappingHandlerMapping [AbstractHandlerMethodMapping.java:217] Mapped "{[/api/user/message/{messageId}],produces=[application/json]}" onto public mk.ukim.finki.wp.model.Message mk.ukim.finki.wp.web.UserResource.getMessage(java.lang.Long)
2016-05-11 21:36:13,389 INFO [localhost-startStop-1] o.s.w.s.m.m.a.RequestMappingHandlerMapping [AbstractHandlerMethodMapping.java:217] Mapped "{[/api/user/message/update/{messageId}],methods=[POST],produces=[application/json]}" onto public void mk.ukim.finki.wp.web.UserResource.toggleMessageState(java.lang.Long,java.lang.Boolean)
2016-05-11 21:36:13,390 INFO [localhost-startStop-1] o.s.w.s.m.m.a.RequestMappingHandlerMapping [AbstractHandlerMethodMapping.java:217] Mapped "{[/api/user],methods=[GET],produces=[application/json]}" onto public java.util.List<mk.ukim.finki.wp.model.User> mk.ukim.finki.wp.web.UserResource.getAllUsers()
2016-05-11 21:36:13,391 INFO [localhost-startStop-1] o.s.w.s.m.m.a.RequestMappingHandlerMapping [AbstractHandlerMethodMapping.java:217] Mapped "{[/api/user/message/new],methods=[POST],produces=[application/json]}" onto public void mk.ukim.finki.wp.web.UserResource.sendMessage(java.lang.String,java.lang.Long,java.lang.Long)
2016-05-11 21:36:13,391 INFO [localhost-startStop-1] o.s.w.s.m.m.a.RequestMappingHandlerMapping [AbstractHandlerMethodMapping.java:217] Mapped "{[/api/user/admin],methods=[GET],produces=[application/json]}" onto public java.util.List<mk.ukim.finki.wp.model.User> mk.ukim.finki.wp.web.UserResource.getAllAdmins()
2016-05-11 21:36:13,392 INFO [localhost-startStop-1] o.s.w.s.m.m.a.RequestMappingHandlerMapping [AbstractHandlerMethodMapping.java:217] Mapped "{[/api/user/update/{id}],methods=[POST],produces=[application/json]}" onto public void mk.ukim.finki.wp.web.UserResource.updateUser(java.lang.Long,java.lang.String,java.lang.String,java.lang.String,java.lang.String,java.lang.String,java.lang.String)
2016-05-11 21:36:13,393 INFO [localhost-startStop-1] o.s.w.s.m.m.a.RequestMappingHandlerMapping [AbstractHandlerMethodMapping.java:217] Mapped "{[/api/user/login],methods=[POST],produces=[application/json]}" onto public mk.ukim.finki.wp.model.User mk.ukim.finki.wp.web.UserResource.loginUser(java.lang.String,java.lang.String,javax.servlet.http.HttpSession)
2016-05-11 21:36:13,395 INFO [localhost-startStop-1] o.s.w.s.m.m.a.RequestMappingHandlerMapping [AbstractHandlerMethodMapping.java:217] Mapped "{[/api/user/signup],methods=[POST],produces=[application/json]}" onto public void mk.ukim.finki.wp.web.UserResource.signUpUser(java.lang.String,java.lang.String,java.lang.String,java.lang.String,java.lang.String,java.lang.String)
2016-05-11 21:36:13,395 INFO [localhost-startStop-1] o.s.w.s.m.m.a.RequestMappingHandlerMapping [AbstractHandlerMethodMapping.java:217] Mapped "{[/api/user/remove/{id}],methods=[DELETE],produces=[application/json]}" onto public void mk.ukim.finki.wp.web.UserResource.removeUser(java.lang.Long)
2016-05-11 21:36:13,396 INFO [localhost-startStop-1] o.s.w.s.m.m.a.RequestMappingHandlerMapping [AbstractHandlerMethodMapping.java:217] Mapped "{[/api/user/{id}],methods=[GET],produces=[application/json]}" onto public mk.ukim.finki.wp.model.User mk.ukim.finki.wp.web.UserResource.getUser(java.lang.Long)
2016-05-11 21:36:13,398 INFO [localhost-startStop-1] o.s.w.s.m.m.a.RequestMappingHandlerMapping [AbstractHandlerMethodMapping.java:217] Mapped "{[/api/user/message/received/{userId}],methods=[GET],produces=[application/json]}" onto public java.util.List<mk.ukim.finki.wp.model.Message> mk.ukim.finki.wp.web.UserResource.getInbox(java.lang.Long)
2016-05-11 21:36:13,398 INFO [localhost-startStop-1] o.s.w.s.m.m.a.RequestMappingHandlerMapping [AbstractHandlerMethodMapping.java:217] Mapped "{[/api/user/message/sent/{userId}],methods=[GET],produces=[application/json]}" onto public java.util.List<mk.ukim.finki.wp.model.Message> mk.ukim.finki.wp.web.UserResource.getOutbox(java.lang.Long)
2016-05-11 21:36:14,210 INFO [localhost-startStop-1] o.s.w.s.m.m.a.RequestMappingHandlerAdapter [RequestMappingHandlerAdapter.java:517] Looking for @ControllerAdvice: WebApplicationContext for namespace 'dispatcherServlet-servlet': startup date [Wed May 11 21:36:12 CEST 2016]; parent: Root WebApplicationContext
2016-05-11 21:36:14,283 INFO [localhost-startStop-1] o.s.w.s.m.m.a.RequestMappingHandlerAdapter [RequestMappingHandlerAdapter.java:517] Looking for @ControllerAdvice: WebApplicationContext for namespace 'dispatcherServlet-servlet': startup date [Wed May 11 21:36:12 CEST 2016]; parent: Root WebApplicationContext
2016-05-11 21:36:14,420 INFO [localhost-startStop-1] o.s.w.s.h.SimpleUrlHandlerMapping [AbstractUrlHandlerMapping.java:314] Mapped URL path [/resources/**] onto handler 'org.springframework.web.servlet.resource.ResourceHttpRequestHandler#0'
2016-05-11 21:36:14,440 INFO [localhost-startStop-1] o.s.w.s.h.SimpleUrlHandlerMapping [AbstractUrlHandlerMapping.java:301] Root mapping to handler of type [class org.springframework.web.servlet.mvc.ParameterizableViewController]
2016-05-11 21:36:14,447 INFO [localhost-startStop-1] o.s.w.s.h.SimpleUrlHandlerMapping [AbstractUrlHandlerMapping.java:314] Mapped URL path [/**] onto handler 'org.springframework.web.servlet.resource.DefaultServletHttpRequestHandler#0'
2016-05-11 21:36:14,502 INFO [localhost-startStop-1] o.s.w.s.DispatcherServlet [FrameworkServlet.java:504] FrameworkServlet 'dispatcherServlet': initialization completed in 1778 ms
2016-05-11 23:01:42,730 INFO [localhost-startStop-1] o.s.w.c.ContextLoader [ContextLoader.java:285] Root WebApplicationContext: initialization started
2016-05-11 23:01:42,911 INFO [localhost-startStop-1] o.s.w.c.s.XmlWebApplicationContext [AbstractApplicationContext.java:510] Refreshing Root WebApplicationContext: startup date [Wed May 11 23:01:42 CEST 2016]; root of context hierarchy
2016-05-11 23:01:42,986 INFO [localhost-startStop-1] o.s.b.f.x.XmlBeanDefinitionReader [XmlBeanDefinitionReader.java:317] Loading XML bean definitions from class path resource [spring/business-config.xml]
2016-05-11 23:01:43,502 INFO [localhost-startStop-1] o.s.b.f.x.XmlBeanDefinitionReader [XmlBeanDefinitionReader.java:317] Loading XML bean definitions from class path resource [spring/persistence-config.xml]
2016-05-11 23:01:44,035 INFO [localhost-startStop-1] o.s.c.s.PropertySourcesPlaceholderConfigurer [PropertiesLoaderSupport.java:172] Loading properties file from class path resource [spring/data-access.properties]
2016-05-11 23:01:44,066 INFO [localhost-startStop-1] o.s.b.f.a.AutowiredAnnotationBeanPostProcessor [AutowiredAnnotationBeanPostProcessor.java:153] JSR-330 'javax.inject.Inject' annotation found and supported for autowiring
2016-05-11 23:01:44,519 INFO [localhost-startStop-1] o.s.o.j.LocalContainerEntityManagerFactoryBean [LocalContainerEntityManagerFactoryBean.java:339] Building JPA container EntityManagerFactory for persistence unit 'wp'
2016-05-11 23:01:44,588 INFO [localhost-startStop-1] o.h.j.i.u.LogHelper [LogHelper.java:46] HHH000204: Processing PersistenceUnitInfo [
	name: wp
	...]
2016-05-11 23:01:45,151 INFO [localhost-startStop-1] o.h.Version [Version.java:54] HHH000412: Hibernate Core {4.3.10.Final}
2016-05-11 23:01:45,156 INFO [localhost-startStop-1] o.h.c.Environment [Environment.java:239] HHH000206: hibernate.properties not found
2016-05-11 23:01:45,160 INFO [localhost-startStop-1] o.h.c.Environment [Environment.java:346] HHH000021: Bytecode provider name : javassist
2016-05-11 23:01:45,685 INFO [localhost-startStop-1] o.h.a.c.Version [JavaReflectionManager.java:66] HCANN000001: Hibernate Commons Annotations {4.0.5.Final}
2016-05-11 23:01:46,565 INFO [localhost-startStop-1] o.h.d.Dialect [Dialect.java:145] HHH000400: Using dialect: org.hibernate.dialect.MySQLDialect
2016-05-11 23:01:46,998 INFO [localhost-startStop-1] o.h.h.i.a.ASTQueryTranslatorFactory [ASTQueryTranslatorFactory.java:47] HHH000397: Using ASTQueryTranslatorFactory
2016-05-11 23:01:47,130 INFO [localhost-startStop-1] o.h.v.i.u.Version [Version.java:27] HV000001: Hibernate Validator 5.1.3.Final
2016-05-11 23:01:48,368 INFO [localhost-startStop-1] o.h.t.h.SchemaUpdate [SchemaUpdate.java:207] HHH000228: Running hbm2ddl schema update
2016-05-11 23:01:48,369 INFO [localhost-startStop-1] o.h.t.h.SchemaUpdate [SchemaUpdate.java:218] HHH000102: Fetching database metadata
2016-05-11 23:01:48,371 INFO [localhost-startStop-1] o.h.t.h.SchemaUpdate [SchemaUpdate.java:230] HHH000396: Updating schema
2016-05-11 23:01:48,456 INFO [localhost-startStop-1] o.h.t.h.TableMetadata [TableMetadata.java:65] HHH000261: Table found: wp_project.listing_image_urls
2016-05-11 23:01:48,457 INFO [localhost-startStop-1] o.h.t.h.TableMetadata [TableMetadata.java:66] HHH000037: Columns: [image_url, id]
2016-05-11 23:01:48,457 INFO [localhost-startStop-1] o.h.t.h.TableMetadata [TableMetadata.java:68] HHH000108: Foreign keys: [fk_63fej08dgmt8vrqlra370e656]
2016-05-11 23:01:48,458 INFO [localhost-startStop-1] o.h.t.h.TableMetadata [TableMetadata.java:69] HHH000126: Indexes: [uk_sm53naah72t24kigc0pfsb87o]
2016-05-11 23:01:48,498 INFO [localhost-startStop-1] o.h.t.h.TableMetadata [TableMetadata.java:65] HHH000261: Table found: wp_project.listing_location
2016-05-11 23:01:48,499 INFO [localhost-startStop-1] o.h.t.h.TableMetadata [TableMetadata.java:66] HHH000037: Columns: [lng, listing_id, name, id, lat]
2016-05-11 23:01:48,499 INFO [localhost-startStop-1] o.h.t.h.TableMetadata [TableMetadata.java:68] HHH000108: Foreign keys: [fk_8wo4wpsoysi97vn0tkbfym89j]
2016-05-11 23:01:48,500 INFO [localhost-startStop-1] o.h.t.h.TableMetadata [TableMetadata.java:69] HHH000126: Indexes: [fk_8wo4wpsoysi97vn0tkbfym89j, primary]
2016-05-11 23:01:48,577 INFO [localhost-startStop-1] o.h.t.h.TableMetadata [TableMetadata.java:65] HHH000261: Table found: wp_project.listings
2016-05-11 23:01:48,577 INFO [localhost-startStop-1] o.h.t.h.TableMetadata [TableMetadata.java:66] HHH000037: Columns: [user_id, locations_id, id, title, createdon, content, location_id]
2016-05-11 23:01:48,577 INFO [localhost-startStop-1] o.h.t.h.TableMetadata [TableMetadata.java:68] HHH000108: Foreign keys: [fk_5y1389tokd92p893oo0q0qexm, fk_qv926x4jhroce71534nmady6a, fk_7ueigy3p0nqgafjwwuikhtyav]
2016-05-11 23:01:48,578 INFO [localhost-startStop-1] o.h.t.h.TableMetadata [TableMetadata.java:69] HHH000126: Indexes: [fk_5y1389tokd92p893oo0q0qexm, fk_qv926x4jhroce71534nmady6a, primary, fk_7ueigy3p0nqgafjwwuikhtyav]
2016-05-11 23:01:48,634 INFO [localhost-startStop-1] o.h.t.h.TableMetadata [TableMetadata.java:65] HHH000261: Table found: wp_project.messages
2016-05-11 23:01:48,635 INFO [localhost-startStop-1] o.h.t.h.TableMetadata [TableMetadata.java:66] HHH000037: Columns: [user_to, senton, user_from, id, content, seen]
2016-05-11 23:01:48,635 INFO [localhost-startStop-1] o.h.t.h.TableMetadata [TableMetadata.java:68] HHH000108: Foreign keys: [fk_ad469sdac6e7i74nt4w1bn3ad, fk_16t1rrh93xrwia8nqh69q13j3]
2016-05-11 23:01:48,636 INFO [localhost-startStop-1] o.h.t.h.TableMetadata [TableMetadata.java:69] HHH000126: Indexes: [fk_ad469sdac6e7i74nt4w1bn3ad, fk_16t1rrh93xrwia8nqh69q13j3, primary]
2016-05-11 23:01:48,688 INFO [localhost-startStop-1] o.h.t.h.TableMetadata [TableMetadata.java:65] HHH000261: Table found: wp_project.reports
2016-05-11 23:01:48,689 INFO [localhost-startStop-1] o.h.t.h.TableMetadata [TableMetadata.java:66] HHH000037: Columns: [listing_id, user_id, submittedon, id, content, seen]
2016-05-11 23:01:48,690 INFO [localhost-startStop-1] o.h.t.h.TableMetadata [TableMetadata.java:68] HHH000108: Foreign keys: [fk_sh41oex32tb46wjis5vruthgf, fk_c29wlg7b42duwp3r09r6ajd]
2016-05-11 23:01:48,690 INFO [localhost-startStop-1] o.h.t.h.TableMetadata [TableMetadata.java:69] HHH000126: Indexes: [fk_sh41oex32tb46wjis5vruthgf, fk_c29wlg7b42duwp3r09r6ajd, primary]
2016-05-11 23:01:48,730 INFO [localhost-startStop-1] o.h.t.h.TableMetadata [TableMetadata.java:65] HHH000261: Table found: wp_project.users
2016-05-11 23:01:48,731 INFO [localhost-startStop-1] o.h.t.h.TableMetadata [TableMetadata.java:66] HHH000037: Columns: [password, birthdate, isadmin, surname, imageurl, name, uploadpath, id, email, username]
2016-05-11 23:01:48,731 INFO [localhost-startStop-1] o.h.t.h.TableMetadata [TableMetadata.java:68] HHH000108: Foreign keys: []
2016-05-11 23:01:48,731 INFO [localhost-startStop-1] o.h.t.h.TableMetadata [TableMetadata.java:69] HHH000126: Indexes: [uk_r43af9ap4edm43mmtq01oddj6, primary]
2016-05-11 23:01:48,733 INFO [localhost-startStop-1] o.h.t.h.SchemaUpdate [SchemaUpdate.java:267] HHH000232: Schema update complete
2016-05-11 23:01:49,356 INFO [localhost-startStop-1] o.s.w.c.ContextLoader [ContextLoader.java:325] Root WebApplicationContext: initialization completed in 6621 ms
2016-05-11 23:01:49,399 INFO [localhost-startStop-1] o.s.w.s.DispatcherServlet [FrameworkServlet.java:485] FrameworkServlet 'dispatcherServlet': initialization started
2016-05-11 23:01:49,404 INFO [localhost-startStop-1] o.s.w.c.s.XmlWebApplicationContext [AbstractApplicationContext.java:510] Refreshing WebApplicationContext for namespace 'dispatcherServlet-servlet': startup date [Wed May 11 23:01:49 CEST 2016]; parent: Root WebApplicationContext
2016-05-11 23:01:49,405 INFO [localhost-startStop-1] o.s.b.f.x.XmlBeanDefinitionReader [XmlBeanDefinitionReader.java:317] Loading XML bean definitions from class path resource [spring/mvc-core-config.xml]
2016-05-11 23:01:49,499 INFO [localhost-startStop-1] o.s.b.f.x.XmlBeanDefinitionReader [XmlBeanDefinitionReader.java:317] Loading XML bean definitions from class path resource [spring/mvc-view-config.xml]
2016-05-11 23:01:49,755 INFO [localhost-startStop-1] o.s.b.f.a.AutowiredAnnotationBeanPostProcessor [AutowiredAnnotationBeanPostProcessor.java:153] JSR-330 'javax.inject.Inject' annotation found and supported for autowiring
2016-05-11 23:01:50,048 INFO [localhost-startStop-1] o.s.w.s.m.m.a.RequestMappingHandlerMapping [AbstractHandlerMethodMapping.java:217] Mapped "{[/],methods=[GET]}" onto public org.springframework.web.servlet.ModelAndView mk.ukim.finki.wp.web.HomeController.index(javax.servlet.http.HttpServletRequest)
2016-05-11 23:01:50,049 INFO [localhost-startStop-1] o.s.w.s.m.m.a.RequestMappingHandlerMapping [AbstractHandlerMethodMapping.java:217] Mapped "{[/login],methods=[GET]}" onto public org.springframework.web.servlet.ModelAndView mk.ukim.finki.wp.web.HomeController.login()
2016-05-11 23:01:50,049 INFO [localhost-startStop-1] o.s.w.s.m.m.a.RequestMappingHandlerMapping [AbstractHandlerMethodMapping.java:217] Mapped "{[/],methods=[POST]}" onto public org.springframework.web.servlet.ModelAndView mk.ukim.finki.wp.web.HomeController.afterSubmit(java.lang.String,java.lang.String,java.lang.String,java.lang.String,java.lang.String,java.lang.String,org.springframework.web.multipart.MultipartFile)
2016-05-11 23:01:50,050 INFO [localhost-startStop-1] o.s.w.s.m.m.a.RequestMappingHandlerMapping [AbstractHandlerMethodMapping.java:217] Mapped "{[/listing],methods=[GET]}" onto public org.springframework.web.servlet.ModelAndView mk.ukim.finki.wp.web.HomeController.indexListing()
2016-05-11 23:01:50,051 INFO [localhost-startStop-1] o.s.w.s.m.m.a.RequestMappingHandlerMapping [AbstractHandlerMethodMapping.java:217] Mapped "{[/listing],methods=[POST]}" onto public org.springframework.web.servlet.ModelAndView mk.ukim.finki.wp.web.HomeController.createListing(java.lang.String,java.lang.String,java.util.ArrayList<org.springframework.web.multipart.MultipartFile>,java.lang.String,java.lang.String,java.lang.String)
2016-05-11 23:01:50,056 INFO [localhost-startStop-1] o.s.w.s.m.m.a.RequestMappingHandlerMapping [AbstractHandlerMethodMapping.java:217] Mapped "{[/api/listing/search/nearby/{currentLat}/{currentLng}/{maxDistance}],methods=[GET],produces=[application/json]}" onto public java.util.List<mk.ukim.finki.wp.model.Listing> mk.ukim.finki.wp.web.ListingResource.search(java.lang.String,java.lang.String,java.lang.String)
2016-05-11 23:01:50,057 INFO [localhost-startStop-1] o.s.w.s.m.m.a.RequestMappingHandlerMapping [AbstractHandlerMethodMapping.java:217] Mapped "{[/api/listing/search/{keyword}],methods=[GET],produces=[application/json]}" onto public java.util.List<mk.ukim.finki.wp.model.Listing> mk.ukim.finki.wp.web.ListingResource.search(java.lang.String)
2016-05-11 23:01:50,057 INFO [localhost-startStop-1] o.s.w.s.m.m.a.RequestMappingHandlerMapping [AbstractHandlerMethodMapping.java:217] Mapped "{[/api/listing/{id}],methods=[GET],produces=[application/json]}" onto public mk.ukim.finki.wp.model.Listing mk.ukim.finki.wp.web.ListingResource.getListing(java.lang.Long)
2016-05-11 23:01:50,058 INFO [localhost-startStop-1] o.s.w.s.m.m.a.RequestMappingHandlerMapping [AbstractHandlerMethodMapping.java:217] Mapped "{[/api/listing/report/new],methods=[POST],produces=[application/json]}" onto public void mk.ukim.finki.wp.web.ListingResource.createReport(java.lang.String,java.lang.Long,java.lang.Long)
2016-05-11 23:01:50,058 INFO [localhost-startStop-1] o.s.w.s.m.m.a.RequestMappingHandlerMapping [AbstractHandlerMethodMapping.java:217] Mapped "{[/api/listing/graph],methods=[GET],produces=[application/json]}" onto public java.util.List<java.lang.Integer> mk.ukim.finki.wp.web.ListingResource.graphData()
2016-05-11 23:01:50,058 INFO [localhost-startStop-1] o.s.w.s.m.m.a.RequestMappingHandlerMapping [AbstractHandlerMethodMapping.java:217] Mapped "{[/api/listing/{id}],methods=[DELETE],produces=[application/json]}" onto public void mk.ukim.finki.wp.web.ListingResource.deleteListing(java.lang.Long)
2016-05-11 23:01:50,059 INFO [localhost-startStop-1] o.s.w.s.m.m.a.RequestMappingHandlerMapping [AbstractHandlerMethodMapping.java:217] Mapped "{[/api/listing/edit],methods=[POST],produces=[application/json]}" onto public void mk.ukim.finki.wp.web.ListingResource.editListing(java.lang.Long,java.lang.String,java.lang.String,javax.servlet.http.HttpSession)
2016-05-11 23:01:50,059 INFO [localhost-startStop-1] o.s.w.s.m.m.a.RequestMappingHandlerMapping [AbstractHandlerMethodMapping.java:217] Mapped "{[/api/listing/isOwner/{id}],methods=[GET],produces=[application/json]}" onto public boolean mk.ukim.finki.wp.web.ListingResource.isOwner(java.lang.Long,javax.servlet.http.HttpSession)
2016-05-11 23:01:50,060 INFO [localhost-startStop-1] o.s.w.s.m.m.a.RequestMappingHandlerMapping [AbstractHandlerMethodMapping.java:217] Mapped "{[/api/listing],methods=[GET],produces=[application/json]}" onto public java.util.List<mk.ukim.finki.wp.model.Listing> mk.ukim.finki.wp.web.ListingResource.getAllListings()
2016-05-11 23:01:50,060 INFO [localhost-startStop-1] o.s.w.s.m.m.a.RequestMappingHandlerMapping [AbstractHandlerMethodMapping.java:217] Mapped "{[/api/listing/report/{id}],methods=[GET],produces=[application/json]}" onto public mk.ukim.finki.wp.model.Report mk.ukim.finki.wp.web.ListingResource.getReport(java.lang.Long)
2016-05-11 23:01:50,061 INFO [localhost-startStop-1] o.s.w.s.m.m.a.RequestMappingHandlerMapping [AbstractHandlerMethodMapping.java:217] Mapped "{[/api/listing/new],methods=[POST],produces=[application/json]}" onto public mk.ukim.finki.wp.model.Listing mk.ukim.finki.wp.web.ListingResource.createListing(java.lang.String,java.lang.String,java.util.ArrayList<org.springframework.web.multipart.MultipartFile>,java.lang.Long,java.lang.String,java.lang.String,java.lang.String)
2016-05-11 23:01:50,061 INFO [localhost-startStop-1] o.s.w.s.m.m.a.RequestMappingHandlerMapping [AbstractHandlerMethodMapping.java:217] Mapped "{[/api/listing/report],methods=[GET],produces=[application/json]}" onto public java.util.List<mk.ukim.finki.wp.model.Report> mk.ukim.finki.wp.web.ListingResource.getAllReports()
2016-05-11 23:01:50,062 INFO [localhost-startStop-1] o.s.w.s.m.m.a.RequestMappingHandlerMapping [AbstractHandlerMethodMapping.java:217] Mapped "{[/api/listing/byDate/{day}/{month}/{year}],methods=[GET],produces=[application/json]}" onto public java.util.List<mk.ukim.finki.wp.model.Listing> mk.ukim.finki.wp.web.ListingResource.filterByDate(java.lang.Integer,java.lang.Integer,java.lang.Integer)
2016-05-11 23:01:50,062 INFO [localhost-startStop-1] o.s.w.s.m.m.a.RequestMappingHandlerMapping [AbstractHandlerMethodMapping.java:217] Mapped "{[/api/listing/report/update/{id}],methods=[POST],produces=[application/json]}" onto public void mk.ukim.finki.wp.web.ListingResource.updateReport(java.lang.Long,java.lang.Boolean)
2016-05-11 23:01:50,062 INFO [localhost-startStop-1] o.s.w.s.m.m.a.RequestMappingHandlerMapping [AbstractHandlerMethodMapping.java:217] Mapped "{[/api/listing/piece/{offset}/{end}],produces=[application/json]}" onto public java.util.List<mk.ukim.finki.wp.model.Listing> mk.ukim.finki.wp.web.ListingResource.getPiece(int,int)
2016-05-11 23:01:50,063 INFO [localhost-startStop-1] o.s.w.s.m.m.a.RequestMappingHandlerMapping [AbstractHandlerMethodMapping.java:217] Mapped "{[/api/listing/user/{id}],methods=[GET],produces=[application/json]}" onto public java.util.List<mk.ukim.finki.wp.model.Listing> mk.ukim.finki.wp.web.ListingResource.getAllListingsByUser(java.lang.Long)
2016-05-11 23:01:50,064 INFO [localhost-startStop-1] o.s.w.s.m.m.a.RequestMappingHandlerMapping [AbstractHandlerMethodMapping.java:217] Mapped "{[/api/listing/report/unread],methods=[GET],produces=[application/json]}" onto public java.util.List<mk.ukim.finki.wp.model.Report> mk.ukim.finki.wp.web.ListingResource.getAllUnreadReports()
2016-05-11 23:01:50,067 INFO [localhost-startStop-1] o.s.w.s.m.m.a.RequestMappingHandlerMapping [AbstractHandlerMethodMapping.java:217] Mapped "{[/api/user/message/{messageId}],produces=[application/json]}" onto public mk.ukim.finki.wp.model.Message mk.ukim.finki.wp.web.UserResource.getMessage(java.lang.Long)
2016-05-11 23:01:50,068 INFO [localhost-startStop-1] o.s.w.s.m.m.a.RequestMappingHandlerMapping [AbstractHandlerMethodMapping.java:217] Mapped "{[/api/user/message/sent/{userId}],methods=[GET],produces=[application/json]}" onto public java.util.List<mk.ukim.finki.wp.model.Message> mk.ukim.finki.wp.web.UserResource.getOutbox(java.lang.Long)
2016-05-11 23:01:50,068 INFO [localhost-startStop-1] o.s.w.s.m.m.a.RequestMappingHandlerMapping [AbstractHandlerMethodMapping.java:217] Mapped "{[/api/user/message/update/{messageId}],methods=[POST],produces=[application/json]}" onto public void mk.ukim.finki.wp.web.UserResource.toggleMessageState(java.lang.Long,java.lang.Boolean)
2016-05-11 23:01:50,068 INFO [localhost-startStop-1] o.s.w.s.m.m.a.RequestMappingHandlerMapping [AbstractHandlerMethodMapping.java:217] Mapped "{[/api/user/update/{id}],methods=[POST],produces=[application/json]}" onto public void mk.ukim.finki.wp.web.UserResource.updateUser(java.lang.Long,java.lang.String,java.lang.String,java.lang.String,java.lang.String,java.lang.String,java.lang.String)
2016-05-11 23:01:50,068 INFO [localhost-startStop-1] o.s.w.s.m.m.a.RequestMappingHandlerMapping [AbstractHandlerMethodMapping.java:217] Mapped "{[/api/user/signup],methods=[POST],produces=[application/json]}" onto public void mk.ukim.finki.wp.web.UserResource.signUpUser(java.lang.String,java.lang.String,java.lang.String,java.lang.String,java.lang.String,java.lang.String)
2016-05-11 23:01:50,069 INFO [localhost-startStop-1] o.s.w.s.m.m.a.RequestMappingHandlerMapping [AbstractHandlerMethodMapping.java:217] Mapped "{[/api/user/login],methods=[POST],produces=[application/json]}" onto public mk.ukim.finki.wp.model.User mk.ukim.finki.wp.web.UserResource.loginUser(java.lang.String,java.lang.String,javax.servlet.http.HttpSession)
2016-05-11 23:01:50,069 INFO [localhost-startStop-1] o.s.w.s.m.m.a.RequestMappingHandlerMapping [AbstractHandlerMethodMapping.java:217] Mapped "{[/api/user/remove/{id}],methods=[DELETE],produces=[application/json]}" onto public void mk.ukim.finki.wp.web.UserResource.removeUser(java.lang.Long)
2016-05-11 23:01:50,069 INFO [localhost-startStop-1] o.s.w.s.m.m.a.RequestMappingHandlerMapping [AbstractHandlerMethodMapping.java:217] Mapped "{[/api/user/message/received/{userId}],methods=[GET],produces=[application/json]}" onto public java.util.List<mk.ukim.finki.wp.model.Message> mk.ukim.finki.wp.web.UserResource.getInbox(java.lang.Long)
2016-05-11 23:01:50,070 INFO [localhost-startStop-1] o.s.w.s.m.m.a.RequestMappingHandlerMapping [AbstractHandlerMethodMapping.java:217] Mapped "{[/api/user],methods=[GET],produces=[application/json]}" onto public java.util.List<mk.ukim.finki.wp.model.User> mk.ukim.finki.wp.web.UserResource.getAllUsers()
2016-05-11 23:01:50,070 INFO [localhost-startStop-1] o.s.w.s.m.m.a.RequestMappingHandlerMapping [AbstractHandlerMethodMapping.java:217] Mapped "{[/api/user/message/new],methods=[POST],produces=[application/json]}" onto public void mk.ukim.finki.wp.web.UserResource.sendMessage(java.lang.String,java.lang.Long,java.lang.Long)
2016-05-11 23:01:50,070 INFO [localhost-startStop-1] o.s.w.s.m.m.a.RequestMappingHandlerMapping [AbstractHandlerMethodMapping.java:217] Mapped "{[/api/user/admin],methods=[GET],produces=[application/json]}" onto public java.util.List<mk.ukim.finki.wp.model.User> mk.ukim.finki.wp.web.UserResource.getAllAdmins()
2016-05-11 23:01:50,070 INFO [localhost-startStop-1] o.s.w.s.m.m.a.RequestMappingHandlerMapping [AbstractHandlerMethodMapping.java:217] Mapped "{[/api/user/{id}],methods=[GET],produces=[application/json]}" onto public mk.ukim.finki.wp.model.User mk.ukim.finki.wp.web.UserResource.getUser(java.lang.Long)
2016-05-11 23:01:50,692 INFO [localhost-startStop-1] o.s.w.s.m.m.a.RequestMappingHandlerAdapter [RequestMappingHandlerAdapter.java:517] Looking for @ControllerAdvice: WebApplicationContext for namespace 'dispatcherServlet-servlet': startup date [Wed May 11 23:01:49 CEST 2016]; parent: Root WebApplicationContext
2016-05-11 23:01:50,754 INFO [localhost-startStop-1] o.s.w.s.m.m.a.RequestMappingHandlerAdapter [RequestMappingHandlerAdapter.java:517] Looking for @ControllerAdvice: WebApplicationContext for namespace 'dispatcherServlet-servlet': startup date [Wed May 11 23:01:49 CEST 2016]; parent: Root WebApplicationContext
2016-05-11 23:01:50,848 INFO [localhost-startStop-1] o.s.w.s.h.SimpleUrlHandlerMapping [AbstractUrlHandlerMapping.java:314] Mapped URL path [/resources/**] onto handler 'org.springframework.web.servlet.resource.ResourceHttpRequestHandler#0'
2016-05-11 23:01:50,861 INFO [localhost-startStop-1] o.s.w.s.h.SimpleUrlHandlerMapping [AbstractUrlHandlerMapping.java:301] Root mapping to handler of type [class org.springframework.web.servlet.mvc.ParameterizableViewController]
2016-05-11 23:01:50,869 INFO [localhost-startStop-1] o.s.w.s.h.SimpleUrlHandlerMapping [AbstractUrlHandlerMapping.java:314] Mapped URL path [/**] onto handler 'org.springframework.web.servlet.resource.DefaultServletHttpRequestHandler#0'
2016-05-11 23:01:50,932 INFO [localhost-startStop-1] o.s.w.s.DispatcherServlet [FrameworkServlet.java:504] FrameworkServlet 'dispatcherServlet': initialization completed in 1533 ms
