2016-08-28 11:42:50,319 INFO [localhost-startStop-1] o.s.w.c.ContextLoader [ContextLoader.java:285] Root WebApplicationContext: initialization started
2016-08-28 11:42:50,504 INFO [localhost-startStop-1] o.s.w.c.s.XmlWebApplicationContext [AbstractApplicationContext.java:510] Refreshing Root WebApplicationContext: startup date [Sun Aug 28 11:42:50 CEST 2016]; root of context hierarchy
2016-08-28 11:42:50,567 INFO [localhost-startStop-1] o.s.b.f.x.XmlBeanDefinitionReader [XmlBeanDefinitionReader.java:317] Loading XML bean definitions from class path resource [spring/business-config.xml]
2016-08-28 11:42:51,624 INFO [localhost-startStop-1] o.s.b.f.x.XmlBeanDefinitionReader [XmlBeanDefinitionReader.java:317] Loading XML bean definitions from class path resource [spring/persistence-config.xml]
2016-08-28 11:42:52,137 INFO [localhost-startStop-1] o.s.c.s.PropertySourcesPlaceholderConfigurer [PropertiesLoaderSupport.java:172] Loading properties file from class path resource [spring/data-access.properties]
2016-08-28 11:42:52,444 INFO [localhost-startStop-1] o.s.o.j.LocalContainerEntityManagerFactoryBean [LocalContainerEntityManagerFactoryBean.java:339] Building JPA container EntityManagerFactory for persistence unit 'wp'
2016-08-28 11:42:52,494 INFO [localhost-startStop-1] o.h.j.i.u.LogHelper [LogHelper.java:46] HHH000204: Processing PersistenceUnitInfo [
	name: wp
	...]
2016-08-28 11:42:52,758 INFO [localhost-startStop-1] o.h.Version [Version.java:54] HHH000412: Hibernate Core {4.3.10.Final}
2016-08-28 11:42:52,761 INFO [localhost-startStop-1] o.h.c.Environment [Environment.java:239] HHH000206: hibernate.properties not found
2016-08-28 11:42:52,764 INFO [localhost-startStop-1] o.h.c.Environment [Environment.java:346] HHH000021: Bytecode provider name : javassist
2016-08-28 11:42:53,101 INFO [localhost-startStop-1] o.h.a.c.Version [JavaReflectionManager.java:66] HCANN000001: Hibernate Commons Annotations {4.0.5.Final}
2016-08-28 11:42:53,930 INFO [localhost-startStop-1] o.h.d.Dialect [Dialect.java:145] HHH000400: Using dialect: org.hibernate.dialect.MySQLDialect
2016-08-28 11:42:54,224 INFO [localhost-startStop-1] o.h.h.i.a.ASTQueryTranslatorFactory [ASTQueryTranslatorFactory.java:47] HHH000397: Using ASTQueryTranslatorFactory
2016-08-28 11:42:54,295 INFO [localhost-startStop-1] o.h.v.i.u.Version [Version.java:27] HV000001: Hibernate Validator 5.1.3.Final
2016-08-28 11:42:54,943 INFO [localhost-startStop-1] o.h.t.h.SchemaUpdate [SchemaUpdate.java:207] HHH000228: Running hbm2ddl schema update
2016-08-28 11:42:54,944 INFO [localhost-startStop-1] o.h.t.h.SchemaUpdate [SchemaUpdate.java:218] HHH000102: Fetching database metadata
2016-08-28 11:42:54,946 INFO [localhost-startStop-1] o.h.t.h.SchemaUpdate [SchemaUpdate.java:230] HHH000396: Updating schema
2016-08-28 11:42:55,124 INFO [localhost-startStop-1] o.h.t.h.TableMetadata [TableMetadata.java:65] HHH000261: Table found: wp_project.listing_image_urls
2016-08-28 11:42:55,125 INFO [localhost-startStop-1] o.h.t.h.TableMetadata [TableMetadata.java:66] HHH000037: Columns: [image_url, id]
2016-08-28 11:42:55,126 INFO [localhost-startStop-1] o.h.t.h.TableMetadata [TableMetadata.java:68] HHH000108: Foreign keys: [fk_63fej08dgmt8vrqlra370e656]
2016-08-28 11:42:55,128 INFO [localhost-startStop-1] o.h.t.h.TableMetadata [TableMetadata.java:69] HHH000126: Indexes: [uk_sm53naah72t24kigc0pfsb87o]
2016-08-28 11:42:55,187 INFO [localhost-startStop-1] o.h.t.h.TableMetadata [TableMetadata.java:65] HHH000261: Table found: wp_project.listing_location
2016-08-28 11:42:55,188 INFO [localhost-startStop-1] o.h.t.h.TableMetadata [TableMetadata.java:66] HHH000037: Columns: [lng, listing_id, name, id, lat]
2016-08-28 11:42:55,189 INFO [localhost-startStop-1] o.h.t.h.TableMetadata [TableMetadata.java:68] HHH000108: Foreign keys: [fk_8wo4wpsoysi97vn0tkbfym89j]
2016-08-28 11:42:55,189 INFO [localhost-startStop-1] o.h.t.h.TableMetadata [TableMetadata.java:69] HHH000126: Indexes: [fk_8wo4wpsoysi97vn0tkbfym89j, primary]
2016-08-28 11:42:55,217 INFO [localhost-startStop-1] o.h.t.h.TableMetadata [TableMetadata.java:65] HHH000261: Table found: wp_project.listings
2016-08-28 11:42:55,218 INFO [localhost-startStop-1] o.h.t.h.TableMetadata [TableMetadata.java:66] HHH000037: Columns: [user_id, id, title, createdon, content, location_id]
2016-08-28 11:42:55,218 INFO [localhost-startStop-1] o.h.t.h.TableMetadata [TableMetadata.java:68] HHH000108: Foreign keys: [fk_qv926x4jhroce71534nmady6a, fk_7ueigy3p0nqgafjwwuikhtyav]
2016-08-28 11:42:55,219 INFO [localhost-startStop-1] o.h.t.h.TableMetadata [TableMetadata.java:69] HHH000126: Indexes: [fk_qv926x4jhroce71534nmady6a, primary, fk_7ueigy3p0nqgafjwwuikhtyav]
2016-08-28 11:42:55,264 INFO [localhost-startStop-1] o.h.t.h.TableMetadata [TableMetadata.java:65] HHH000261: Table found: wp_project.messages
2016-08-28 11:42:55,265 INFO [localhost-startStop-1] o.h.t.h.TableMetadata [TableMetadata.java:66] HHH000037: Columns: [user_to, senton, user_from, id, content, seen]
2016-08-28 11:42:55,265 INFO [localhost-startStop-1] o.h.t.h.TableMetadata [TableMetadata.java:68] HHH000108: Foreign keys: [fk_ad469sdac6e7i74nt4w1bn3ad, fk_16t1rrh93xrwia8nqh69q13j3]
2016-08-28 11:42:55,266 INFO [localhost-startStop-1] o.h.t.h.TableMetadata [TableMetadata.java:69] HHH000126: Indexes: [fk_ad469sdac6e7i74nt4w1bn3ad, fk_16t1rrh93xrwia8nqh69q13j3, primary]
2016-08-28 11:42:55,297 INFO [localhost-startStop-1] o.h.t.h.TableMetadata [TableMetadata.java:65] HHH000261: Table found: wp_project.reports
2016-08-28 11:42:55,297 INFO [localhost-startStop-1] o.h.t.h.TableMetadata [TableMetadata.java:66] HHH000037: Columns: [listing_id, user_id, submittedon, id, content, seen]
2016-08-28 11:42:55,298 INFO [localhost-startStop-1] o.h.t.h.TableMetadata [TableMetadata.java:68] HHH000108: Foreign keys: [fk_sh41oex32tb46wjis5vruthgf, fk_c29wlg7b42duwp3r09r6ajd]
2016-08-28 11:42:55,298 INFO [localhost-startStop-1] o.h.t.h.TableMetadata [TableMetadata.java:69] HHH000126: Indexes: [fk_sh41oex32tb46wjis5vruthgf, fk_c29wlg7b42duwp3r09r6ajd, primary]
2016-08-28 11:42:55,334 INFO [localhost-startStop-1] o.h.t.h.TableMetadata [TableMetadata.java:65] HHH000261: Table found: wp_project.users
2016-08-28 11:42:55,335 INFO [localhost-startStop-1] o.h.t.h.TableMetadata [TableMetadata.java:66] HHH000037: Columns: [password, birthdate, isadmin, surname, imageurl, name, uploadpath, id, email, username]
2016-08-28 11:42:55,335 INFO [localhost-startStop-1] o.h.t.h.TableMetadata [TableMetadata.java:68] HHH000108: Foreign keys: []
2016-08-28 11:42:55,335 INFO [localhost-startStop-1] o.h.t.h.TableMetadata [TableMetadata.java:69] HHH000126: Indexes: [uk_r43af9ap4edm43mmtq01oddj6, primary]
2016-08-28 11:42:55,337 INFO [localhost-startStop-1] o.h.t.h.SchemaUpdate [SchemaUpdate.java:267] HHH000232: Schema update complete
2016-08-28 11:42:55,789 INFO [localhost-startStop-1] o.s.w.c.ContextLoader [ContextLoader.java:325] Root WebApplicationContext: initialization completed in 5449 ms
2016-08-28 11:42:55,818 INFO [localhost-startStop-1] o.s.w.s.DispatcherServlet [FrameworkServlet.java:485] FrameworkServlet 'dispatcherServlet': initialization started
2016-08-28 11:42:55,821 INFO [localhost-startStop-1] o.s.w.c.s.XmlWebApplicationContext [AbstractApplicationContext.java:510] Refreshing WebApplicationContext for namespace 'dispatcherServlet-servlet': startup date [Sun Aug 28 11:42:55 CEST 2016]; parent: Root WebApplicationContext
2016-08-28 11:42:55,823 INFO [localhost-startStop-1] o.s.b.f.x.XmlBeanDefinitionReader [XmlBeanDefinitionReader.java:317] Loading XML bean definitions from class path resource [spring/mvc-core-config.xml]
2016-08-28 11:42:55,871 INFO [localhost-startStop-1] o.s.b.f.x.XmlBeanDefinitionReader [XmlBeanDefinitionReader.java:317] Loading XML bean definitions from class path resource [spring/mvc-view-config.xml]
2016-08-28 11:42:56,255 INFO [localhost-startStop-1] o.s.w.s.m.m.a.RequestMappingHandlerMapping [AbstractHandlerMethodMapping.java:217] Mapped "{[/],methods=[GET]}" onto public org.springframework.web.servlet.ModelAndView mk.ukim.finki.wp.web.HomeController.index(javax.servlet.http.HttpServletRequest)
2016-08-28 11:42:56,256 INFO [localhost-startStop-1] o.s.w.s.m.m.a.RequestMappingHandlerMapping [AbstractHandlerMethodMapping.java:217] Mapped "{[/login],methods=[GET]}" onto public org.springframework.web.servlet.ModelAndView mk.ukim.finki.wp.web.HomeController.login()
2016-08-28 11:42:56,256 INFO [localhost-startStop-1] o.s.w.s.m.m.a.RequestMappingHandlerMapping [AbstractHandlerMethodMapping.java:217] Mapped "{[/listing],methods=[POST]}" onto public org.springframework.web.servlet.ModelAndView mk.ukim.finki.wp.web.HomeController.createListing(java.lang.String,java.lang.String,java.util.ArrayList<org.springframework.web.multipart.MultipartFile>,java.lang.String,java.lang.String,java.lang.String)
2016-08-28 11:42:56,257 INFO [localhost-startStop-1] o.s.w.s.m.m.a.RequestMappingHandlerMapping [AbstractHandlerMethodMapping.java:217] Mapped "{[/],methods=[POST]}" onto public org.springframework.web.servlet.ModelAndView mk.ukim.finki.wp.web.HomeController.afterSubmit(java.lang.String,java.lang.String,java.lang.String,java.lang.String,java.lang.String,java.lang.String,org.springframework.web.multipart.MultipartFile)
2016-08-28 11:42:56,257 INFO [localhost-startStop-1] o.s.w.s.m.m.a.RequestMappingHandlerMapping [AbstractHandlerMethodMapping.java:217] Mapped "{[/listing],methods=[GET]}" onto public org.springframework.web.servlet.ModelAndView mk.ukim.finki.wp.web.HomeController.indexListing()
2016-08-28 11:42:56,266 INFO [localhost-startStop-1] o.s.w.s.m.m.a.RequestMappingHandlerMapping [AbstractHandlerMethodMapping.java:217] Mapped "{[/api/listing/search/{keyword}],methods=[GET],produces=[application/json]}" onto public java.util.List<mk.ukim.finki.wp.model.Listing> mk.ukim.finki.wp.web.ListingResource.search(java.lang.String)
2016-08-28 11:42:56,267 INFO [localhost-startStop-1] o.s.w.s.m.m.a.RequestMappingHandlerMapping [AbstractHandlerMethodMapping.java:217] Mapped "{[/api/listing/search/nearby/{currentLat}/{currentLng}/{maxDistance}],methods=[GET],produces=[application/json]}" onto public java.util.List<mk.ukim.finki.wp.model.Listing> mk.ukim.finki.wp.web.ListingResource.search(java.lang.String,java.lang.String,java.lang.String)
2016-08-28 11:42:56,267 INFO [localhost-startStop-1] o.s.w.s.m.m.a.RequestMappingHandlerMapping [AbstractHandlerMethodMapping.java:217] Mapped "{[/api/listing/user/{id}],methods=[GET],produces=[application/json]}" onto public java.util.List<mk.ukim.finki.wp.model.Listing> mk.ukim.finki.wp.web.ListingResource.getAllListingsByUser(java.lang.Long)
2016-08-28 11:42:56,268 INFO [localhost-startStop-1] o.s.w.s.m.m.a.RequestMappingHandlerMapping [AbstractHandlerMethodMapping.java:217] Mapped "{[/api/listing/report/unread],methods=[GET],produces=[application/json]}" onto public java.util.List<mk.ukim.finki.wp.model.Report> mk.ukim.finki.wp.web.ListingResource.getAllUnreadReports()
2016-08-28 11:42:56,268 INFO [localhost-startStop-1] o.s.w.s.m.m.a.RequestMappingHandlerMapping [AbstractHandlerMethodMapping.java:217] Mapped "{[/api/listing/{id}],methods=[GET],produces=[application/json]}" onto public mk.ukim.finki.wp.model.Listing mk.ukim.finki.wp.web.ListingResource.getListing(java.lang.Long)
2016-08-28 11:42:56,269 INFO [localhost-startStop-1] o.s.w.s.m.m.a.RequestMappingHandlerMapping [AbstractHandlerMethodMapping.java:217] Mapped "{[/api/listing/report/update/{id}],methods=[POST],produces=[application/json]}" onto public void mk.ukim.finki.wp.web.ListingResource.updateReport(java.lang.Long,java.lang.Boolean)
2016-08-28 11:42:56,270 INFO [localhost-startStop-1] o.s.w.s.m.m.a.RequestMappingHandlerMapping [AbstractHandlerMethodMapping.java:217] Mapped "{[/api/listing/piece/{offset}/{end}],produces=[application/json]}" onto public java.util.List<mk.ukim.finki.wp.model.Listing> mk.ukim.finki.wp.web.ListingResource.getPiece(int,int)
2016-08-28 11:42:56,270 INFO [localhost-startStop-1] o.s.w.s.m.m.a.RequestMappingHandlerMapping [AbstractHandlerMethodMapping.java:217] Mapped "{[/api/listing/new],methods=[POST],produces=[application/json]}" onto public mk.ukim.finki.wp.model.Listing mk.ukim.finki.wp.web.ListingResource.createListing(java.lang.String,java.lang.String,java.util.ArrayList<org.springframework.web.multipart.MultipartFile>,java.lang.Long,java.lang.String,java.lang.String,java.lang.String)
2016-08-28 11:42:56,271 INFO [localhost-startStop-1] o.s.w.s.m.m.a.RequestMappingHandlerMapping [AbstractHandlerMethodMapping.java:217] Mapped "{[/api/listing/report],methods=[GET],produces=[application/json]}" onto public java.util.List<mk.ukim.finki.wp.model.Report> mk.ukim.finki.wp.web.ListingResource.getAllReports()
2016-08-28 11:42:56,272 INFO [localhost-startStop-1] o.s.w.s.m.m.a.RequestMappingHandlerMapping [AbstractHandlerMethodMapping.java:217] Mapped "{[/api/listing/byDate/{day}/{month}/{year}],methods=[GET],produces=[application/json]}" onto public java.util.List<mk.ukim.finki.wp.model.Listing> mk.ukim.finki.wp.web.ListingResource.filterByDate(java.lang.Integer,java.lang.Integer,java.lang.Integer)
2016-08-28 11:42:56,273 INFO [localhost-startStop-1] o.s.w.s.m.m.a.RequestMappingHandlerMapping [AbstractHandlerMethodMapping.java:217] Mapped "{[/api/listing/{id}],methods=[DELETE],produces=[application/json]}" onto public void mk.ukim.finki.wp.web.ListingResource.deleteListing(java.lang.Long)
2016-08-28 11:42:56,274 INFO [localhost-startStop-1] o.s.w.s.m.m.a.RequestMappingHandlerMapping [AbstractHandlerMethodMapping.java:217] Mapped "{[/api/listing/report/new],methods=[POST],produces=[application/json]}" onto public void mk.ukim.finki.wp.web.ListingResource.createReport(java.lang.String,java.lang.Long,java.lang.Long)
2016-08-28 11:42:56,275 INFO [localhost-startStop-1] o.s.w.s.m.m.a.RequestMappingHandlerMapping [AbstractHandlerMethodMapping.java:217] Mapped "{[/api/listing],methods=[GET],produces=[application/json]}" onto public java.util.List<mk.ukim.finki.wp.model.Listing> mk.ukim.finki.wp.web.ListingResource.getAllListings()
2016-08-28 11:42:56,276 INFO [localhost-startStop-1] o.s.w.s.m.m.a.RequestMappingHandlerMapping [AbstractHandlerMethodMapping.java:217] Mapped "{[/api/listing/report/{id}],methods=[GET],produces=[application/json]}" onto public mk.ukim.finki.wp.model.Report mk.ukim.finki.wp.web.ListingResource.getReport(java.lang.Long)
2016-08-28 11:42:56,276 INFO [localhost-startStop-1] o.s.w.s.m.m.a.RequestMappingHandlerMapping [AbstractHandlerMethodMapping.java:217] Mapped "{[/api/listing/graph],methods=[GET],produces=[application/json]}" onto public java.util.List<java.lang.Integer> mk.ukim.finki.wp.web.ListingResource.graphData()
2016-08-28 11:42:56,277 INFO [localhost-startStop-1] o.s.w.s.m.m.a.RequestMappingHandlerMapping [AbstractHandlerMethodMapping.java:217] Mapped "{[/api/listing/isOwner/{id}],methods=[GET],produces=[application/json]}" onto public boolean mk.ukim.finki.wp.web.ListingResource.isOwner(java.lang.Long,javax.servlet.http.HttpSession)
2016-08-28 11:42:56,277 INFO [localhost-startStop-1] o.s.w.s.m.m.a.RequestMappingHandlerMapping [AbstractHandlerMethodMapping.java:217] Mapped "{[/api/listing/edit],methods=[POST],produces=[application/json]}" onto public void mk.ukim.finki.wp.web.ListingResource.editListing(java.lang.Long,java.lang.String,java.lang.String,javax.servlet.http.HttpSession)
2016-08-28 11:42:56,281 INFO [localhost-startStop-1] o.s.w.s.m.m.a.RequestMappingHandlerMapping [AbstractHandlerMethodMapping.java:217] Mapped "{[/api/user/message/{messageId}],produces=[application/json]}" onto public mk.ukim.finki.wp.model.Message mk.ukim.finki.wp.web.UserResource.getMessage(java.lang.Long)
2016-08-28 11:42:56,281 INFO [localhost-startStop-1] o.s.w.s.m.m.a.RequestMappingHandlerMapping [AbstractHandlerMethodMapping.java:217] Mapped "{[/api/user/by/{username}],methods=[GET],produces=[application/json]}" onto public mk.ukim.finki.wp.model.User mk.ukim.finki.wp.web.UserResource.getUser(java.lang.String)
2016-08-28 11:42:56,282 INFO [localhost-startStop-1] o.s.w.s.m.m.a.RequestMappingHandlerMapping [AbstractHandlerMethodMapping.java:217] Mapped "{[/api/user/{id}],methods=[GET],produces=[application/json]}" onto public mk.ukim.finki.wp.model.User mk.ukim.finki.wp.web.UserResource.getUser(java.lang.Long)
2016-08-28 11:42:56,287 INFO [localhost-startStop-1] o.s.w.s.m.m.a.RequestMappingHandlerMapping [AbstractHandlerMethodMapping.java:217] Mapped "{[/api/user/message/new],methods=[POST],produces=[application/json]}" onto public void mk.ukim.finki.wp.web.UserResource.sendMessage(java.lang.String,java.lang.Long,java.lang.Long)
2016-08-28 11:42:56,290 INFO [localhost-startStop-1] o.s.w.s.m.m.a.RequestMappingHandlerMapping [AbstractHandlerMethodMapping.java:217] Mapped "{[/api/user/message/received/{userId}],methods=[GET],produces=[application/json]}" onto public java.util.List<mk.ukim.finki.wp.model.Message> mk.ukim.finki.wp.web.UserResource.getInbox(java.lang.Long)
2016-08-28 11:42:56,291 INFO [localhost-startStop-1] o.s.w.s.m.m.a.RequestMappingHandlerMapping [AbstractHandlerMethodMapping.java:217] Mapped "{[/api/user],methods=[GET],produces=[application/json]}" onto public java.util.List<mk.ukim.finki.wp.model.User> mk.ukim.finki.wp.web.UserResource.getAllUsers()
2016-08-28 11:42:56,292 INFO [localhost-startStop-1] o.s.w.s.m.m.a.RequestMappingHandlerMapping [AbstractHandlerMethodMapping.java:217] Mapped "{[/api/user/admin],methods=[GET],produces=[application/json]}" onto public java.util.List<mk.ukim.finki.wp.model.User> mk.ukim.finki.wp.web.UserResource.getAllAdmins()
2016-08-28 11:42:56,293 INFO [localhost-startStop-1] o.s.w.s.m.m.a.RequestMappingHandlerMapping [AbstractHandlerMethodMapping.java:217] Mapped "{[/api/user/message/sent/{userId}],methods=[GET],produces=[application/json]}" onto public java.util.List<mk.ukim.finki.wp.model.Message> mk.ukim.finki.wp.web.UserResource.getOutbox(java.lang.Long)
2016-08-28 11:42:56,295 INFO [localhost-startStop-1] o.s.w.s.m.m.a.RequestMappingHandlerMapping [AbstractHandlerMethodMapping.java:217] Mapped "{[/api/user/remove/{id}],methods=[DELETE],produces=[application/json]}" onto public void mk.ukim.finki.wp.web.UserResource.removeUser(java.lang.Long)
2016-08-28 11:42:56,297 INFO [localhost-startStop-1] o.s.w.s.m.m.a.RequestMappingHandlerMapping [AbstractHandlerMethodMapping.java:217] Mapped "{[/api/user/update/{id}],methods=[POST],produces=[application/json]}" onto public void mk.ukim.finki.wp.web.UserResource.updateUser(java.lang.Long,java.lang.String,java.lang.String,java.lang.String,java.lang.String,java.lang.String,java.lang.String)
2016-08-28 11:42:56,298 INFO [localhost-startStop-1] o.s.w.s.m.m.a.RequestMappingHandlerMapping [AbstractHandlerMethodMapping.java:217] Mapped "{[/api/user/login],methods=[POST],produces=[application/json]}" onto public mk.ukim.finki.wp.model.User mk.ukim.finki.wp.web.UserResource.loginUser(java.lang.String,java.lang.String,javax.servlet.http.HttpSession)
2016-08-28 11:42:56,299 INFO [localhost-startStop-1] o.s.w.s.m.m.a.RequestMappingHandlerMapping [AbstractHandlerMethodMapping.java:217] Mapped "{[/api/user/signup],methods=[POST],produces=[application/json]}" onto public void mk.ukim.finki.wp.web.UserResource.signUpUser(java.lang.String,java.lang.String,java.lang.String,java.lang.String,java.lang.String,java.lang.String)
2016-08-28 11:42:56,299 INFO [localhost-startStop-1] o.s.w.s.m.m.a.RequestMappingHandlerMapping [AbstractHandlerMethodMapping.java:217] Mapped "{[/api/user/message/update/{messageId}],methods=[POST],produces=[application/json]}" onto public void mk.ukim.finki.wp.web.UserResource.toggleMessageState(java.lang.Long,java.lang.Boolean)
2016-08-28 11:42:56,900 INFO [localhost-startStop-1] o.s.w.s.m.m.a.RequestMappingHandlerAdapter [RequestMappingHandlerAdapter.java:517] Looking for @ControllerAdvice: WebApplicationContext for namespace 'dispatcherServlet-servlet': startup date [Sun Aug 28 11:42:55 CEST 2016]; parent: Root WebApplicationContext
2016-08-28 11:42:56,959 INFO [localhost-startStop-1] o.s.w.s.m.m.a.RequestMappingHandlerAdapter [RequestMappingHandlerAdapter.java:517] Looking for @ControllerAdvice: WebApplicationContext for namespace 'dispatcherServlet-servlet': startup date [Sun Aug 28 11:42:55 CEST 2016]; parent: Root WebApplicationContext
2016-08-28 11:42:57,075 INFO [localhost-startStop-1] o.s.w.s.h.SimpleUrlHandlerMapping [AbstractUrlHandlerMapping.java:314] Mapped URL path [/resources/**] onto handler 'org.springframework.web.servlet.resource.ResourceHttpRequestHandler#0'
2016-08-28 11:42:57,084 INFO [localhost-startStop-1] o.s.w.s.h.SimpleUrlHandlerMapping [AbstractUrlHandlerMapping.java:301] Root mapping to handler of type [class org.springframework.web.servlet.mvc.ParameterizableViewController]
2016-08-28 11:42:57,091 INFO [localhost-startStop-1] o.s.w.s.h.SimpleUrlHandlerMapping [AbstractUrlHandlerMapping.java:314] Mapped URL path [/**] onto handler 'org.springframework.web.servlet.resource.DefaultServletHttpRequestHandler#0'
2016-08-28 11:42:57,136 INFO [localhost-startStop-1] o.s.w.s.DispatcherServlet [FrameworkServlet.java:504] FrameworkServlet 'dispatcherServlet': initialization completed in 1318 ms
2016-08-28 17:34:48,002 INFO [localhost-startStop-1] o.s.w.c.ContextLoader [ContextLoader.java:285] Root WebApplicationContext: initialization started
2016-08-28 17:34:48,147 INFO [localhost-startStop-1] o.s.w.c.s.XmlWebApplicationContext [AbstractApplicationContext.java:510] Refreshing Root WebApplicationContext: startup date [Sun Aug 28 17:34:48 CEST 2016]; root of context hierarchy
2016-08-28 17:34:48,200 INFO [localhost-startStop-1] o.s.b.f.x.XmlBeanDefinitionReader [XmlBeanDefinitionReader.java:317] Loading XML bean definitions from class path resource [spring/business-config.xml]
2016-08-28 17:34:48,715 INFO [localhost-startStop-1] o.s.b.f.x.XmlBeanDefinitionReader [XmlBeanDefinitionReader.java:317] Loading XML bean definitions from class path resource [spring/persistence-config.xml]
2016-08-28 17:34:49,492 INFO [localhost-startStop-1] o.s.c.s.PropertySourcesPlaceholderConfigurer [PropertiesLoaderSupport.java:172] Loading properties file from class path resource [spring/data-access.properties]
2016-08-28 17:34:49,811 INFO [localhost-startStop-1] o.s.o.j.LocalContainerEntityManagerFactoryBean [LocalContainerEntityManagerFactoryBean.java:339] Building JPA container EntityManagerFactory for persistence unit 'wp'
2016-08-28 17:34:49,878 INFO [localhost-startStop-1] o.h.j.i.u.LogHelper [LogHelper.java:46] HHH000204: Processing PersistenceUnitInfo [
	name: wp
	...]
2016-08-28 17:34:50,131 INFO [localhost-startStop-1] o.h.Version [Version.java:54] HHH000412: Hibernate Core {4.3.10.Final}
2016-08-28 17:34:50,136 INFO [localhost-startStop-1] o.h.c.Environment [Environment.java:239] HHH000206: hibernate.properties not found
2016-08-28 17:34:50,139 INFO [localhost-startStop-1] o.h.c.Environment [Environment.java:346] HHH000021: Bytecode provider name : javassist
2016-08-28 17:34:50,558 INFO [localhost-startStop-1] o.h.a.c.Version [JavaReflectionManager.java:66] HCANN000001: Hibernate Commons Annotations {4.0.5.Final}
2016-08-28 17:34:51,784 INFO [localhost-startStop-1] o.h.d.Dialect [Dialect.java:145] HHH000400: Using dialect: org.hibernate.dialect.MySQLDialect
2016-08-28 17:34:52,218 INFO [localhost-startStop-1] o.h.h.i.a.ASTQueryTranslatorFactory [ASTQueryTranslatorFactory.java:47] HHH000397: Using ASTQueryTranslatorFactory
2016-08-28 17:34:52,366 INFO [localhost-startStop-1] o.h.v.i.u.Version [Version.java:27] HV000001: Hibernate Validator 5.1.3.Final
2016-08-28 17:34:53,562 INFO [localhost-startStop-1] o.h.t.h.SchemaUpdate [SchemaUpdate.java:207] HHH000228: Running hbm2ddl schema update
2016-08-28 17:34:53,563 INFO [localhost-startStop-1] o.h.t.h.SchemaUpdate [SchemaUpdate.java:218] HHH000102: Fetching database metadata
2016-08-28 17:34:53,566 INFO [localhost-startStop-1] o.h.t.h.SchemaUpdate [SchemaUpdate.java:230] HHH000396: Updating schema
2016-08-28 17:34:53,660 INFO [localhost-startStop-1] o.h.t.h.TableMetadata [TableMetadata.java:65] HHH000261: Table found: wp_project.listing_image_urls
2016-08-28 17:34:53,662 INFO [localhost-startStop-1] o.h.t.h.TableMetadata [TableMetadata.java:66] HHH000037: Columns: [image_url, id]
2016-08-28 17:34:53,663 INFO [localhost-startStop-1] o.h.t.h.TableMetadata [TableMetadata.java:68] HHH000108: Foreign keys: [fk_63fej08dgmt8vrqlra370e656]
2016-08-28 17:34:53,665 INFO [localhost-startStop-1] o.h.t.h.TableMetadata [TableMetadata.java:69] HHH000126: Indexes: [uk_sm53naah72t24kigc0pfsb87o]
2016-08-28 17:34:53,707 INFO [localhost-startStop-1] o.h.t.h.TableMetadata [TableMetadata.java:65] HHH000261: Table found: wp_project.listing_location
2016-08-28 17:34:53,709 INFO [localhost-startStop-1] o.h.t.h.TableMetadata [TableMetadata.java:66] HHH000037: Columns: [lng, listing_id, name, id, lat]
2016-08-28 17:34:53,711 INFO [localhost-startStop-1] o.h.t.h.TableMetadata [TableMetadata.java:68] HHH000108: Foreign keys: [fk_8wo4wpsoysi97vn0tkbfym89j]
2016-08-28 17:34:53,712 INFO [localhost-startStop-1] o.h.t.h.TableMetadata [TableMetadata.java:69] HHH000126: Indexes: [fk_8wo4wpsoysi97vn0tkbfym89j, primary]
2016-08-28 17:34:53,776 INFO [localhost-startStop-1] o.h.t.h.TableMetadata [TableMetadata.java:65] HHH000261: Table found: wp_project.listings
2016-08-28 17:34:53,777 INFO [localhost-startStop-1] o.h.t.h.TableMetadata [TableMetadata.java:66] HHH000037: Columns: [user_id, id, title, createdon, content, location_id]
2016-08-28 17:34:53,778 INFO [localhost-startStop-1] o.h.t.h.TableMetadata [TableMetadata.java:68] HHH000108: Foreign keys: [fk_qv926x4jhroce71534nmady6a, fk_7ueigy3p0nqgafjwwuikhtyav]
2016-08-28 17:34:53,779 INFO [localhost-startStop-1] o.h.t.h.TableMetadata [TableMetadata.java:69] HHH000126: Indexes: [fk_qv926x4jhroce71534nmady6a, primary, fk_7ueigy3p0nqgafjwwuikhtyav]
2016-08-28 17:34:53,843 INFO [localhost-startStop-1] o.h.t.h.TableMetadata [TableMetadata.java:65] HHH000261: Table found: wp_project.messages
2016-08-28 17:34:53,844 INFO [localhost-startStop-1] o.h.t.h.TableMetadata [TableMetadata.java:66] HHH000037: Columns: [user_to, senton, user_from, id, content, seen]
2016-08-28 17:34:53,845 INFO [localhost-startStop-1] o.h.t.h.TableMetadata [TableMetadata.java:68] HHH000108: Foreign keys: [fk_ad469sdac6e7i74nt4w1bn3ad, fk_16t1rrh93xrwia8nqh69q13j3]
2016-08-28 17:34:53,846 INFO [localhost-startStop-1] o.h.t.h.TableMetadata [TableMetadata.java:69] HHH000126: Indexes: [fk_ad469sdac6e7i74nt4w1bn3ad, fk_16t1rrh93xrwia8nqh69q13j3, primary]
2016-08-28 17:34:53,880 INFO [localhost-startStop-1] o.h.t.h.TableMetadata [TableMetadata.java:65] HHH000261: Table found: wp_project.reports
2016-08-28 17:34:53,880 INFO [localhost-startStop-1] o.h.t.h.TableMetadata [TableMetadata.java:66] HHH000037: Columns: [listing_id, user_id, submittedon, id, content, seen]
2016-08-28 17:34:53,881 INFO [localhost-startStop-1] o.h.t.h.TableMetadata [TableMetadata.java:68] HHH000108: Foreign keys: [fk_sh41oex32tb46wjis5vruthgf, fk_c29wlg7b42duwp3r09r6ajd]
2016-08-28 17:34:53,882 INFO [localhost-startStop-1] o.h.t.h.TableMetadata [TableMetadata.java:69] HHH000126: Indexes: [fk_sh41oex32tb46wjis5vruthgf, fk_c29wlg7b42duwp3r09r6ajd, primary]
2016-08-28 17:34:53,909 INFO [localhost-startStop-1] o.h.t.h.TableMetadata [TableMetadata.java:65] HHH000261: Table found: wp_project.users
2016-08-28 17:34:53,910 INFO [localhost-startStop-1] o.h.t.h.TableMetadata [TableMetadata.java:66] HHH000037: Columns: [password, birthdate, isadmin, surname, imageurl, name, uploadpath, id, email, username]
2016-08-28 17:34:53,911 INFO [localhost-startStop-1] o.h.t.h.TableMetadata [TableMetadata.java:68] HHH000108: Foreign keys: []
2016-08-28 17:34:53,911 INFO [localhost-startStop-1] o.h.t.h.TableMetadata [TableMetadata.java:69] HHH000126: Indexes: [uk_r43af9ap4edm43mmtq01oddj6, primary]
2016-08-28 17:34:53,913 INFO [localhost-startStop-1] o.h.t.h.SchemaUpdate [SchemaUpdate.java:267] HHH000232: Schema update complete
2016-08-28 17:34:54,762 INFO [localhost-startStop-1] o.s.w.c.ContextLoader [ContextLoader.java:325] Root WebApplicationContext: initialization completed in 6739 ms
2016-08-28 17:34:54,791 INFO [localhost-startStop-1] o.s.w.s.DispatcherServlet [FrameworkServlet.java:485] FrameworkServlet 'dispatcherServlet': initialization started
2016-08-28 17:34:54,794 INFO [localhost-startStop-1] o.s.w.c.s.XmlWebApplicationContext [AbstractApplicationContext.java:510] Refreshing WebApplicationContext for namespace 'dispatcherServlet-servlet': startup date [Sun Aug 28 17:34:54 CEST 2016]; parent: Root WebApplicationContext
2016-08-28 17:34:54,795 INFO [localhost-startStop-1] o.s.b.f.x.XmlBeanDefinitionReader [XmlBeanDefinitionReader.java:317] Loading XML bean definitions from class path resource [spring/mvc-core-config.xml]
2016-08-28 17:34:54,871 INFO [localhost-startStop-1] o.s.b.f.x.XmlBeanDefinitionReader [XmlBeanDefinitionReader.java:317] Loading XML bean definitions from class path resource [spring/mvc-view-config.xml]
2016-08-28 17:34:55,426 INFO [localhost-startStop-1] o.s.w.s.m.m.a.RequestMappingHandlerMapping [AbstractHandlerMethodMapping.java:217] Mapped "{[/],methods=[GET]}" onto public org.springframework.web.servlet.ModelAndView mk.ukim.finki.wp.web.HomeController.index(javax.servlet.http.HttpServletRequest)
2016-08-28 17:34:55,427 INFO [localhost-startStop-1] o.s.w.s.m.m.a.RequestMappingHandlerMapping [AbstractHandlerMethodMapping.java:217] Mapped "{[/login],methods=[GET]}" onto public org.springframework.web.servlet.ModelAndView mk.ukim.finki.wp.web.HomeController.login()
2016-08-28 17:34:55,427 INFO [localhost-startStop-1] o.s.w.s.m.m.a.RequestMappingHandlerMapping [AbstractHandlerMethodMapping.java:217] Mapped "{[/listing],methods=[POST]}" onto public org.springframework.web.servlet.ModelAndView mk.ukim.finki.wp.web.HomeController.createListing(java.lang.String,java.lang.String,java.util.ArrayList<org.springframework.web.multipart.MultipartFile>,java.lang.String,java.lang.String,java.lang.String)
2016-08-28 17:34:55,428 INFO [localhost-startStop-1] o.s.w.s.m.m.a.RequestMappingHandlerMapping [AbstractHandlerMethodMapping.java:217] Mapped "{[/],methods=[POST]}" onto public org.springframework.web.servlet.ModelAndView mk.ukim.finki.wp.web.HomeController.afterSubmit(java.lang.String,java.lang.String,java.lang.String,java.lang.String,java.lang.String,java.lang.String,org.springframework.web.multipart.MultipartFile)
2016-08-28 17:34:55,428 INFO [localhost-startStop-1] o.s.w.s.m.m.a.RequestMappingHandlerMapping [AbstractHandlerMethodMapping.java:217] Mapped "{[/listing],methods=[GET]}" onto public org.springframework.web.servlet.ModelAndView mk.ukim.finki.wp.web.HomeController.indexListing()
2016-08-28 17:34:55,441 INFO [localhost-startStop-1] o.s.w.s.m.m.a.RequestMappingHandlerMapping [AbstractHandlerMethodMapping.java:217] Mapped "{[/api/listing/search/{keyword}],methods=[GET],produces=[application/json]}" onto public java.util.List<mk.ukim.finki.wp.model.Listing> mk.ukim.finki.wp.web.ListingResource.search(java.lang.String)
2016-08-28 17:34:55,442 INFO [localhost-startStop-1] o.s.w.s.m.m.a.RequestMappingHandlerMapping [AbstractHandlerMethodMapping.java:217] Mapped "{[/api/listing/search/nearby/{currentLat}/{currentLng}/{maxDistance}],methods=[GET],produces=[application/json]}" onto public java.util.List<mk.ukim.finki.wp.model.Listing> mk.ukim.finki.wp.web.ListingResource.search(java.lang.String,java.lang.String,java.lang.String)
2016-08-28 17:34:55,443 INFO [localhost-startStop-1] o.s.w.s.m.m.a.RequestMappingHandlerMapping [AbstractHandlerMethodMapping.java:217] Mapped "{[/api/listing/byDate/{day}/{month}/{year}],methods=[GET],produces=[application/json]}" onto public java.util.List<mk.ukim.finki.wp.model.Listing> mk.ukim.finki.wp.web.ListingResource.filterByDate(java.lang.Integer,java.lang.Integer,java.lang.Integer)
2016-08-28 17:34:55,443 INFO [localhost-startStop-1] o.s.w.s.m.m.a.RequestMappingHandlerMapping [AbstractHandlerMethodMapping.java:217] Mapped "{[/api/listing/report/update/{id}],methods=[POST],produces=[application/json]}" onto public void mk.ukim.finki.wp.web.ListingResource.updateReport(java.lang.Long,java.lang.Boolean)
2016-08-28 17:34:55,444 INFO [localhost-startStop-1] o.s.w.s.m.m.a.RequestMappingHandlerMapping [AbstractHandlerMethodMapping.java:217] Mapped "{[/api/listing/new],methods=[POST],produces=[application/json]}" onto public mk.ukim.finki.wp.model.Listing mk.ukim.finki.wp.web.ListingResource.createListing(java.lang.String,java.lang.String,java.util.ArrayList<org.springframework.web.multipart.MultipartFile>,java.lang.Long,java.lang.String,java.lang.String,java.lang.String)
2016-08-28 17:34:55,445 INFO [localhost-startStop-1] o.s.w.s.m.m.a.RequestMappingHandlerMapping [AbstractHandlerMethodMapping.java:217] Mapped "{[/api/listing/piece/{offset}/{end}],produces=[application/json]}" onto public java.util.List<mk.ukim.finki.wp.model.Listing> mk.ukim.finki.wp.web.ListingResource.getPiece(int,int)
2016-08-28 17:34:55,445 INFO [localhost-startStop-1] o.s.w.s.m.m.a.RequestMappingHandlerMapping [AbstractHandlerMethodMapping.java:217] Mapped "{[/api/listing/report],methods=[GET],produces=[application/json]}" onto public java.util.List<mk.ukim.finki.wp.model.Report> mk.ukim.finki.wp.web.ListingResource.getAllReports()
2016-08-28 17:34:55,446 INFO [localhost-startStop-1] o.s.w.s.m.m.a.RequestMappingHandlerMapping [AbstractHandlerMethodMapping.java:217] Mapped "{[/api/listing/report/{id}],methods=[GET],produces=[application/json]}" onto public mk.ukim.finki.wp.model.Report mk.ukim.finki.wp.web.ListingResource.getReport(java.lang.Long)
2016-08-28 17:34:55,446 INFO [localhost-startStop-1] o.s.w.s.m.m.a.RequestMappingHandlerMapping [AbstractHandlerMethodMapping.java:217] Mapped "{[/api/listing/graph],methods=[GET],produces=[application/json]}" onto public java.util.List<java.lang.Integer> mk.ukim.finki.wp.web.ListingResource.graphData()
2016-08-28 17:34:55,447 INFO [localhost-startStop-1] o.s.w.s.m.m.a.RequestMappingHandlerMapping [AbstractHandlerMethodMapping.java:217] Mapped "{[/api/listing/report/new],methods=[POST],produces=[application/json]}" onto public void mk.ukim.finki.wp.web.ListingResource.createReport(java.lang.String,java.lang.Long,java.lang.Long)
2016-08-28 17:34:55,448 INFO [localhost-startStop-1] o.s.w.s.m.m.a.RequestMappingHandlerMapping [AbstractHandlerMethodMapping.java:217] Mapped "{[/api/listing/{id}],methods=[DELETE],produces=[application/json]}" onto public void mk.ukim.finki.wp.web.ListingResource.deleteListing(java.lang.Long)
2016-08-28 17:34:55,448 INFO [localhost-startStop-1] o.s.w.s.m.m.a.RequestMappingHandlerMapping [AbstractHandlerMethodMapping.java:217] Mapped "{[/api/listing],methods=[GET],produces=[application/json]}" onto public java.util.List<mk.ukim.finki.wp.model.Listing> mk.ukim.finki.wp.web.ListingResource.getAllListings()
2016-08-28 17:34:55,449 INFO [localhost-startStop-1] o.s.w.s.m.m.a.RequestMappingHandlerMapping [AbstractHandlerMethodMapping.java:217] Mapped "{[/api/listing/isOwner/{id}],methods=[GET],produces=[application/json]}" onto public boolean mk.ukim.finki.wp.web.ListingResource.isOwner(java.lang.Long,javax.servlet.http.HttpSession)
2016-08-28 17:34:55,450 INFO [localhost-startStop-1] o.s.w.s.m.m.a.RequestMappingHandlerMapping [AbstractHandlerMethodMapping.java:217] Mapped "{[/api/listing/edit],methods=[POST],produces=[application/json]}" onto public void mk.ukim.finki.wp.web.ListingResource.editListing(java.lang.Long,java.lang.String,java.lang.String,javax.servlet.http.HttpSession)
2016-08-28 17:34:55,451 INFO [localhost-startStop-1] o.s.w.s.m.m.a.RequestMappingHandlerMapping [AbstractHandlerMethodMapping.java:217] Mapped "{[/api/listing/{id}],methods=[GET],produces=[application/json]}" onto public mk.ukim.finki.wp.model.Listing mk.ukim.finki.wp.web.ListingResource.getListing(java.lang.Long)
2016-08-28 17:34:55,451 INFO [localhost-startStop-1] o.s.w.s.m.m.a.RequestMappingHandlerMapping [AbstractHandlerMethodMapping.java:217] Mapped "{[/api/listing/report/unread],methods=[GET],produces=[application/json]}" onto public java.util.List<mk.ukim.finki.wp.model.Report> mk.ukim.finki.wp.web.ListingResource.getAllUnreadReports()
2016-08-28 17:34:55,452 INFO [localhost-startStop-1] o.s.w.s.m.m.a.RequestMappingHandlerMapping [AbstractHandlerMethodMapping.java:217] Mapped "{[/api/listing/user/{id}],methods=[GET],produces=[application/json]}" onto public java.util.List<mk.ukim.finki.wp.model.Listing> mk.ukim.finki.wp.web.ListingResource.getAllListingsByUser(java.lang.Long)
2016-08-28 17:34:55,456 INFO [localhost-startStop-1] o.s.w.s.m.m.a.RequestMappingHandlerMapping [AbstractHandlerMethodMapping.java:217] Mapped "{[/api/user/message/{messageId}],produces=[application/json]}" onto public mk.ukim.finki.wp.model.Message mk.ukim.finki.wp.web.UserResource.getMessage(java.lang.Long)
2016-08-28 17:34:55,456 INFO [localhost-startStop-1] o.s.w.s.m.m.a.RequestMappingHandlerMapping [AbstractHandlerMethodMapping.java:217] Mapped "{[/api/user/{id}],methods=[GET],produces=[application/json]}" onto public mk.ukim.finki.wp.model.User mk.ukim.finki.wp.web.UserResource.getUser(java.lang.Long)
2016-08-28 17:34:55,457 INFO [localhost-startStop-1] o.s.w.s.m.m.a.RequestMappingHandlerMapping [AbstractHandlerMethodMapping.java:217] Mapped "{[/api/user/by/{username}],methods=[GET],produces=[application/json]}" onto public mk.ukim.finki.wp.model.User mk.ukim.finki.wp.web.UserResource.getUser(java.lang.String)
2016-08-28 17:34:55,458 INFO [localhost-startStop-1] o.s.w.s.m.m.a.RequestMappingHandlerMapping [AbstractHandlerMethodMapping.java:217] Mapped "{[/api/user],methods=[GET],produces=[application/json]}" onto public java.util.List<mk.ukim.finki.wp.model.User> mk.ukim.finki.wp.web.UserResource.getAllUsers()
2016-08-28 17:34:55,458 INFO [localhost-startStop-1] o.s.w.s.m.m.a.RequestMappingHandlerMapping [AbstractHandlerMethodMapping.java:217] Mapped "{[/api/user/admin],methods=[GET],produces=[application/json]}" onto public java.util.List<mk.ukim.finki.wp.model.User> mk.ukim.finki.wp.web.UserResource.getAllAdmins()
2016-08-28 17:34:55,459 INFO [localhost-startStop-1] o.s.w.s.m.m.a.RequestMappingHandlerMapping [AbstractHandlerMethodMapping.java:217] Mapped "{[/api/user/message/sent/{userId}],methods=[GET],produces=[application/json]}" onto public java.util.List<mk.ukim.finki.wp.model.Message> mk.ukim.finki.wp.web.UserResource.getOutbox(java.lang.Long)
2016-08-28 17:34:55,459 INFO [localhost-startStop-1] o.s.w.s.m.m.a.RequestMappingHandlerMapping [AbstractHandlerMethodMapping.java:217] Mapped "{[/api/user/message/received/{userId}],methods=[GET],produces=[application/json]}" onto public java.util.List<mk.ukim.finki.wp.model.Message> mk.ukim.finki.wp.web.UserResource.getInbox(java.lang.Long)
2016-08-28 17:34:55,459 INFO [localhost-startStop-1] o.s.w.s.m.m.a.RequestMappingHandlerMapping [AbstractHandlerMethodMapping.java:217] Mapped "{[/api/user/message/new],methods=[POST],produces=[application/json]}" onto public void mk.ukim.finki.wp.web.UserResource.sendMessage(java.lang.String,java.lang.Long,java.lang.Long)
2016-08-28 17:34:55,460 INFO [localhost-startStop-1] o.s.w.s.m.m.a.RequestMappingHandlerMapping [AbstractHandlerMethodMapping.java:217] Mapped "{[/api/user/login],methods=[POST],produces=[application/json]}" onto public mk.ukim.finki.wp.model.User mk.ukim.finki.wp.web.UserResource.loginUser(java.lang.String,java.lang.String,javax.servlet.http.HttpSession)
2016-08-28 17:34:55,460 INFO [localhost-startStop-1] o.s.w.s.m.m.a.RequestMappingHandlerMapping [AbstractHandlerMethodMapping.java:217] Mapped "{[/api/user/remove/{id}],methods=[DELETE],produces=[application/json]}" onto public void mk.ukim.finki.wp.web.UserResource.removeUser(java.lang.Long)
2016-08-28 17:34:55,461 INFO [localhost-startStop-1] o.s.w.s.m.m.a.RequestMappingHandlerMapping [AbstractHandlerMethodMapping.java:217] Mapped "{[/api/user/update/{id}],methods=[POST],produces=[application/json]}" onto public void mk.ukim.finki.wp.web.UserResource.updateUser(java.lang.Long,java.lang.String,java.lang.String,java.lang.String,java.lang.String,java.lang.String,java.lang.String)
2016-08-28 17:34:55,462 INFO [localhost-startStop-1] o.s.w.s.m.m.a.RequestMappingHandlerMapping [AbstractHandlerMethodMapping.java:217] Mapped "{[/api/user/signup],methods=[POST],produces=[application/json]}" onto public void mk.ukim.finki.wp.web.UserResource.signUpUser(java.lang.String,java.lang.String,java.lang.String,java.lang.String,java.lang.String,java.lang.String)
2016-08-28 17:34:55,463 INFO [localhost-startStop-1] o.s.w.s.m.m.a.RequestMappingHandlerMapping [AbstractHandlerMethodMapping.java:217] Mapped "{[/api/user/message/update/{messageId}],methods=[POST],produces=[application/json]}" onto public void mk.ukim.finki.wp.web.UserResource.toggleMessageState(java.lang.Long,java.lang.Boolean)
2016-08-28 17:34:56,103 INFO [localhost-startStop-1] o.s.w.s.m.m.a.RequestMappingHandlerAdapter [RequestMappingHandlerAdapter.java:517] Looking for @ControllerAdvice: WebApplicationContext for namespace 'dispatcherServlet-servlet': startup date [Sun Aug 28 17:34:54 CEST 2016]; parent: Root WebApplicationContext
2016-08-28 17:34:56,156 INFO [localhost-startStop-1] o.s.w.s.m.m.a.RequestMappingHandlerAdapter [RequestMappingHandlerAdapter.java:517] Looking for @ControllerAdvice: WebApplicationContext for namespace 'dispatcherServlet-servlet': startup date [Sun Aug 28 17:34:54 CEST 2016]; parent: Root WebApplicationContext
2016-08-28 17:34:56,256 INFO [localhost-startStop-1] o.s.w.s.h.SimpleUrlHandlerMapping [AbstractUrlHandlerMapping.java:314] Mapped URL path [/resources/**] onto handler 'org.springframework.web.servlet.resource.ResourceHttpRequestHandler#0'
2016-08-28 17:34:56,263 INFO [localhost-startStop-1] o.s.w.s.h.SimpleUrlHandlerMapping [AbstractUrlHandlerMapping.java:301] Root mapping to handler of type [class org.springframework.web.servlet.mvc.ParameterizableViewController]
2016-08-28 17:34:56,269 INFO [localhost-startStop-1] o.s.w.s.h.SimpleUrlHandlerMapping [AbstractUrlHandlerMapping.java:314] Mapped URL path [/**] onto handler 'org.springframework.web.servlet.resource.DefaultServletHttpRequestHandler#0'
2016-08-28 17:34:56,314 INFO [localhost-startStop-1] o.s.w.s.DispatcherServlet [FrameworkServlet.java:504] FrameworkServlet 'dispatcherServlet': initialization completed in 1523 ms
2016-08-28 17:41:56,994 WARN [http-bio-8080-exec-7] o.h.e.j.s.SqlExceptionHelper [SqlExceptionHelper.java:144] SQL Error: 1062, SQLState: 23000
2016-08-28 17:41:56,995 ERROR [http-bio-8080-exec-7] o.h.e.j.s.SqlExceptionHelper [SqlExceptionHelper.java:146] Duplicate entry 'admin' for key 'UK_r43af9ap4edm43mmtq01oddj6'
2016-08-28 17:41:57,012 INFO [http-bio-8080-exec-7] o.h.e.j.b.i.AbstractBatchImpl [AbstractBatchImpl.java:208] HHH000010: On release of batch it still contained JDBC statements
2016-08-28 17:41:57,013 WARN [http-bio-8080-exec-7] o.h.e.j.s.SqlExceptionHelper [SqlExceptionHelper.java:232] SQL Warning Code: 1062, SQLState: 23000
2016-08-28 17:41:57,013 WARN [http-bio-8080-exec-7] o.h.e.j.s.SqlExceptionHelper [SqlExceptionHelper.java:233] Duplicate entry 'admin' for key 'UK_r43af9ap4edm43mmtq01oddj6'
2016-08-28 17:49:08,646 WARN [http-bio-8080-exec-10] o.h.e.j.s.SqlExceptionHelper [SqlExceptionHelper.java:144] SQL Error: 1062, SQLState: 23000
2016-08-28 17:49:08,646 ERROR [http-bio-8080-exec-10] o.h.e.j.s.SqlExceptionHelper [SqlExceptionHelper.java:146] Duplicate entry 'admin' for key 'UK_r43af9ap4edm43mmtq01oddj6'
2016-08-28 17:49:08,647 INFO [http-bio-8080-exec-10] o.h.e.j.b.i.AbstractBatchImpl [AbstractBatchImpl.java:208] HHH000010: On release of batch it still contained JDBC statements
2016-08-28 17:49:08,648 WARN [http-bio-8080-exec-10] o.h.e.j.s.SqlExceptionHelper [SqlExceptionHelper.java:232] SQL Warning Code: 1062, SQLState: 23000
2016-08-28 17:49:08,649 WARN [http-bio-8080-exec-10] o.h.e.j.s.SqlExceptionHelper [SqlExceptionHelper.java:233] Duplicate entry 'admin' for key 'UK_r43af9ap4edm43mmtq01oddj6'
