2016-08-11 13:10:16,350 INFO [localhost-startStop-1] o.s.w.c.ContextLoader [ContextLoader.java:285] Root WebApplicationContext: initialization started
2016-08-11 13:10:16,629 INFO [localhost-startStop-1] o.s.w.c.s.XmlWebApplicationContext [AbstractApplicationContext.java:510] Refreshing Root WebApplicationContext: startup date [Thu Aug 11 13:10:16 CEST 2016]; root of context hierarchy
2016-08-11 13:10:16,742 INFO [localhost-startStop-1] o.s.b.f.x.XmlBeanDefinitionReader [XmlBeanDefinitionReader.java:317] Loading XML bean definitions from class path resource [spring/business-config.xml]
2016-08-11 13:10:17,296 INFO [localhost-startStop-1] o.s.b.f.x.XmlBeanDefinitionReader [XmlBeanDefinitionReader.java:317] Loading XML bean definitions from class path resource [spring/persistence-config.xml]
2016-08-11 13:10:17,963 INFO [localhost-startStop-1] o.s.c.s.PropertySourcesPlaceholderConfigurer [PropertiesLoaderSupport.java:172] Loading properties file from class path resource [spring/data-access.properties]
2016-08-11 13:10:18,313 INFO [localhost-startStop-1] o.s.o.j.LocalContainerEntityManagerFactoryBean [LocalContainerEntityManagerFactoryBean.java:339] Building JPA container EntityManagerFactory for persistence unit 'wp'
2016-08-11 13:10:18,432 INFO [localhost-startStop-1] o.h.j.i.u.LogHelper [LogHelper.java:46] HHH000204: Processing PersistenceUnitInfo [
	name: wp
	...]
2016-08-11 13:10:19,826 INFO [localhost-startStop-1] o.h.Version [Version.java:54] HHH000412: Hibernate Core {4.3.10.Final}
2016-08-11 13:10:19,845 INFO [localhost-startStop-1] o.h.c.Environment [Environment.java:239] HHH000206: hibernate.properties not found
2016-08-11 13:10:19,856 INFO [localhost-startStop-1] o.h.c.Environment [Environment.java:346] HHH000021: Bytecode provider name : javassist
2016-08-11 13:10:20,397 INFO [localhost-startStop-1] o.h.a.c.Version [JavaReflectionManager.java:66] HCANN000001: Hibernate Commons Annotations {4.0.5.Final}
2016-08-11 13:10:21,681 INFO [localhost-startStop-1] o.h.d.Dialect [Dialect.java:145] HHH000400: Using dialect: org.hibernate.dialect.MySQLDialect
2016-08-11 13:10:22,148 INFO [localhost-startStop-1] o.h.h.i.a.ASTQueryTranslatorFactory [ASTQueryTranslatorFactory.java:47] HHH000397: Using ASTQueryTranslatorFactory
2016-08-11 13:10:22,334 INFO [localhost-startStop-1] o.h.v.i.u.Version [Version.java:27] HV000001: Hibernate Validator 5.1.3.Final
2016-08-11 13:10:23,412 INFO [localhost-startStop-1] o.h.t.h.SchemaUpdate [SchemaUpdate.java:207] HHH000228: Running hbm2ddl schema update
2016-08-11 13:10:23,413 INFO [localhost-startStop-1] o.h.t.h.SchemaUpdate [SchemaUpdate.java:218] HHH000102: Fetching database metadata
2016-08-11 13:10:23,415 INFO [localhost-startStop-1] o.h.t.h.SchemaUpdate [SchemaUpdate.java:230] HHH000396: Updating schema
2016-08-11 13:10:23,442 INFO [localhost-startStop-1] o.h.t.h.TableMetadata [TableMetadata.java:65] HHH000261: Table found: wp_project.listing_image_urls
2016-08-11 13:10:23,442 INFO [localhost-startStop-1] o.h.t.h.TableMetadata [TableMetadata.java:66] HHH000037: Columns: [image_url, id]
2016-08-11 13:10:23,442 INFO [localhost-startStop-1] o.h.t.h.TableMetadata [TableMetadata.java:68] HHH000108: Foreign keys: [fk_63fej08dgmt8vrqlra370e656]
2016-08-11 13:10:23,443 INFO [localhost-startStop-1] o.h.t.h.TableMetadata [TableMetadata.java:69] HHH000126: Indexes: [uk_sm53naah72t24kigc0pfsb87o]
2016-08-11 13:10:23,454 INFO [localhost-startStop-1] o.h.t.h.TableMetadata [TableMetadata.java:65] HHH000261: Table found: wp_project.listing_location
2016-08-11 13:10:23,455 INFO [localhost-startStop-1] o.h.t.h.TableMetadata [TableMetadata.java:66] HHH000037: Columns: [lng, listing_id, name, id, lat]
2016-08-11 13:10:23,456 INFO [localhost-startStop-1] o.h.t.h.TableMetadata [TableMetadata.java:68] HHH000108: Foreign keys: [fk_8wo4wpsoysi97vn0tkbfym89j]
2016-08-11 13:10:23,456 INFO [localhost-startStop-1] o.h.t.h.TableMetadata [TableMetadata.java:69] HHH000126: Indexes: [fk_8wo4wpsoysi97vn0tkbfym89j, primary]
2016-08-11 13:10:23,473 INFO [localhost-startStop-1] o.h.t.h.TableMetadata [TableMetadata.java:65] HHH000261: Table found: wp_project.listings
2016-08-11 13:10:23,474 INFO [localhost-startStop-1] o.h.t.h.TableMetadata [TableMetadata.java:66] HHH000037: Columns: [user_id, id, title, createdon, content, location_id]
2016-08-11 13:10:23,474 INFO [localhost-startStop-1] o.h.t.h.TableMetadata [TableMetadata.java:68] HHH000108: Foreign keys: [fk_qv926x4jhroce71534nmady6a, fk_7ueigy3p0nqgafjwwuikhtyav]
2016-08-11 13:10:23,475 INFO [localhost-startStop-1] o.h.t.h.TableMetadata [TableMetadata.java:69] HHH000126: Indexes: [fk_qv926x4jhroce71534nmady6a, primary, fk_7ueigy3p0nqgafjwwuikhtyav]
2016-08-11 13:10:23,485 INFO [localhost-startStop-1] o.h.t.h.TableMetadata [TableMetadata.java:65] HHH000261: Table found: wp_project.messages
2016-08-11 13:10:23,486 INFO [localhost-startStop-1] o.h.t.h.TableMetadata [TableMetadata.java:66] HHH000037: Columns: [user_to, senton, user_from, id, content, seen]
2016-08-11 13:10:23,486 INFO [localhost-startStop-1] o.h.t.h.TableMetadata [TableMetadata.java:68] HHH000108: Foreign keys: [fk_ad469sdac6e7i74nt4w1bn3ad, fk_16t1rrh93xrwia8nqh69q13j3]
2016-08-11 13:10:23,487 INFO [localhost-startStop-1] o.h.t.h.TableMetadata [TableMetadata.java:69] HHH000126: Indexes: [fk_ad469sdac6e7i74nt4w1bn3ad, fk_16t1rrh93xrwia8nqh69q13j3, primary]
2016-08-11 13:10:23,499 INFO [localhost-startStop-1] o.h.t.h.TableMetadata [TableMetadata.java:65] HHH000261: Table found: wp_project.reports
2016-08-11 13:10:23,499 INFO [localhost-startStop-1] o.h.t.h.TableMetadata [TableMetadata.java:66] HHH000037: Columns: [listing_id, user_id, submittedon, id, content, seen]
2016-08-11 13:10:23,500 INFO [localhost-startStop-1] o.h.t.h.TableMetadata [TableMetadata.java:68] HHH000108: Foreign keys: [fk_sh41oex32tb46wjis5vruthgf, fk_c29wlg7b42duwp3r09r6ajd]
2016-08-11 13:10:23,500 INFO [localhost-startStop-1] o.h.t.h.TableMetadata [TableMetadata.java:69] HHH000126: Indexes: [fk_sh41oex32tb46wjis5vruthgf, fk_c29wlg7b42duwp3r09r6ajd, primary]
2016-08-11 13:10:23,511 INFO [localhost-startStop-1] o.h.t.h.TableMetadata [TableMetadata.java:65] HHH000261: Table found: wp_project.users
2016-08-11 13:10:23,511 INFO [localhost-startStop-1] o.h.t.h.TableMetadata [TableMetadata.java:66] HHH000037: Columns: [password, birthdate, isadmin, surname, imageurl, name, uploadpath, id, email, username]
2016-08-11 13:10:23,512 INFO [localhost-startStop-1] o.h.t.h.TableMetadata [TableMetadata.java:68] HHH000108: Foreign keys: []
2016-08-11 13:10:23,513 INFO [localhost-startStop-1] o.h.t.h.TableMetadata [TableMetadata.java:69] HHH000126: Indexes: [uk_r43af9ap4edm43mmtq01oddj6, primary]
2016-08-11 13:10:23,514 INFO [localhost-startStop-1] o.h.t.h.SchemaUpdate [SchemaUpdate.java:267] HHH000232: Schema update complete
2016-08-11 13:10:24,042 INFO [localhost-startStop-1] o.s.w.c.ContextLoader [ContextLoader.java:325] Root WebApplicationContext: initialization completed in 7670 ms
2016-08-11 13:10:24,070 INFO [localhost-startStop-1] o.s.w.s.DispatcherServlet [FrameworkServlet.java:485] FrameworkServlet 'dispatcherServlet': initialization started
2016-08-11 13:10:24,075 INFO [localhost-startStop-1] o.s.w.c.s.XmlWebApplicationContext [AbstractApplicationContext.java:510] Refreshing WebApplicationContext for namespace 'dispatcherServlet-servlet': startup date [Thu Aug 11 13:10:24 CEST 2016]; parent: Root WebApplicationContext
2016-08-11 13:10:24,076 INFO [localhost-startStop-1] o.s.b.f.x.XmlBeanDefinitionReader [XmlBeanDefinitionReader.java:317] Loading XML bean definitions from class path resource [spring/mvc-core-config.xml]
2016-08-11 13:10:24,133 INFO [localhost-startStop-1] o.s.b.f.x.XmlBeanDefinitionReader [XmlBeanDefinitionReader.java:317] Loading XML bean definitions from class path resource [spring/mvc-view-config.xml]
2016-08-11 13:10:24,652 INFO [localhost-startStop-1] o.s.w.s.m.m.a.RequestMappingHandlerMapping [AbstractHandlerMethodMapping.java:217] Mapped "{[/],methods=[GET]}" onto public org.springframework.web.servlet.ModelAndView mk.ukim.finki.wp.web.HomeController.index(javax.servlet.http.HttpServletRequest)
2016-08-11 13:10:24,653 INFO [localhost-startStop-1] o.s.w.s.m.m.a.RequestMappingHandlerMapping [AbstractHandlerMethodMapping.java:217] Mapped "{[/login],methods=[GET]}" onto public org.springframework.web.servlet.ModelAndView mk.ukim.finki.wp.web.HomeController.login()
2016-08-11 13:10:24,654 INFO [localhost-startStop-1] o.s.w.s.m.m.a.RequestMappingHandlerMapping [AbstractHandlerMethodMapping.java:217] Mapped "{[/],methods=[POST]}" onto public org.springframework.web.servlet.ModelAndView mk.ukim.finki.wp.web.HomeController.afterSubmit(java.lang.String,java.lang.String,java.lang.String,java.lang.String,java.lang.String,java.lang.String,org.springframework.web.multipart.MultipartFile)
2016-08-11 13:10:24,654 INFO [localhost-startStop-1] o.s.w.s.m.m.a.RequestMappingHandlerMapping [AbstractHandlerMethodMapping.java:217] Mapped "{[/listing],methods=[GET]}" onto public org.springframework.web.servlet.ModelAndView mk.ukim.finki.wp.web.HomeController.indexListing()
2016-08-11 13:10:24,655 INFO [localhost-startStop-1] o.s.w.s.m.m.a.RequestMappingHandlerMapping [AbstractHandlerMethodMapping.java:217] Mapped "{[/listing],methods=[POST]}" onto public org.springframework.web.servlet.ModelAndView mk.ukim.finki.wp.web.HomeController.createListing(java.lang.String,java.lang.String,java.util.ArrayList<org.springframework.web.multipart.MultipartFile>,java.lang.String,java.lang.String,java.lang.String)
2016-08-11 13:10:24,664 INFO [localhost-startStop-1] o.s.w.s.m.m.a.RequestMappingHandlerMapping [AbstractHandlerMethodMapping.java:217] Mapped "{[/api/listing/search/{keyword}],methods=[GET],produces=[application/json]}" onto public java.util.List<mk.ukim.finki.wp.model.Listing> mk.ukim.finki.wp.web.ListingResource.search(java.lang.String)
2016-08-11 13:10:24,664 INFO [localhost-startStop-1] o.s.w.s.m.m.a.RequestMappingHandlerMapping [AbstractHandlerMethodMapping.java:217] Mapped "{[/api/listing/search/nearby/{currentLat}/{currentLng}/{maxDistance}],methods=[GET],produces=[application/json]}" onto public java.util.List<mk.ukim.finki.wp.model.Listing> mk.ukim.finki.wp.web.ListingResource.search(java.lang.String,java.lang.String,java.lang.String)
2016-08-11 13:10:24,665 INFO [localhost-startStop-1] o.s.w.s.m.m.a.RequestMappingHandlerMapping [AbstractHandlerMethodMapping.java:217] Mapped "{[/api/listing/report/unread],methods=[GET],produces=[application/json]}" onto public java.util.List<mk.ukim.finki.wp.model.Report> mk.ukim.finki.wp.web.ListingResource.getAllUnreadReports()
2016-08-11 13:10:24,666 INFO [localhost-startStop-1] o.s.w.s.m.m.a.RequestMappingHandlerMapping [AbstractHandlerMethodMapping.java:217] Mapped "{[/api/listing/user/{id}],methods=[GET],produces=[application/json]}" onto public java.util.List<mk.ukim.finki.wp.model.Listing> mk.ukim.finki.wp.web.ListingResource.getAllListingsByUser(java.lang.Long)
2016-08-11 13:10:24,666 INFO [localhost-startStop-1] o.s.w.s.m.m.a.RequestMappingHandlerMapping [AbstractHandlerMethodMapping.java:217] Mapped "{[/api/listing/report/new],methods=[POST],produces=[application/json]}" onto public void mk.ukim.finki.wp.web.ListingResource.createReport(java.lang.String,java.lang.Long,java.lang.Long)
2016-08-11 13:10:24,667 INFO [localhost-startStop-1] o.s.w.s.m.m.a.RequestMappingHandlerMapping [AbstractHandlerMethodMapping.java:217] Mapped "{[/api/listing/report/{id}],methods=[GET],produces=[application/json]}" onto public mk.ukim.finki.wp.model.Report mk.ukim.finki.wp.web.ListingResource.getReport(java.lang.Long)
2016-08-11 13:10:24,667 INFO [localhost-startStop-1] o.s.w.s.m.m.a.RequestMappingHandlerMapping [AbstractHandlerMethodMapping.java:217] Mapped "{[/api/listing],methods=[GET],produces=[application/json]}" onto public java.util.List<mk.ukim.finki.wp.model.Listing> mk.ukim.finki.wp.web.ListingResource.getAllListings()
2016-08-11 13:10:24,668 INFO [localhost-startStop-1] o.s.w.s.m.m.a.RequestMappingHandlerMapping [AbstractHandlerMethodMapping.java:217] Mapped "{[/api/listing/graph],methods=[GET],produces=[application/json]}" onto public java.util.List<java.lang.Integer> mk.ukim.finki.wp.web.ListingResource.graphData()
2016-08-11 13:10:24,668 INFO [localhost-startStop-1] o.s.w.s.m.m.a.RequestMappingHandlerMapping [AbstractHandlerMethodMapping.java:217] Mapped "{[/api/listing/{id}],methods=[DELETE],produces=[application/json]}" onto public void mk.ukim.finki.wp.web.ListingResource.deleteListing(java.lang.Long)
2016-08-11 13:10:24,669 INFO [localhost-startStop-1] o.s.w.s.m.m.a.RequestMappingHandlerMapping [AbstractHandlerMethodMapping.java:217] Mapped "{[/api/listing/edit],methods=[POST],produces=[application/json]}" onto public void mk.ukim.finki.wp.web.ListingResource.editListing(java.lang.Long,java.lang.String,java.lang.String,javax.servlet.http.HttpSession)
2016-08-11 13:10:24,670 INFO [localhost-startStop-1] o.s.w.s.m.m.a.RequestMappingHandlerMapping [AbstractHandlerMethodMapping.java:217] Mapped "{[/api/listing/isOwner/{id}],methods=[GET],produces=[application/json]}" onto public boolean mk.ukim.finki.wp.web.ListingResource.isOwner(java.lang.Long,javax.servlet.http.HttpSession)
2016-08-11 13:10:24,673 INFO [localhost-startStop-1] o.s.w.s.m.m.a.RequestMappingHandlerMapping [AbstractHandlerMethodMapping.java:217] Mapped "{[/api/listing/{id}],methods=[GET],produces=[application/json]}" onto public mk.ukim.finki.wp.model.Listing mk.ukim.finki.wp.web.ListingResource.getListing(java.lang.Long)
2016-08-11 13:10:24,674 INFO [localhost-startStop-1] o.s.w.s.m.m.a.RequestMappingHandlerMapping [AbstractHandlerMethodMapping.java:217] Mapped "{[/api/listing/byDate/{day}/{month}/{year}],methods=[GET],produces=[application/json]}" onto public java.util.List<mk.ukim.finki.wp.model.Listing> mk.ukim.finki.wp.web.ListingResource.filterByDate(java.lang.Integer,java.lang.Integer,java.lang.Integer)
2016-08-11 13:10:24,675 INFO [localhost-startStop-1] o.s.w.s.m.m.a.RequestMappingHandlerMapping [AbstractHandlerMethodMapping.java:217] Mapped "{[/api/listing/piece/{offset}/{end}],produces=[application/json]}" onto public java.util.List<mk.ukim.finki.wp.model.Listing> mk.ukim.finki.wp.web.ListingResource.getPiece(int,int)
2016-08-11 13:10:24,676 INFO [localhost-startStop-1] o.s.w.s.m.m.a.RequestMappingHandlerMapping [AbstractHandlerMethodMapping.java:217] Mapped "{[/api/listing/new],methods=[POST],produces=[application/json]}" onto public mk.ukim.finki.wp.model.Listing mk.ukim.finki.wp.web.ListingResource.createListing(java.lang.String,java.lang.String,java.util.ArrayList<org.springframework.web.multipart.MultipartFile>,java.lang.Long,java.lang.String,java.lang.String,java.lang.String)
2016-08-11 13:10:24,677 INFO [localhost-startStop-1] o.s.w.s.m.m.a.RequestMappingHandlerMapping [AbstractHandlerMethodMapping.java:217] Mapped "{[/api/listing/report],methods=[GET],produces=[application/json]}" onto public java.util.List<mk.ukim.finki.wp.model.Report> mk.ukim.finki.wp.web.ListingResource.getAllReports()
2016-08-11 13:10:24,677 INFO [localhost-startStop-1] o.s.w.s.m.m.a.RequestMappingHandlerMapping [AbstractHandlerMethodMapping.java:217] Mapped "{[/api/listing/report/update/{id}],methods=[POST],produces=[application/json]}" onto public void mk.ukim.finki.wp.web.ListingResource.updateReport(java.lang.Long,java.lang.Boolean)
2016-08-11 13:10:24,681 INFO [localhost-startStop-1] o.s.w.s.m.m.a.RequestMappingHandlerMapping [AbstractHandlerMethodMapping.java:217] Mapped "{[/api/user/message/{messageId}],produces=[application/json]}" onto public mk.ukim.finki.wp.model.Message mk.ukim.finki.wp.web.UserResource.getMessage(java.lang.Long)
2016-08-11 13:10:24,681 INFO [localhost-startStop-1] o.s.w.s.m.m.a.RequestMappingHandlerMapping [AbstractHandlerMethodMapping.java:217] Mapped "{[/api/user/login],methods=[POST],produces=[application/json]}" onto public mk.ukim.finki.wp.model.User mk.ukim.finki.wp.web.UserResource.loginUser(java.lang.String,java.lang.String,javax.servlet.http.HttpSession)
2016-08-11 13:10:24,682 INFO [localhost-startStop-1] o.s.w.s.m.m.a.RequestMappingHandlerMapping [AbstractHandlerMethodMapping.java:217] Mapped "{[/api/user/remove/{id}],methods=[DELETE],produces=[application/json]}" onto public void mk.ukim.finki.wp.web.UserResource.removeUser(java.lang.Long)
2016-08-11 13:10:24,682 INFO [localhost-startStop-1] o.s.w.s.m.m.a.RequestMappingHandlerMapping [AbstractHandlerMethodMapping.java:217] Mapped "{[/api/user/update/{id}],methods=[POST],produces=[application/json]}" onto public void mk.ukim.finki.wp.web.UserResource.updateUser(java.lang.Long,java.lang.String,java.lang.String,java.lang.String,java.lang.String,java.lang.String,java.lang.String)
2016-08-11 13:10:24,683 INFO [localhost-startStop-1] o.s.w.s.m.m.a.RequestMappingHandlerMapping [AbstractHandlerMethodMapping.java:217] Mapped "{[/api/user/signup],methods=[POST],produces=[application/json]}" onto public void mk.ukim.finki.wp.web.UserResource.signUpUser(java.lang.String,java.lang.String,java.lang.String,java.lang.String,java.lang.String,java.lang.String)
2016-08-11 13:10:24,683 INFO [localhost-startStop-1] o.s.w.s.m.m.a.RequestMappingHandlerMapping [AbstractHandlerMethodMapping.java:217] Mapped "{[/api/user/message/update/{messageId}],methods=[POST],produces=[application/json]}" onto public void mk.ukim.finki.wp.web.UserResource.toggleMessageState(java.lang.Long,java.lang.Boolean)
2016-08-11 13:10:24,684 INFO [localhost-startStop-1] o.s.w.s.m.m.a.RequestMappingHandlerMapping [AbstractHandlerMethodMapping.java:217] Mapped "{[/api/user/{id}],methods=[GET],produces=[application/json]}" onto public mk.ukim.finki.wp.model.User mk.ukim.finki.wp.web.UserResource.getUser(java.lang.Long)
2016-08-11 13:10:24,685 INFO [localhost-startStop-1] o.s.w.s.m.m.a.RequestMappingHandlerMapping [AbstractHandlerMethodMapping.java:217] Mapped "{[/api/user],methods=[GET],produces=[application/json]}" onto public java.util.List<mk.ukim.finki.wp.model.User> mk.ukim.finki.wp.web.UserResource.getAllUsers()
2016-08-11 13:10:24,686 INFO [localhost-startStop-1] o.s.w.s.m.m.a.RequestMappingHandlerMapping [AbstractHandlerMethodMapping.java:217] Mapped "{[/api/user/message/new],methods=[POST],produces=[application/json]}" onto public void mk.ukim.finki.wp.web.UserResource.sendMessage(java.lang.String,java.lang.Long,java.lang.Long)
2016-08-11 13:10:24,687 INFO [localhost-startStop-1] o.s.w.s.m.m.a.RequestMappingHandlerMapping [AbstractHandlerMethodMapping.java:217] Mapped "{[/api/user/admin],methods=[GET],produces=[application/json]}" onto public java.util.List<mk.ukim.finki.wp.model.User> mk.ukim.finki.wp.web.UserResource.getAllAdmins()
2016-08-11 13:10:24,688 INFO [localhost-startStop-1] o.s.w.s.m.m.a.RequestMappingHandlerMapping [AbstractHandlerMethodMapping.java:217] Mapped "{[/api/user/message/sent/{userId}],methods=[GET],produces=[application/json]}" onto public java.util.List<mk.ukim.finki.wp.model.Message> mk.ukim.finki.wp.web.UserResource.getOutbox(java.lang.Long)
2016-08-11 13:10:24,689 INFO [localhost-startStop-1] o.s.w.s.m.m.a.RequestMappingHandlerMapping [AbstractHandlerMethodMapping.java:217] Mapped "{[/api/user/message/received/{userId}],methods=[GET],produces=[application/json]}" onto public java.util.List<mk.ukim.finki.wp.model.Message> mk.ukim.finki.wp.web.UserResource.getInbox(java.lang.Long)
2016-08-11 13:10:25,416 INFO [localhost-startStop-1] o.s.w.s.m.m.a.RequestMappingHandlerAdapter [RequestMappingHandlerAdapter.java:517] Looking for @ControllerAdvice: WebApplicationContext for namespace 'dispatcherServlet-servlet': startup date [Thu Aug 11 13:10:24 CEST 2016]; parent: Root WebApplicationContext
2016-08-11 13:10:25,487 INFO [localhost-startStop-1] o.s.w.s.m.m.a.RequestMappingHandlerAdapter [RequestMappingHandlerAdapter.java:517] Looking for @ControllerAdvice: WebApplicationContext for namespace 'dispatcherServlet-servlet': startup date [Thu Aug 11 13:10:24 CEST 2016]; parent: Root WebApplicationContext
2016-08-11 13:10:25,616 INFO [localhost-startStop-1] o.s.w.s.h.SimpleUrlHandlerMapping [AbstractUrlHandlerMapping.java:314] Mapped URL path [/resources/**] onto handler 'org.springframework.web.servlet.resource.ResourceHttpRequestHandler#0'
2016-08-11 13:10:25,637 INFO [localhost-startStop-1] o.s.w.s.h.SimpleUrlHandlerMapping [AbstractUrlHandlerMapping.java:301] Root mapping to handler of type [class org.springframework.web.servlet.mvc.ParameterizableViewController]
2016-08-11 13:10:25,645 INFO [localhost-startStop-1] o.s.w.s.h.SimpleUrlHandlerMapping [AbstractUrlHandlerMapping.java:314] Mapped URL path [/**] onto handler 'org.springframework.web.servlet.resource.DefaultServletHttpRequestHandler#0'
2016-08-11 13:10:25,690 INFO [localhost-startStop-1] o.s.w.s.DispatcherServlet [FrameworkServlet.java:504] FrameworkServlet 'dispatcherServlet': initialization completed in 1620 ms
2016-08-11 13:12:48,834 WARN [http-bio-8080-exec-5] o.h.e.j.s.SqlExceptionHelper [SqlExceptionHelper.java:144] SQL Error: 1062, SQLState: 23000
2016-08-11 13:12:48,835 ERROR [http-bio-8080-exec-5] o.h.e.j.s.SqlExceptionHelper [SqlExceptionHelper.java:146] Duplicate entry 'test' for key 'UK_r43af9ap4edm43mmtq01oddj6'
2016-08-11 13:12:48,847 WARN [http-bio-8080-exec-5] o.h.e.j.s.SqlExceptionHelper [SqlExceptionHelper.java:232] SQL Warning Code: 1062, SQLState: 23000
2016-08-11 13:12:48,847 WARN [http-bio-8080-exec-5] o.h.e.j.s.SqlExceptionHelper [SqlExceptionHelper.java:233] Duplicate entry 'test' for key 'UK_r43af9ap4edm43mmtq01oddj6'
2016-08-11 14:45:08,970 WARN [http-bio-8080-exec-4] o.h.e.j.s.SqlExceptionHelper [SqlExceptionHelper.java:144] SQL Error: 1062, SQLState: 23000
2016-08-11 14:45:08,975 ERROR [http-bio-8080-exec-4] o.h.e.j.s.SqlExceptionHelper [SqlExceptionHelper.java:146] Duplicate entry 'test' for key 'UK_r43af9ap4edm43mmtq01oddj6'
2016-08-11 14:45:08,976 WARN [http-bio-8080-exec-4] o.h.e.j.s.SqlExceptionHelper [SqlExceptionHelper.java:232] SQL Warning Code: 1062, SQLState: 23000
2016-08-11 14:45:08,977 WARN [http-bio-8080-exec-4] o.h.e.j.s.SqlExceptionHelper [SqlExceptionHelper.java:233] Duplicate entry 'test' for key 'UK_r43af9ap4edm43mmtq01oddj6'
2016-08-11 15:36:06,911 WARN [http-bio-8080-exec-9] o.h.e.j.s.SqlExceptionHelper [SqlExceptionHelper.java:144] SQL Error: 1062, SQLState: 23000
2016-08-11 15:36:06,914 ERROR [http-bio-8080-exec-9] o.h.e.j.s.SqlExceptionHelper [SqlExceptionHelper.java:146] Duplicate entry 'test' for key 'UK_r43af9ap4edm43mmtq01oddj6'
2016-08-11 15:36:06,915 WARN [http-bio-8080-exec-9] o.h.e.j.s.SqlExceptionHelper [SqlExceptionHelper.java:232] SQL Warning Code: 1062, SQLState: 23000
2016-08-11 15:36:06,916 WARN [http-bio-8080-exec-9] o.h.e.j.s.SqlExceptionHelper [SqlExceptionHelper.java:233] Duplicate entry 'test' for key 'UK_r43af9ap4edm43mmtq01oddj6'
2016-08-11 15:36:22,865 WARN [http-bio-8080-exec-2] o.h.e.j.s.SqlExceptionHelper [SqlExceptionHelper.java:144] SQL Error: 1062, SQLState: 23000
2016-08-11 15:36:22,866 ERROR [http-bio-8080-exec-2] o.h.e.j.s.SqlExceptionHelper [SqlExceptionHelper.java:146] Duplicate entry 'test' for key 'UK_r43af9ap4edm43mmtq01oddj6'
2016-08-11 15:36:22,867 WARN [http-bio-8080-exec-2] o.h.e.j.s.SqlExceptionHelper [SqlExceptionHelper.java:232] SQL Warning Code: 1062, SQLState: 23000
2016-08-11 15:36:22,867 WARN [http-bio-8080-exec-2] o.h.e.j.s.SqlExceptionHelper [SqlExceptionHelper.java:233] Duplicate entry 'test' for key 'UK_r43af9ap4edm43mmtq01oddj6'
2016-08-11 15:39:42,861 WARN [http-bio-8080-exec-4] o.h.e.j.s.SqlExceptionHelper [SqlExceptionHelper.java:144] SQL Error: 1062, SQLState: 23000
2016-08-11 15:39:42,862 ERROR [http-bio-8080-exec-4] o.h.e.j.s.SqlExceptionHelper [SqlExceptionHelper.java:146] Duplicate entry 'test' for key 'UK_r43af9ap4edm43mmtq01oddj6'
2016-08-11 15:39:42,862 WARN [http-bio-8080-exec-4] o.h.e.j.s.SqlExceptionHelper [SqlExceptionHelper.java:232] SQL Warning Code: 1062, SQLState: 23000
2016-08-11 15:39:42,863 WARN [http-bio-8080-exec-4] o.h.e.j.s.SqlExceptionHelper [SqlExceptionHelper.java:233] Duplicate entry 'test' for key 'UK_r43af9ap4edm43mmtq01oddj6'
2016-08-11 15:55:24,495 WARN [http-bio-8080-exec-2] o.h.e.j.s.SqlExceptionHelper [SqlExceptionHelper.java:144] SQL Error: 1451, SQLState: 23000
2016-08-11 15:55:24,496 ERROR [http-bio-8080-exec-2] o.h.e.j.s.SqlExceptionHelper [SqlExceptionHelper.java:146] Cannot delete or update a parent row: a foreign key constraint fails (`wp_project`.`listing_image_urls`, CONSTRAINT `FK_63fej08dgmt8vrqlra370e656` FOREIGN KEY (`id`) REFERENCES `listings` (`id`))
2016-08-11 15:55:24,497 WARN [http-bio-8080-exec-2] o.h.e.j.s.SqlExceptionHelper [SqlExceptionHelper.java:232] SQL Warning Code: 1451, SQLState: 23000
2016-08-11 15:55:24,498 WARN [http-bio-8080-exec-2] o.h.e.j.s.SqlExceptionHelper [SqlExceptionHelper.java:233] Cannot delete or update a parent row: a foreign key constraint fails (`wp_project`.`listing_image_urls`, CONSTRAINT `FK_63fej08dgmt8vrqlra370e656` FOREIGN KEY (`id`) REFERENCES `listings` (`id`))
2016-08-11 15:55:38,820 WARN [http-bio-8080-exec-10] o.h.e.j.s.SqlExceptionHelper [SqlExceptionHelper.java:144] SQL Error: 1451, SQLState: 23000
2016-08-11 15:55:38,822 ERROR [http-bio-8080-exec-10] o.h.e.j.s.SqlExceptionHelper [SqlExceptionHelper.java:146] Cannot delete or update a parent row: a foreign key constraint fails (`wp_project`.`listing_image_urls`, CONSTRAINT `FK_63fej08dgmt8vrqlra370e656` FOREIGN KEY (`id`) REFERENCES `listings` (`id`))
2016-08-11 15:55:38,825 WARN [http-bio-8080-exec-10] o.h.e.j.s.SqlExceptionHelper [SqlExceptionHelper.java:232] SQL Warning Code: 1451, SQLState: 23000
2016-08-11 15:55:38,827 WARN [http-bio-8080-exec-10] o.h.e.j.s.SqlExceptionHelper [SqlExceptionHelper.java:233] Cannot delete or update a parent row: a foreign key constraint fails (`wp_project`.`listing_image_urls`, CONSTRAINT `FK_63fej08dgmt8vrqlra370e656` FOREIGN KEY (`id`) REFERENCES `listings` (`id`))
2016-08-11 15:55:56,349 WARN [http-bio-8080-exec-7] o.h.e.j.s.SqlExceptionHelper [SqlExceptionHelper.java:144] SQL Error: 1451, SQLState: 23000
2016-08-11 15:55:56,351 ERROR [http-bio-8080-exec-7] o.h.e.j.s.SqlExceptionHelper [SqlExceptionHelper.java:146] Cannot delete or update a parent row: a foreign key constraint fails (`wp_project`.`listing_image_urls`, CONSTRAINT `FK_63fej08dgmt8vrqlra370e656` FOREIGN KEY (`id`) REFERENCES `listings` (`id`))
2016-08-11 15:55:56,353 WARN [http-bio-8080-exec-7] o.h.e.j.s.SqlExceptionHelper [SqlExceptionHelper.java:232] SQL Warning Code: 1451, SQLState: 23000
2016-08-11 15:55:56,355 WARN [http-bio-8080-exec-7] o.h.e.j.s.SqlExceptionHelper [SqlExceptionHelper.java:233] Cannot delete or update a parent row: a foreign key constraint fails (`wp_project`.`listing_image_urls`, CONSTRAINT `FK_63fej08dgmt8vrqlra370e656` FOREIGN KEY (`id`) REFERENCES `listings` (`id`))
2016-08-11 16:11:28,102 WARN [http-bio-8080-exec-9] o.h.e.j.s.SqlExceptionHelper [SqlExceptionHelper.java:144] SQL Error: 1451, SQLState: 23000
2016-08-11 16:11:28,104 ERROR [http-bio-8080-exec-9] o.h.e.j.s.SqlExceptionHelper [SqlExceptionHelper.java:146] Cannot delete or update a parent row: a foreign key constraint fails (`wp_project`.`listing_location`, CONSTRAINT `FK_8wo4wpsoysi97vn0tkbfym89j` FOREIGN KEY (`listing_id`) REFERENCES `listings` (`id`))
2016-08-11 16:11:28,106 WARN [http-bio-8080-exec-9] o.h.e.j.s.SqlExceptionHelper [SqlExceptionHelper.java:232] SQL Warning Code: 1451, SQLState: 23000
2016-08-11 16:11:28,107 WARN [http-bio-8080-exec-9] o.h.e.j.s.SqlExceptionHelper [SqlExceptionHelper.java:233] Cannot delete or update a parent row: a foreign key constraint fails (`wp_project`.`listing_location`, CONSTRAINT `FK_8wo4wpsoysi97vn0tkbfym89j` FOREIGN KEY (`listing_id`) REFERENCES `listings` (`id`))
2016-08-11 16:12:28,939 INFO [localhost-startStop-1] o.s.w.c.ContextLoader [ContextLoader.java:285] Root WebApplicationContext: initialization started
2016-08-11 16:12:29,039 INFO [localhost-startStop-1] o.s.w.c.s.XmlWebApplicationContext [AbstractApplicationContext.java:510] Refreshing Root WebApplicationContext: startup date [Thu Aug 11 16:12:29 CEST 2016]; root of context hierarchy
2016-08-11 16:12:29,087 INFO [localhost-startStop-1] o.s.b.f.x.XmlBeanDefinitionReader [XmlBeanDefinitionReader.java:317] Loading XML bean definitions from class path resource [spring/business-config.xml]
2016-08-11 16:12:29,327 INFO [localhost-startStop-1] o.s.b.f.x.XmlBeanDefinitionReader [XmlBeanDefinitionReader.java:317] Loading XML bean definitions from class path resource [spring/persistence-config.xml]
2016-08-11 16:12:29,945 INFO [localhost-startStop-1] o.s.c.s.PropertySourcesPlaceholderConfigurer [PropertiesLoaderSupport.java:172] Loading properties file from class path resource [spring/data-access.properties]
2016-08-11 16:12:30,193 INFO [localhost-startStop-1] o.s.o.j.LocalContainerEntityManagerFactoryBean [LocalContainerEntityManagerFactoryBean.java:339] Building JPA container EntityManagerFactory for persistence unit 'wp'
2016-08-11 16:12:30,224 INFO [localhost-startStop-1] o.h.j.i.u.LogHelper [LogHelper.java:46] HHH000204: Processing PersistenceUnitInfo [
	name: wp
	...]
2016-08-11 16:12:30,427 INFO [localhost-startStop-1] o.h.Version [Version.java:54] HHH000412: Hibernate Core {4.3.10.Final}
2016-08-11 16:12:30,431 INFO [localhost-startStop-1] o.h.c.Environment [Environment.java:239] HHH000206: hibernate.properties not found
2016-08-11 16:12:30,435 INFO [localhost-startStop-1] o.h.c.Environment [Environment.java:346] HHH000021: Bytecode provider name : javassist
2016-08-11 16:12:30,817 INFO [localhost-startStop-1] o.h.a.c.Version [JavaReflectionManager.java:66] HCANN000001: Hibernate Commons Annotations {4.0.5.Final}
2016-08-11 16:12:31,446 INFO [localhost-startStop-1] o.h.d.Dialect [Dialect.java:145] HHH000400: Using dialect: org.hibernate.dialect.MySQLDialect
2016-08-11 16:12:31,792 INFO [localhost-startStop-1] o.h.h.i.a.ASTQueryTranslatorFactory [ASTQueryTranslatorFactory.java:47] HHH000397: Using ASTQueryTranslatorFactory
2016-08-11 16:12:31,875 INFO [localhost-startStop-1] o.h.v.i.u.Version [Version.java:27] HV000001: Hibernate Validator 5.1.3.Final
2016-08-11 16:12:32,664 INFO [localhost-startStop-1] o.h.t.h.SchemaUpdate [SchemaUpdate.java:207] HHH000228: Running hbm2ddl schema update
2016-08-11 16:12:32,665 INFO [localhost-startStop-1] o.h.t.h.SchemaUpdate [SchemaUpdate.java:218] HHH000102: Fetching database metadata
2016-08-11 16:12:32,669 INFO [localhost-startStop-1] o.h.t.h.SchemaUpdate [SchemaUpdate.java:230] HHH000396: Updating schema
2016-08-11 16:12:32,702 INFO [localhost-startStop-1] o.h.t.h.TableMetadata [TableMetadata.java:65] HHH000261: Table found: wp_project.listing_image_urls
2016-08-11 16:12:32,706 INFO [localhost-startStop-1] o.h.t.h.TableMetadata [TableMetadata.java:66] HHH000037: Columns: [image_url, id]
2016-08-11 16:12:32,707 INFO [localhost-startStop-1] o.h.t.h.TableMetadata [TableMetadata.java:68] HHH000108: Foreign keys: [fk_63fej08dgmt8vrqlra370e656]
2016-08-11 16:12:32,708 INFO [localhost-startStop-1] o.h.t.h.TableMetadata [TableMetadata.java:69] HHH000126: Indexes: [uk_sm53naah72t24kigc0pfsb87o]
2016-08-11 16:12:32,717 INFO [localhost-startStop-1] o.h.t.h.TableMetadata [TableMetadata.java:65] HHH000261: Table found: wp_project.listing_location
2016-08-11 16:12:32,718 INFO [localhost-startStop-1] o.h.t.h.TableMetadata [TableMetadata.java:66] HHH000037: Columns: [lng, listing_id, name, id, lat]
2016-08-11 16:12:32,719 INFO [localhost-startStop-1] o.h.t.h.TableMetadata [TableMetadata.java:68] HHH000108: Foreign keys: [fk_8wo4wpsoysi97vn0tkbfym89j]
2016-08-11 16:12:32,720 INFO [localhost-startStop-1] o.h.t.h.TableMetadata [TableMetadata.java:69] HHH000126: Indexes: [fk_8wo4wpsoysi97vn0tkbfym89j, primary]
2016-08-11 16:12:32,729 INFO [localhost-startStop-1] o.h.t.h.TableMetadata [TableMetadata.java:65] HHH000261: Table found: wp_project.listings
2016-08-11 16:12:32,729 INFO [localhost-startStop-1] o.h.t.h.TableMetadata [TableMetadata.java:66] HHH000037: Columns: [user_id, id, title, createdon, content, location_id]
2016-08-11 16:12:32,730 INFO [localhost-startStop-1] o.h.t.h.TableMetadata [TableMetadata.java:68] HHH000108: Foreign keys: [fk_qv926x4jhroce71534nmady6a, fk_7ueigy3p0nqgafjwwuikhtyav]
2016-08-11 16:12:32,730 INFO [localhost-startStop-1] o.h.t.h.TableMetadata [TableMetadata.java:69] HHH000126: Indexes: [fk_qv926x4jhroce71534nmady6a, primary, fk_7ueigy3p0nqgafjwwuikhtyav]
2016-08-11 16:12:32,740 INFO [localhost-startStop-1] o.h.t.h.TableMetadata [TableMetadata.java:65] HHH000261: Table found: wp_project.messages
2016-08-11 16:12:32,740 INFO [localhost-startStop-1] o.h.t.h.TableMetadata [TableMetadata.java:66] HHH000037: Columns: [user_to, senton, user_from, id, content, seen]
2016-08-11 16:12:32,741 INFO [localhost-startStop-1] o.h.t.h.TableMetadata [TableMetadata.java:68] HHH000108: Foreign keys: [fk_ad469sdac6e7i74nt4w1bn3ad, fk_16t1rrh93xrwia8nqh69q13j3]
2016-08-11 16:12:32,742 INFO [localhost-startStop-1] o.h.t.h.TableMetadata [TableMetadata.java:69] HHH000126: Indexes: [fk_ad469sdac6e7i74nt4w1bn3ad, fk_16t1rrh93xrwia8nqh69q13j3, primary]
2016-08-11 16:12:32,761 INFO [localhost-startStop-1] o.h.t.h.TableMetadata [TableMetadata.java:65] HHH000261: Table found: wp_project.reports
2016-08-11 16:12:32,762 INFO [localhost-startStop-1] o.h.t.h.TableMetadata [TableMetadata.java:66] HHH000037: Columns: [listing_id, user_id, submittedon, id, content, seen]
2016-08-11 16:12:32,762 INFO [localhost-startStop-1] o.h.t.h.TableMetadata [TableMetadata.java:68] HHH000108: Foreign keys: [fk_sh41oex32tb46wjis5vruthgf, fk_c29wlg7b42duwp3r09r6ajd]
2016-08-11 16:12:32,763 INFO [localhost-startStop-1] o.h.t.h.TableMetadata [TableMetadata.java:69] HHH000126: Indexes: [fk_sh41oex32tb46wjis5vruthgf, fk_c29wlg7b42duwp3r09r6ajd, primary]
2016-08-11 16:12:32,771 INFO [localhost-startStop-1] o.h.t.h.TableMetadata [TableMetadata.java:65] HHH000261: Table found: wp_project.users
2016-08-11 16:12:32,772 INFO [localhost-startStop-1] o.h.t.h.TableMetadata [TableMetadata.java:66] HHH000037: Columns: [password, birthdate, isadmin, surname, imageurl, name, uploadpath, id, email, username]
2016-08-11 16:12:32,772 INFO [localhost-startStop-1] o.h.t.h.TableMetadata [TableMetadata.java:68] HHH000108: Foreign keys: []
2016-08-11 16:12:32,773 INFO [localhost-startStop-1] o.h.t.h.TableMetadata [TableMetadata.java:69] HHH000126: Indexes: [uk_r43af9ap4edm43mmtq01oddj6, primary]
2016-08-11 16:12:32,775 INFO [localhost-startStop-1] o.h.t.h.SchemaUpdate [SchemaUpdate.java:267] HHH000232: Schema update complete
2016-08-11 16:12:33,233 INFO [localhost-startStop-1] o.s.w.c.ContextLoader [ContextLoader.java:325] Root WebApplicationContext: initialization completed in 4288 ms
2016-08-11 16:12:33,266 INFO [localhost-startStop-1] o.s.w.s.DispatcherServlet [FrameworkServlet.java:485] FrameworkServlet 'dispatcherServlet': initialization started
2016-08-11 16:12:33,270 INFO [localhost-startStop-1] o.s.w.c.s.XmlWebApplicationContext [AbstractApplicationContext.java:510] Refreshing WebApplicationContext for namespace 'dispatcherServlet-servlet': startup date [Thu Aug 11 16:12:33 CEST 2016]; parent: Root WebApplicationContext
2016-08-11 16:12:33,271 INFO [localhost-startStop-1] o.s.b.f.x.XmlBeanDefinitionReader [XmlBeanDefinitionReader.java:317] Loading XML bean definitions from class path resource [spring/mvc-core-config.xml]
2016-08-11 16:12:33,315 INFO [localhost-startStop-1] o.s.b.f.x.XmlBeanDefinitionReader [XmlBeanDefinitionReader.java:317] Loading XML bean definitions from class path resource [spring/mvc-view-config.xml]
2016-08-11 16:12:33,687 INFO [localhost-startStop-1] o.s.w.s.m.m.a.RequestMappingHandlerMapping [AbstractHandlerMethodMapping.java:217] Mapped "{[/],methods=[GET]}" onto public org.springframework.web.servlet.ModelAndView mk.ukim.finki.wp.web.HomeController.index(javax.servlet.http.HttpServletRequest)
2016-08-11 16:12:33,689 INFO [localhost-startStop-1] o.s.w.s.m.m.a.RequestMappingHandlerMapping [AbstractHandlerMethodMapping.java:217] Mapped "{[/login],methods=[GET]}" onto public org.springframework.web.servlet.ModelAndView mk.ukim.finki.wp.web.HomeController.login()
2016-08-11 16:12:33,690 INFO [localhost-startStop-1] o.s.w.s.m.m.a.RequestMappingHandlerMapping [AbstractHandlerMethodMapping.java:217] Mapped "{[/listing],methods=[POST]}" onto public org.springframework.web.servlet.ModelAndView mk.ukim.finki.wp.web.HomeController.createListing(java.lang.String,java.lang.String,java.util.ArrayList<org.springframework.web.multipart.MultipartFile>,java.lang.String,java.lang.String,java.lang.String)
2016-08-11 16:12:33,690 INFO [localhost-startStop-1] o.s.w.s.m.m.a.RequestMappingHandlerMapping [AbstractHandlerMethodMapping.java:217] Mapped "{[/listing],methods=[GET]}" onto public org.springframework.web.servlet.ModelAndView mk.ukim.finki.wp.web.HomeController.indexListing()
2016-08-11 16:12:33,691 INFO [localhost-startStop-1] o.s.w.s.m.m.a.RequestMappingHandlerMapping [AbstractHandlerMethodMapping.java:217] Mapped "{[/],methods=[POST]}" onto public org.springframework.web.servlet.ModelAndView mk.ukim.finki.wp.web.HomeController.afterSubmit(java.lang.String,java.lang.String,java.lang.String,java.lang.String,java.lang.String,java.lang.String,org.springframework.web.multipart.MultipartFile)
2016-08-11 16:12:33,697 INFO [localhost-startStop-1] o.s.w.s.m.m.a.RequestMappingHandlerMapping [AbstractHandlerMethodMapping.java:217] Mapped "{[/api/listing/search/{keyword}],methods=[GET],produces=[application/json]}" onto public java.util.List<mk.ukim.finki.wp.model.Listing> mk.ukim.finki.wp.web.ListingResource.search(java.lang.String)
2016-08-11 16:12:33,697 INFO [localhost-startStop-1] o.s.w.s.m.m.a.RequestMappingHandlerMapping [AbstractHandlerMethodMapping.java:217] Mapped "{[/api/listing/search/nearby/{currentLat}/{currentLng}/{maxDistance}],methods=[GET],produces=[application/json]}" onto public java.util.List<mk.ukim.finki.wp.model.Listing> mk.ukim.finki.wp.web.ListingResource.search(java.lang.String,java.lang.String,java.lang.String)
2016-08-11 16:12:33,698 INFO [localhost-startStop-1] o.s.w.s.m.m.a.RequestMappingHandlerMapping [AbstractHandlerMethodMapping.java:217] Mapped "{[/api/listing/user/{id}],methods=[GET],produces=[application/json]}" onto public java.util.List<mk.ukim.finki.wp.model.Listing> mk.ukim.finki.wp.web.ListingResource.getAllListingsByUser(java.lang.Long)
2016-08-11 16:12:33,699 INFO [localhost-startStop-1] o.s.w.s.m.m.a.RequestMappingHandlerMapping [AbstractHandlerMethodMapping.java:217] Mapped "{[/api/listing/report/unread],methods=[GET],produces=[application/json]}" onto public java.util.List<mk.ukim.finki.wp.model.Report> mk.ukim.finki.wp.web.ListingResource.getAllUnreadReports()
2016-08-11 16:12:33,699 INFO [localhost-startStop-1] o.s.w.s.m.m.a.RequestMappingHandlerMapping [AbstractHandlerMethodMapping.java:217] Mapped "{[/api/listing/new],methods=[POST],produces=[application/json]}" onto public mk.ukim.finki.wp.model.Listing mk.ukim.finki.wp.web.ListingResource.createListing(java.lang.String,java.lang.String,java.util.ArrayList<org.springframework.web.multipart.MultipartFile>,java.lang.Long,java.lang.String,java.lang.String,java.lang.String)
2016-08-11 16:12:33,700 INFO [localhost-startStop-1] o.s.w.s.m.m.a.RequestMappingHandlerMapping [AbstractHandlerMethodMapping.java:217] Mapped "{[/api/listing/byDate/{day}/{month}/{year}],methods=[GET],produces=[application/json]}" onto public java.util.List<mk.ukim.finki.wp.model.Listing> mk.ukim.finki.wp.web.ListingResource.filterByDate(java.lang.Integer,java.lang.Integer,java.lang.Integer)
2016-08-11 16:12:33,700 INFO [localhost-startStop-1] o.s.w.s.m.m.a.RequestMappingHandlerMapping [AbstractHandlerMethodMapping.java:217] Mapped "{[/api/listing/report],methods=[GET],produces=[application/json]}" onto public java.util.List<mk.ukim.finki.wp.model.Report> mk.ukim.finki.wp.web.ListingResource.getAllReports()
2016-08-11 16:12:33,701 INFO [localhost-startStop-1] o.s.w.s.m.m.a.RequestMappingHandlerMapping [AbstractHandlerMethodMapping.java:217] Mapped "{[/api/listing/piece/{offset}/{end}],produces=[application/json]}" onto public java.util.List<mk.ukim.finki.wp.model.Listing> mk.ukim.finki.wp.web.ListingResource.getPiece(int,int)
2016-08-11 16:12:33,701 INFO [localhost-startStop-1] o.s.w.s.m.m.a.RequestMappingHandlerMapping [AbstractHandlerMethodMapping.java:217] Mapped "{[/api/listing/report/update/{id}],methods=[POST],produces=[application/json]}" onto public void mk.ukim.finki.wp.web.ListingResource.updateReport(java.lang.Long,java.lang.Boolean)
2016-08-11 16:12:33,702 INFO [localhost-startStop-1] o.s.w.s.m.m.a.RequestMappingHandlerMapping [AbstractHandlerMethodMapping.java:217] Mapped "{[/api/listing/graph],methods=[GET],produces=[application/json]}" onto public java.util.List<java.lang.Integer> mk.ukim.finki.wp.web.ListingResource.graphData()
2016-08-11 16:12:33,703 INFO [localhost-startStop-1] o.s.w.s.m.m.a.RequestMappingHandlerMapping [AbstractHandlerMethodMapping.java:217] Mapped "{[/api/listing/{id}],methods=[DELETE],produces=[application/json]}" onto public void mk.ukim.finki.wp.web.ListingResource.deleteListing(java.lang.Long)
2016-08-11 16:12:33,703 INFO [localhost-startStop-1] o.s.w.s.m.m.a.RequestMappingHandlerMapping [AbstractHandlerMethodMapping.java:217] Mapped "{[/api/listing/report/{id}],methods=[GET],produces=[application/json]}" onto public mk.ukim.finki.wp.model.Report mk.ukim.finki.wp.web.ListingResource.getReport(java.lang.Long)
2016-08-11 16:12:33,705 INFO [localhost-startStop-1] o.s.w.s.m.m.a.RequestMappingHandlerMapping [AbstractHandlerMethodMapping.java:217] Mapped "{[/api/listing],methods=[GET],produces=[application/json]}" onto public java.util.List<mk.ukim.finki.wp.model.Listing> mk.ukim.finki.wp.web.ListingResource.getAllListings()
2016-08-11 16:12:33,706 INFO [localhost-startStop-1] o.s.w.s.m.m.a.RequestMappingHandlerMapping [AbstractHandlerMethodMapping.java:217] Mapped "{[/api/listing/report/new],methods=[POST],produces=[application/json]}" onto public void mk.ukim.finki.wp.web.ListingResource.createReport(java.lang.String,java.lang.Long,java.lang.Long)
2016-08-11 16:12:33,707 INFO [localhost-startStop-1] o.s.w.s.m.m.a.RequestMappingHandlerMapping [AbstractHandlerMethodMapping.java:217] Mapped "{[/api/listing/isOwner/{id}],methods=[GET],produces=[application/json]}" onto public boolean mk.ukim.finki.wp.web.ListingResource.isOwner(java.lang.Long,javax.servlet.http.HttpSession)
2016-08-11 16:12:33,707 INFO [localhost-startStop-1] o.s.w.s.m.m.a.RequestMappingHandlerMapping [AbstractHandlerMethodMapping.java:217] Mapped "{[/api/listing/edit],methods=[POST],produces=[application/json]}" onto public void mk.ukim.finki.wp.web.ListingResource.editListing(java.lang.Long,java.lang.String,java.lang.String,javax.servlet.http.HttpSession)
2016-08-11 16:12:33,708 INFO [localhost-startStop-1] o.s.w.s.m.m.a.RequestMappingHandlerMapping [AbstractHandlerMethodMapping.java:217] Mapped "{[/api/listing/{id}],methods=[GET],produces=[application/json]}" onto public mk.ukim.finki.wp.model.Listing mk.ukim.finki.wp.web.ListingResource.getListing(java.lang.Long)
2016-08-11 16:12:33,710 INFO [localhost-startStop-1] o.s.w.s.m.m.a.RequestMappingHandlerMapping [AbstractHandlerMethodMapping.java:217] Mapped "{[/api/user/message/{messageId}],produces=[application/json]}" onto public mk.ukim.finki.wp.model.Message mk.ukim.finki.wp.web.UserResource.getMessage(java.lang.Long)
2016-08-11 16:12:33,711 INFO [localhost-startStop-1] o.s.w.s.m.m.a.RequestMappingHandlerMapping [AbstractHandlerMethodMapping.java:217] Mapped "{[/api/user/message/update/{messageId}],methods=[POST],produces=[application/json]}" onto public void mk.ukim.finki.wp.web.UserResource.toggleMessageState(java.lang.Long,java.lang.Boolean)
2016-08-11 16:12:33,711 INFO [localhost-startStop-1] o.s.w.s.m.m.a.RequestMappingHandlerMapping [AbstractHandlerMethodMapping.java:217] Mapped "{[/api/user],methods=[GET],produces=[application/json]}" onto public java.util.List<mk.ukim.finki.wp.model.User> mk.ukim.finki.wp.web.UserResource.getAllUsers()
2016-08-11 16:12:33,711 INFO [localhost-startStop-1] o.s.w.s.m.m.a.RequestMappingHandlerMapping [AbstractHandlerMethodMapping.java:217] Mapped "{[/api/user/message/new],methods=[POST],produces=[application/json]}" onto public void mk.ukim.finki.wp.web.UserResource.sendMessage(java.lang.String,java.lang.Long,java.lang.Long)
2016-08-11 16:12:33,712 INFO [localhost-startStop-1] o.s.w.s.m.m.a.RequestMappingHandlerMapping [AbstractHandlerMethodMapping.java:217] Mapped "{[/api/user/message/received/{userId}],methods=[GET],produces=[application/json]}" onto public java.util.List<mk.ukim.finki.wp.model.Message> mk.ukim.finki.wp.web.UserResource.getInbox(java.lang.Long)
2016-08-11 16:12:33,712 INFO [localhost-startStop-1] o.s.w.s.m.m.a.RequestMappingHandlerMapping [AbstractHandlerMethodMapping.java:217] Mapped "{[/api/user/message/sent/{userId}],methods=[GET],produces=[application/json]}" onto public java.util.List<mk.ukim.finki.wp.model.Message> mk.ukim.finki.wp.web.UserResource.getOutbox(java.lang.Long)
2016-08-11 16:12:33,713 INFO [localhost-startStop-1] o.s.w.s.m.m.a.RequestMappingHandlerMapping [AbstractHandlerMethodMapping.java:217] Mapped "{[/api/user/admin],methods=[GET],produces=[application/json]}" onto public java.util.List<mk.ukim.finki.wp.model.User> mk.ukim.finki.wp.web.UserResource.getAllAdmins()
2016-08-11 16:12:33,713 INFO [localhost-startStop-1] o.s.w.s.m.m.a.RequestMappingHandlerMapping [AbstractHandlerMethodMapping.java:217] Mapped "{[/api/user/{id}],methods=[GET],produces=[application/json]}" onto public mk.ukim.finki.wp.model.User mk.ukim.finki.wp.web.UserResource.getUser(java.lang.Long)
2016-08-11 16:12:33,713 INFO [localhost-startStop-1] o.s.w.s.m.m.a.RequestMappingHandlerMapping [AbstractHandlerMethodMapping.java:217] Mapped "{[/api/user/login],methods=[POST],produces=[application/json]}" onto public mk.ukim.finki.wp.model.User mk.ukim.finki.wp.web.UserResource.loginUser(java.lang.String,java.lang.String,javax.servlet.http.HttpSession)
2016-08-11 16:12:33,714 INFO [localhost-startStop-1] o.s.w.s.m.m.a.RequestMappingHandlerMapping [AbstractHandlerMethodMapping.java:217] Mapped "{[/api/user/remove/{id}],methods=[DELETE],produces=[application/json]}" onto public void mk.ukim.finki.wp.web.UserResource.removeUser(java.lang.Long)
2016-08-11 16:12:33,714 INFO [localhost-startStop-1] o.s.w.s.m.m.a.RequestMappingHandlerMapping [AbstractHandlerMethodMapping.java:217] Mapped "{[/api/user/update/{id}],methods=[POST],produces=[application/json]}" onto public void mk.ukim.finki.wp.web.UserResource.updateUser(java.lang.Long,java.lang.String,java.lang.String,java.lang.String,java.lang.String,java.lang.String,java.lang.String)
2016-08-11 16:12:33,714 INFO [localhost-startStop-1] o.s.w.s.m.m.a.RequestMappingHandlerMapping [AbstractHandlerMethodMapping.java:217] Mapped "{[/api/user/signup],methods=[POST],produces=[application/json]}" onto public void mk.ukim.finki.wp.web.UserResource.signUpUser(java.lang.String,java.lang.String,java.lang.String,java.lang.String,java.lang.String,java.lang.String)
2016-08-11 16:12:34,113 INFO [localhost-startStop-1] o.s.w.s.m.m.a.RequestMappingHandlerAdapter [RequestMappingHandlerAdapter.java:517] Looking for @ControllerAdvice: WebApplicationContext for namespace 'dispatcherServlet-servlet': startup date [Thu Aug 11 16:12:33 CEST 2016]; parent: Root WebApplicationContext
2016-08-11 16:12:34,190 INFO [localhost-startStop-1] o.s.w.s.m.m.a.RequestMappingHandlerAdapter [RequestMappingHandlerAdapter.java:517] Looking for @ControllerAdvice: WebApplicationContext for namespace 'dispatcherServlet-servlet': startup date [Thu Aug 11 16:12:33 CEST 2016]; parent: Root WebApplicationContext
2016-08-11 16:12:34,305 INFO [localhost-startStop-1] o.s.w.s.h.SimpleUrlHandlerMapping [AbstractUrlHandlerMapping.java:314] Mapped URL path [/resources/**] onto handler 'org.springframework.web.servlet.resource.ResourceHttpRequestHandler#0'
2016-08-11 16:12:34,315 INFO [localhost-startStop-1] o.s.w.s.h.SimpleUrlHandlerMapping [AbstractUrlHandlerMapping.java:301] Root mapping to handler of type [class org.springframework.web.servlet.mvc.ParameterizableViewController]
2016-08-11 16:12:34,331 INFO [localhost-startStop-1] o.s.w.s.h.SimpleUrlHandlerMapping [AbstractUrlHandlerMapping.java:314] Mapped URL path [/**] onto handler 'org.springframework.web.servlet.resource.DefaultServletHttpRequestHandler#0'
2016-08-11 16:12:34,380 INFO [localhost-startStop-1] o.s.w.s.DispatcherServlet [FrameworkServlet.java:504] FrameworkServlet 'dispatcherServlet': initialization completed in 1114 ms
2016-08-11 16:34:55,220 WARN [http-bio-8080-exec-9] o.h.e.j.s.SqlExceptionHelper [SqlExceptionHelper.java:144] SQL Error: 1062, SQLState: 23000
2016-08-11 16:34:55,223 ERROR [http-bio-8080-exec-9] o.h.e.j.s.SqlExceptionHelper [SqlExceptionHelper.java:146] Duplicate entry 'test' for key 'UK_r43af9ap4edm43mmtq01oddj6'
2016-08-11 16:34:55,227 WARN [http-bio-8080-exec-9] o.h.e.j.s.SqlExceptionHelper [SqlExceptionHelper.java:232] SQL Warning Code: 1062, SQLState: 23000
2016-08-11 16:34:55,228 WARN [http-bio-8080-exec-9] o.h.e.j.s.SqlExceptionHelper [SqlExceptionHelper.java:233] Duplicate entry 'test' for key 'UK_r43af9ap4edm43mmtq01oddj6'
2016-08-11 20:14:07,051 INFO [localhost-startStop-1] o.s.w.c.ContextLoader [ContextLoader.java:285] Root WebApplicationContext: initialization started
2016-08-11 20:14:07,167 INFO [localhost-startStop-1] o.s.w.c.s.XmlWebApplicationContext [AbstractApplicationContext.java:510] Refreshing Root WebApplicationContext: startup date [Thu Aug 11 20:14:07 CEST 2016]; root of context hierarchy
2016-08-11 20:14:07,213 INFO [localhost-startStop-1] o.s.b.f.x.XmlBeanDefinitionReader [XmlBeanDefinitionReader.java:317] Loading XML bean definitions from class path resource [spring/business-config.xml]
2016-08-11 20:14:07,450 INFO [localhost-startStop-1] o.s.b.f.x.XmlBeanDefinitionReader [XmlBeanDefinitionReader.java:317] Loading XML bean definitions from class path resource [spring/persistence-config.xml]
2016-08-11 20:14:08,053 INFO [localhost-startStop-1] o.s.c.s.PropertySourcesPlaceholderConfigurer [PropertiesLoaderSupport.java:172] Loading properties file from class path resource [spring/data-access.properties]
2016-08-11 20:14:08,332 INFO [localhost-startStop-1] o.s.o.j.LocalContainerEntityManagerFactoryBean [LocalContainerEntityManagerFactoryBean.java:339] Building JPA container EntityManagerFactory for persistence unit 'wp'
2016-08-11 20:14:08,360 INFO [localhost-startStop-1] o.h.j.i.u.LogHelper [LogHelper.java:46] HHH000204: Processing PersistenceUnitInfo [
	name: wp
	...]
2016-08-11 20:14:08,600 INFO [localhost-startStop-1] o.h.Version [Version.java:54] HHH000412: Hibernate Core {4.3.10.Final}
2016-08-11 20:14:08,610 INFO [localhost-startStop-1] o.h.c.Environment [Environment.java:239] HHH000206: hibernate.properties not found
2016-08-11 20:14:08,613 INFO [localhost-startStop-1] o.h.c.Environment [Environment.java:346] HHH000021: Bytecode provider name : javassist
2016-08-11 20:14:09,032 INFO [localhost-startStop-1] o.h.a.c.Version [JavaReflectionManager.java:66] HCANN000001: Hibernate Commons Annotations {4.0.5.Final}
2016-08-11 20:14:09,886 INFO [localhost-startStop-1] o.h.d.Dialect [Dialect.java:145] HHH000400: Using dialect: org.hibernate.dialect.MySQLDialect
2016-08-11 20:14:10,310 INFO [localhost-startStop-1] o.h.h.i.a.ASTQueryTranslatorFactory [ASTQueryTranslatorFactory.java:47] HHH000397: Using ASTQueryTranslatorFactory
2016-08-11 20:14:10,429 INFO [localhost-startStop-1] o.h.v.i.u.Version [Version.java:27] HV000001: Hibernate Validator 5.1.3.Final
2016-08-11 20:14:11,489 INFO [localhost-startStop-1] o.h.t.h.SchemaUpdate [SchemaUpdate.java:207] HHH000228: Running hbm2ddl schema update
2016-08-11 20:14:11,489 INFO [localhost-startStop-1] o.h.t.h.SchemaUpdate [SchemaUpdate.java:218] HHH000102: Fetching database metadata
2016-08-11 20:14:11,493 INFO [localhost-startStop-1] o.h.t.h.SchemaUpdate [SchemaUpdate.java:230] HHH000396: Updating schema
2016-08-11 20:14:11,535 INFO [localhost-startStop-1] o.h.t.h.TableMetadata [TableMetadata.java:65] HHH000261: Table found: wp_project.listing_image_urls
2016-08-11 20:14:11,535 INFO [localhost-startStop-1] o.h.t.h.TableMetadata [TableMetadata.java:66] HHH000037: Columns: [image_url, id]
2016-08-11 20:14:11,536 INFO [localhost-startStop-1] o.h.t.h.TableMetadata [TableMetadata.java:68] HHH000108: Foreign keys: [fk_63fej08dgmt8vrqlra370e656]
2016-08-11 20:14:11,537 INFO [localhost-startStop-1] o.h.t.h.TableMetadata [TableMetadata.java:69] HHH000126: Indexes: [uk_sm53naah72t24kigc0pfsb87o]
2016-08-11 20:14:11,554 INFO [localhost-startStop-1] o.h.t.h.TableMetadata [TableMetadata.java:65] HHH000261: Table found: wp_project.listing_location
2016-08-11 20:14:11,554 INFO [localhost-startStop-1] o.h.t.h.TableMetadata [TableMetadata.java:66] HHH000037: Columns: [lng, listing_id, name, id, lat]
2016-08-11 20:14:11,555 INFO [localhost-startStop-1] o.h.t.h.TableMetadata [TableMetadata.java:68] HHH000108: Foreign keys: [fk_8wo4wpsoysi97vn0tkbfym89j]
2016-08-11 20:14:11,555 INFO [localhost-startStop-1] o.h.t.h.TableMetadata [TableMetadata.java:69] HHH000126: Indexes: [fk_8wo4wpsoysi97vn0tkbfym89j, primary]
2016-08-11 20:14:11,566 INFO [localhost-startStop-1] o.h.t.h.TableMetadata [TableMetadata.java:65] HHH000261: Table found: wp_project.listings
2016-08-11 20:14:11,566 INFO [localhost-startStop-1] o.h.t.h.TableMetadata [TableMetadata.java:66] HHH000037: Columns: [user_id, id, title, createdon, content, location_id]
2016-08-11 20:14:11,567 INFO [localhost-startStop-1] o.h.t.h.TableMetadata [TableMetadata.java:68] HHH000108: Foreign keys: [fk_qv926x4jhroce71534nmady6a, fk_7ueigy3p0nqgafjwwuikhtyav]
2016-08-11 20:14:11,567 INFO [localhost-startStop-1] o.h.t.h.TableMetadata [TableMetadata.java:69] HHH000126: Indexes: [fk_qv926x4jhroce71534nmady6a, primary, fk_7ueigy3p0nqgafjwwuikhtyav]
2016-08-11 20:14:11,585 INFO [localhost-startStop-1] o.h.t.h.TableMetadata [TableMetadata.java:65] HHH000261: Table found: wp_project.messages
2016-08-11 20:14:11,586 INFO [localhost-startStop-1] o.h.t.h.TableMetadata [TableMetadata.java:66] HHH000037: Columns: [user_to, senton, user_from, id, content, seen]
2016-08-11 20:14:11,587 INFO [localhost-startStop-1] o.h.t.h.TableMetadata [TableMetadata.java:68] HHH000108: Foreign keys: [fk_ad469sdac6e7i74nt4w1bn3ad, fk_16t1rrh93xrwia8nqh69q13j3]
2016-08-11 20:14:11,588 INFO [localhost-startStop-1] o.h.t.h.TableMetadata [TableMetadata.java:69] HHH000126: Indexes: [fk_ad469sdac6e7i74nt4w1bn3ad, fk_16t1rrh93xrwia8nqh69q13j3, primary]
2016-08-11 20:14:11,602 INFO [localhost-startStop-1] o.h.t.h.TableMetadata [TableMetadata.java:65] HHH000261: Table found: wp_project.reports
2016-08-11 20:14:11,603 INFO [localhost-startStop-1] o.h.t.h.TableMetadata [TableMetadata.java:66] HHH000037: Columns: [listing_id, user_id, submittedon, id, content, seen]
2016-08-11 20:14:11,605 INFO [localhost-startStop-1] o.h.t.h.TableMetadata [TableMetadata.java:68] HHH000108: Foreign keys: [fk_sh41oex32tb46wjis5vruthgf, fk_c29wlg7b42duwp3r09r6ajd]
2016-08-11 20:14:11,606 INFO [localhost-startStop-1] o.h.t.h.TableMetadata [TableMetadata.java:69] HHH000126: Indexes: [fk_sh41oex32tb46wjis5vruthgf, fk_c29wlg7b42duwp3r09r6ajd, primary]
2016-08-11 20:14:11,619 INFO [localhost-startStop-1] o.h.t.h.TableMetadata [TableMetadata.java:65] HHH000261: Table found: wp_project.users
2016-08-11 20:14:11,620 INFO [localhost-startStop-1] o.h.t.h.TableMetadata [TableMetadata.java:66] HHH000037: Columns: [password, birthdate, isadmin, surname, imageurl, name, uploadpath, id, email, username]
2016-08-11 20:14:11,620 INFO [localhost-startStop-1] o.h.t.h.TableMetadata [TableMetadata.java:68] HHH000108: Foreign keys: []
2016-08-11 20:14:11,621 INFO [localhost-startStop-1] o.h.t.h.TableMetadata [TableMetadata.java:69] HHH000126: Indexes: [uk_r43af9ap4edm43mmtq01oddj6, primary]
2016-08-11 20:14:11,622 INFO [localhost-startStop-1] o.h.t.h.SchemaUpdate [SchemaUpdate.java:267] HHH000232: Schema update complete
2016-08-11 20:14:12,117 INFO [localhost-startStop-1] o.s.w.c.ContextLoader [ContextLoader.java:325] Root WebApplicationContext: initialization completed in 5059 ms
2016-08-11 20:14:12,172 INFO [localhost-startStop-1] o.s.w.s.DispatcherServlet [FrameworkServlet.java:485] FrameworkServlet 'dispatcherServlet': initialization started
2016-08-11 20:14:12,179 INFO [localhost-startStop-1] o.s.w.c.s.XmlWebApplicationContext [AbstractApplicationContext.java:510] Refreshing WebApplicationContext for namespace 'dispatcherServlet-servlet': startup date [Thu Aug 11 20:14:12 CEST 2016]; parent: Root WebApplicationContext
2016-08-11 20:14:12,180 INFO [localhost-startStop-1] o.s.b.f.x.XmlBeanDefinitionReader [XmlBeanDefinitionReader.java:317] Loading XML bean definitions from class path resource [spring/mvc-core-config.xml]
2016-08-11 20:14:12,293 INFO [localhost-startStop-1] o.s.b.f.x.XmlBeanDefinitionReader [XmlBeanDefinitionReader.java:317] Loading XML bean definitions from class path resource [spring/mvc-view-config.xml]
2016-08-11 20:14:12,834 INFO [localhost-startStop-1] o.s.w.s.m.m.a.RequestMappingHandlerMapping [AbstractHandlerMethodMapping.java:217] Mapped "{[/],methods=[GET]}" onto public org.springframework.web.servlet.ModelAndView mk.ukim.finki.wp.web.HomeController.index(javax.servlet.http.HttpServletRequest)
2016-08-11 20:14:12,835 INFO [localhost-startStop-1] o.s.w.s.m.m.a.RequestMappingHandlerMapping [AbstractHandlerMethodMapping.java:217] Mapped "{[/login],methods=[GET]}" onto public org.springframework.web.servlet.ModelAndView mk.ukim.finki.wp.web.HomeController.login()
2016-08-11 20:14:12,835 INFO [localhost-startStop-1] o.s.w.s.m.m.a.RequestMappingHandlerMapping [AbstractHandlerMethodMapping.java:217] Mapped "{[/listing],methods=[POST]}" onto public org.springframework.web.servlet.ModelAndView mk.ukim.finki.wp.web.HomeController.createListing(java.lang.String,java.lang.String,java.util.ArrayList<org.springframework.web.multipart.MultipartFile>,java.lang.String,java.lang.String,java.lang.String)
2016-08-11 20:14:12,835 INFO [localhost-startStop-1] o.s.w.s.m.m.a.RequestMappingHandlerMapping [AbstractHandlerMethodMapping.java:217] Mapped "{[/listing],methods=[GET]}" onto public org.springframework.web.servlet.ModelAndView mk.ukim.finki.wp.web.HomeController.indexListing()
2016-08-11 20:14:12,835 INFO [localhost-startStop-1] o.s.w.s.m.m.a.RequestMappingHandlerMapping [AbstractHandlerMethodMapping.java:217] Mapped "{[/],methods=[POST]}" onto public org.springframework.web.servlet.ModelAndView mk.ukim.finki.wp.web.HomeController.afterSubmit(java.lang.String,java.lang.String,java.lang.String,java.lang.String,java.lang.String,java.lang.String,org.springframework.web.multipart.MultipartFile)
2016-08-11 20:14:12,842 INFO [localhost-startStop-1] o.s.w.s.m.m.a.RequestMappingHandlerMapping [AbstractHandlerMethodMapping.java:217] Mapped "{[/api/listing/search/{keyword}],methods=[GET],produces=[application/json]}" onto public java.util.List<mk.ukim.finki.wp.model.Listing> mk.ukim.finki.wp.web.ListingResource.search(java.lang.String)
2016-08-11 20:14:12,842 INFO [localhost-startStop-1] o.s.w.s.m.m.a.RequestMappingHandlerMapping [AbstractHandlerMethodMapping.java:217] Mapped "{[/api/listing/search/nearby/{currentLat}/{currentLng}/{maxDistance}],methods=[GET],produces=[application/json]}" onto public java.util.List<mk.ukim.finki.wp.model.Listing> mk.ukim.finki.wp.web.ListingResource.search(java.lang.String,java.lang.String,java.lang.String)
2016-08-11 20:14:12,843 INFO [localhost-startStop-1] o.s.w.s.m.m.a.RequestMappingHandlerMapping [AbstractHandlerMethodMapping.java:217] Mapped "{[/api/listing/new],methods=[POST],produces=[application/json]}" onto public mk.ukim.finki.wp.model.Listing mk.ukim.finki.wp.web.ListingResource.createListing(java.lang.String,java.lang.String,java.util.ArrayList<org.springframework.web.multipart.MultipartFile>,java.lang.Long,java.lang.String,java.lang.String,java.lang.String)
2016-08-11 20:14:12,843 INFO [localhost-startStop-1] o.s.w.s.m.m.a.RequestMappingHandlerMapping [AbstractHandlerMethodMapping.java:217] Mapped "{[/api/listing/{id}],methods=[GET],produces=[application/json]}" onto public mk.ukim.finki.wp.model.Listing mk.ukim.finki.wp.web.ListingResource.getListing(java.lang.Long)
2016-08-11 20:14:12,844 INFO [localhost-startStop-1] o.s.w.s.m.m.a.RequestMappingHandlerMapping [AbstractHandlerMethodMapping.java:217] Mapped "{[/api/listing/piece/{offset}/{end}],produces=[application/json]}" onto public java.util.List<mk.ukim.finki.wp.model.Listing> mk.ukim.finki.wp.web.ListingResource.getPiece(int,int)
2016-08-11 20:14:12,844 INFO [localhost-startStop-1] o.s.w.s.m.m.a.RequestMappingHandlerMapping [AbstractHandlerMethodMapping.java:217] Mapped "{[/api/listing/report/update/{id}],methods=[POST],produces=[application/json]}" onto public void mk.ukim.finki.wp.web.ListingResource.updateReport(java.lang.Long,java.lang.Boolean)
2016-08-11 20:14:12,845 INFO [localhost-startStop-1] o.s.w.s.m.m.a.RequestMappingHandlerMapping [AbstractHandlerMethodMapping.java:217] Mapped "{[/api/listing/isOwner/{id}],methods=[GET],produces=[application/json]}" onto public boolean mk.ukim.finki.wp.web.ListingResource.isOwner(java.lang.Long,javax.servlet.http.HttpSession)
2016-08-11 20:14:12,845 INFO [localhost-startStop-1] o.s.w.s.m.m.a.RequestMappingHandlerMapping [AbstractHandlerMethodMapping.java:217] Mapped "{[/api/listing],methods=[GET],produces=[application/json]}" onto public java.util.List<mk.ukim.finki.wp.model.Listing> mk.ukim.finki.wp.web.ListingResource.getAllListings()
2016-08-11 20:14:12,845 INFO [localhost-startStop-1] o.s.w.s.m.m.a.RequestMappingHandlerMapping [AbstractHandlerMethodMapping.java:217] Mapped "{[/api/listing/{id}],methods=[DELETE],produces=[application/json]}" onto public void mk.ukim.finki.wp.web.ListingResource.deleteListing(java.lang.Long)
2016-08-11 20:14:12,846 INFO [localhost-startStop-1] o.s.w.s.m.m.a.RequestMappingHandlerMapping [AbstractHandlerMethodMapping.java:217] Mapped "{[/api/listing/report/{id}],methods=[GET],produces=[application/json]}" onto public mk.ukim.finki.wp.model.Report mk.ukim.finki.wp.web.ListingResource.getReport(java.lang.Long)
2016-08-11 20:14:12,846 INFO [localhost-startStop-1] o.s.w.s.m.m.a.RequestMappingHandlerMapping [AbstractHandlerMethodMapping.java:217] Mapped "{[/api/listing/report/new],methods=[POST],produces=[application/json]}" onto public void mk.ukim.finki.wp.web.ListingResource.createReport(java.lang.String,java.lang.Long,java.lang.Long)
2016-08-11 20:14:12,847 INFO [localhost-startStop-1] o.s.w.s.m.m.a.RequestMappingHandlerMapping [AbstractHandlerMethodMapping.java:217] Mapped "{[/api/listing/graph],methods=[GET],produces=[application/json]}" onto public java.util.List<java.lang.Integer> mk.ukim.finki.wp.web.ListingResource.graphData()
2016-08-11 20:14:12,847 INFO [localhost-startStop-1] o.s.w.s.m.m.a.RequestMappingHandlerMapping [AbstractHandlerMethodMapping.java:217] Mapped "{[/api/listing/edit],methods=[POST],produces=[application/json]}" onto public void mk.ukim.finki.wp.web.ListingResource.editListing(java.lang.Long,java.lang.String,java.lang.String,javax.servlet.http.HttpSession)
2016-08-11 20:14:12,848 INFO [localhost-startStop-1] o.s.w.s.m.m.a.RequestMappingHandlerMapping [AbstractHandlerMethodMapping.java:217] Mapped "{[/api/listing/report],methods=[GET],produces=[application/json]}" onto public java.util.List<mk.ukim.finki.wp.model.Report> mk.ukim.finki.wp.web.ListingResource.getAllReports()
2016-08-11 20:14:12,848 INFO [localhost-startStop-1] o.s.w.s.m.m.a.RequestMappingHandlerMapping [AbstractHandlerMethodMapping.java:217] Mapped "{[/api/listing/byDate/{day}/{month}/{year}],methods=[GET],produces=[application/json]}" onto public java.util.List<mk.ukim.finki.wp.model.Listing> mk.ukim.finki.wp.web.ListingResource.filterByDate(java.lang.Integer,java.lang.Integer,java.lang.Integer)
2016-08-11 20:14:12,849 INFO [localhost-startStop-1] o.s.w.s.m.m.a.RequestMappingHandlerMapping [AbstractHandlerMethodMapping.java:217] Mapped "{[/api/listing/report/unread],methods=[GET],produces=[application/json]}" onto public java.util.List<mk.ukim.finki.wp.model.Report> mk.ukim.finki.wp.web.ListingResource.getAllUnreadReports()
2016-08-11 20:14:12,850 INFO [localhost-startStop-1] o.s.w.s.m.m.a.RequestMappingHandlerMapping [AbstractHandlerMethodMapping.java:217] Mapped "{[/api/listing/user/{id}],methods=[GET],produces=[application/json]}" onto public java.util.List<mk.ukim.finki.wp.model.Listing> mk.ukim.finki.wp.web.ListingResource.getAllListingsByUser(java.lang.Long)
2016-08-11 20:14:12,852 INFO [localhost-startStop-1] o.s.w.s.m.m.a.RequestMappingHandlerMapping [AbstractHandlerMethodMapping.java:217] Mapped "{[/api/user/message/{messageId}],produces=[application/json]}" onto public mk.ukim.finki.wp.model.Message mk.ukim.finki.wp.web.UserResource.getMessage(java.lang.Long)
2016-08-11 20:14:12,853 INFO [localhost-startStop-1] o.s.w.s.m.m.a.RequestMappingHandlerMapping [AbstractHandlerMethodMapping.java:217] Mapped "{[/api/user/message/update/{messageId}],methods=[POST],produces=[application/json]}" onto public void mk.ukim.finki.wp.web.UserResource.toggleMessageState(java.lang.Long,java.lang.Boolean)
2016-08-11 20:14:12,854 INFO [localhost-startStop-1] o.s.w.s.m.m.a.RequestMappingHandlerMapping [AbstractHandlerMethodMapping.java:217] Mapped "{[/api/user/{id}],methods=[GET],produces=[application/json]}" onto public mk.ukim.finki.wp.model.User mk.ukim.finki.wp.web.UserResource.getUser(java.lang.Long)
2016-08-11 20:14:12,854 INFO [localhost-startStop-1] o.s.w.s.m.m.a.RequestMappingHandlerMapping [AbstractHandlerMethodMapping.java:217] Mapped "{[/api/user/remove/{id}],methods=[DELETE],produces=[application/json]}" onto public void mk.ukim.finki.wp.web.UserResource.removeUser(java.lang.Long)
2016-08-11 20:14:12,854 INFO [localhost-startStop-1] o.s.w.s.m.m.a.RequestMappingHandlerMapping [AbstractHandlerMethodMapping.java:217] Mapped "{[/api/user/update/{id}],methods=[POST],produces=[application/json]}" onto public void mk.ukim.finki.wp.web.UserResource.updateUser(java.lang.Long,java.lang.String,java.lang.String,java.lang.String,java.lang.String,java.lang.String,java.lang.String)
2016-08-11 20:14:12,854 INFO [localhost-startStop-1] o.s.w.s.m.m.a.RequestMappingHandlerMapping [AbstractHandlerMethodMapping.java:217] Mapped "{[/api/user/login],methods=[POST],produces=[application/json]}" onto public mk.ukim.finki.wp.model.User mk.ukim.finki.wp.web.UserResource.loginUser(java.lang.String,java.lang.String,javax.servlet.http.HttpSession)
2016-08-11 20:14:12,855 INFO [localhost-startStop-1] o.s.w.s.m.m.a.RequestMappingHandlerMapping [AbstractHandlerMethodMapping.java:217] Mapped "{[/api/user/message/new],methods=[POST],produces=[application/json]}" onto public void mk.ukim.finki.wp.web.UserResource.sendMessage(java.lang.String,java.lang.Long,java.lang.Long)
2016-08-11 20:14:12,855 INFO [localhost-startStop-1] o.s.w.s.m.m.a.RequestMappingHandlerMapping [AbstractHandlerMethodMapping.java:217] Mapped "{[/api/user/message/sent/{userId}],methods=[GET],produces=[application/json]}" onto public java.util.List<mk.ukim.finki.wp.model.Message> mk.ukim.finki.wp.web.UserResource.getOutbox(java.lang.Long)
2016-08-11 20:14:12,856 INFO [localhost-startStop-1] o.s.w.s.m.m.a.RequestMappingHandlerMapping [AbstractHandlerMethodMapping.java:217] Mapped "{[/api/user/admin],methods=[GET],produces=[application/json]}" onto public java.util.List<mk.ukim.finki.wp.model.User> mk.ukim.finki.wp.web.UserResource.getAllAdmins()
2016-08-11 20:14:12,856 INFO [localhost-startStop-1] o.s.w.s.m.m.a.RequestMappingHandlerMapping [AbstractHandlerMethodMapping.java:217] Mapped "{[/api/user],methods=[GET],produces=[application/json]}" onto public java.util.List<mk.ukim.finki.wp.model.User> mk.ukim.finki.wp.web.UserResource.getAllUsers()
2016-08-11 20:14:12,857 INFO [localhost-startStop-1] o.s.w.s.m.m.a.RequestMappingHandlerMapping [AbstractHandlerMethodMapping.java:217] Mapped "{[/api/user/message/received/{userId}],methods=[GET],produces=[application/json]}" onto public java.util.List<mk.ukim.finki.wp.model.Message> mk.ukim.finki.wp.web.UserResource.getInbox(java.lang.Long)
2016-08-11 20:14:12,858 INFO [localhost-startStop-1] o.s.w.s.m.m.a.RequestMappingHandlerMapping [AbstractHandlerMethodMapping.java:217] Mapped "{[/api/user/signup],methods=[POST],produces=[application/json]}" onto public void mk.ukim.finki.wp.web.UserResource.signUpUser(java.lang.String,java.lang.String,java.lang.String,java.lang.String,java.lang.String,java.lang.String)
2016-08-11 20:14:13,428 INFO [localhost-startStop-1] o.s.w.s.m.m.a.RequestMappingHandlerAdapter [RequestMappingHandlerAdapter.java:517] Looking for @ControllerAdvice: WebApplicationContext for namespace 'dispatcherServlet-servlet': startup date [Thu Aug 11 20:14:12 CEST 2016]; parent: Root WebApplicationContext
2016-08-11 20:14:13,508 INFO [localhost-startStop-1] o.s.w.s.m.m.a.RequestMappingHandlerAdapter [RequestMappingHandlerAdapter.java:517] Looking for @ControllerAdvice: WebApplicationContext for namespace 'dispatcherServlet-servlet': startup date [Thu Aug 11 20:14:12 CEST 2016]; parent: Root WebApplicationContext
2016-08-11 20:14:13,611 INFO [localhost-startStop-1] o.s.w.s.h.SimpleUrlHandlerMapping [AbstractUrlHandlerMapping.java:314] Mapped URL path [/resources/**] onto handler 'org.springframework.web.servlet.resource.ResourceHttpRequestHandler#0'
2016-08-11 20:14:13,629 INFO [localhost-startStop-1] o.s.w.s.h.SimpleUrlHandlerMapping [AbstractUrlHandlerMapping.java:301] Root mapping to handler of type [class org.springframework.web.servlet.mvc.ParameterizableViewController]
2016-08-11 20:14:13,642 INFO [localhost-startStop-1] o.s.w.s.h.SimpleUrlHandlerMapping [AbstractUrlHandlerMapping.java:314] Mapped URL path [/**] onto handler 'org.springframework.web.servlet.resource.DefaultServletHttpRequestHandler#0'
2016-08-11 20:14:13,781 INFO [localhost-startStop-1] o.s.w.s.DispatcherServlet [FrameworkServlet.java:504] FrameworkServlet 'dispatcherServlet': initialization completed in 1607 ms
